{"/home/runner/work/my-home-dashboard/my-home-dashboard/packages/fetcher/src/App.ts": {"path":"/home/runner/work/my-home-dashboard/my-home-dashboard/packages/fetcher/src/App.ts","statementMap":{"0":{"start":{"line":1,"column":0},"end":{"line":1,"column":39}},"1":{"start":{"line":2,"column":0},"end":{"line":2,"column":46}},"2":{"start":{"line":3,"column":0},"end":{"line":3,"column":74}},"3":{"start":{"line":4,"column":0},"end":{"line":4,"column":40}},"4":{"start":{"line":5,"column":0},"end":{"line":5,"column":50}},"5":{"start":{"line":8,"column":20},"end":{"line":12,"column":4}},"6":{"start":{"line":13,"column":2},"end":{"line":23,"column":3}},"7":{"start":{"line":14,"column":4},"end":{"line":16,"column":5}},"8":{"start":{"line":15,"column":6},"end":{"line":15,"column":41}},"9":{"start":{"line":17,"column":4},"end":{"line":19,"column":5}},"10":{"start":{"line":18,"column":6},"end":{"line":18,"column":33}},"11":{"start":{"line":20,"column":4},"end":{"line":22,"column":5}},"12":{"start":{"line":21,"column":6},"end":{"line":21,"column":35}},"13":{"start":{"line":24,"column":2},"end":{"line":24,"column":19}},"14":{"start":{"line":27,"column":0},"end":{"line":57,"column":5}},"15":{"start":{"line":27,"column":12},"end":{"line":57,"column":2}},"16":{"start":{"line":28,"column":20},"end":{"line":28,"column":46}},"17":{"start":{"line":29,"column":17},"end":{"line":29,"column":40}},"18":{"start":{"line":31,"column":2},"end":{"line":56,"column":3}},"19":{"start":{"line":32,"column":19},"end":{"line":32,"column":37}},"20":{"start":{"line":33,"column":4},"end":{"line":33,"column":37}},"21":{"start":{"line":35,"column":22},"end":{"line":35,"column":49}},"22":{"start":{"line":37,"column":27},"end":{"line":37,"column":62}},"23":{"start":{"line":38,"column":4},"end":{"line":38,"column":67}},"24":{"start":{"line":40,"column":19},"end":{"line":40,"column":46}},"25":{"start":{"line":41,"column":4},"end":{"line":41,"column":51}},"26":{"start":{"line":43,"column":21},"end":{"line":43,"column":50}},"27":{"start":{"line":44,"column":4},"end":{"line":44,"column":55}},"28":{"start":{"line":46,"column":16},"end":{"line":51,"column":null}},"29":{"start":{"line":53,"column":4},"end":{"line":53,"column":26}},"30":{"start":{"line":55,"column":4},"end":{"line":55,"column":22}}},"fnMap":{"0":{"name":"makeAppParams","decl":{"start":{"line":7,"column":9},"end":{"line":7,"column":22}},"loc":{"start":{"line":7,"column":37},"end":{"line":25,"column":1}}},"1":{"name":"(anonymous_8)","decl":{"start":{"line":27,"column":1},"end":{"line":27,"column":10}},"loc":{"start":{"line":27,"column":12},"end":{"line":57,"column":2}}},"2":{"name":"(anonymous_9)","decl":{"start":{"line":27,"column":12},"end":{"line":27,"column":null}},"loc":{"start":{"line":27,"column":12},"end":{"line":57,"column":1}}}},"branchMap":{"0":{"loc":{"start":{"line":14,"column":4},"end":{"line":16,"column":5}},"type":"if","locations":[{"start":{"line":14,"column":4},"end":{"line":16,"column":5}}]},"1":{"loc":{"start":{"line":17,"column":4},"end":{"line":19,"column":5}},"type":"if","locations":[{"start":{"line":17,"column":4},"end":{"line":19,"column":5}}]},"2":{"loc":{"start":{"line":20,"column":4},"end":{"line":22,"column":5}},"type":"if","locations":[{"start":{"line":20,"column":4},"end":{"line":22,"column":5}}]}},"s":{"0":0,"1":0,"2":0,"3":0,"4":0,"5":0,"6":0,"7":0,"8":0,"9":0,"10":0,"11":0,"12":0,"13":0,"14":0,"15":0,"16":0,"17":0,"18":0,"19":0,"20":0,"21":0,"22":0,"23":0,"24":0,"25":0,"26":0,"27":0,"28":0,"29":0,"30":0},"f":{"0":0,"1":0,"2":0},"b":{"0":[0],"1":[0],"2":[0]}}
,"/home/runner/work/my-home-dashboard/my-home-dashboard/packages/fetcher/src/Env.ts": {"path":"/home/runner/work/my-home-dashboard/my-home-dashboard/packages/fetcher/src/Env.ts","statementMap":{"0":{"start":{"line":2,"column":0},"end":{"line":2,"column":45}},"1":{"start":{"line":3,"column":0},"end":{"line":3,"column":38}},"2":{"start":{"line":13,"column":4},"end":{"line":13,"column":51}},"3":{"start":{"line":14,"column":4},"end":{"line":14,"column":50}},"4":{"start":{"line":15,"column":4},"end":{"line":15,"column":61}},"5":{"start":{"line":16,"column":4},"end":{"line":16,"column":68}},"6":{"start":{"line":17,"column":4},"end":{"line":17,"column":67}},"7":{"start":{"line":5,"column":0},"end":{"line":5,"column":13}},"8":{"start":{"line":30,"column":4},"end":{"line":30,"column":63}},"9":{"start":{"line":31,"column":4},"end":{"line":31,"column":54}},"10":{"start":{"line":32,"column":4},"end":{"line":32,"column":80}},"11":{"start":{"line":33,"column":4},"end":{"line":33,"column":65}},"12":{"start":{"line":34,"column":4},"end":{"line":34,"column":65}},"13":{"start":{"line":35,"column":4},"end":{"line":35,"column":73}},"14":{"start":{"line":21,"column":0},"end":{"line":21,"column":13}},"15":{"start":{"line":44,"column":16},"end":{"line":44,"column":24}},"16":{"start":{"line":45,"column":2},"end":{"line":50,"column":3}},"17":{"start":{"line":46,"column":4},"end":{"line":48,"column":5}},"18":{"start":{"line":47,"column":6},"end":{"line":47,"column":58}},"19":{"start":{"line":49,"column":4},"end":{"line":49,"column":14}},"20":{"start":{"line":51,"column":2},"end":{"line":51,"column":15}},"21":{"start":{"line":55,"column":2},"end":{"line":55,"column":42}},"22":{"start":{"line":59,"column":12},"end":{"line":59,"column":36}},"23":{"start":{"line":60,"column":2},"end":{"line":66,"column":3}},"24":{"start":{"line":61,"column":4},"end":{"line":61,"column":25}},"25":{"start":{"line":63,"column":4},"end":{"line":65,"column":7}}},"fnMap":{"0":{"name":"(anonymous_0)","decl":{"start":{"line":12,"column":2},"end":{"line":12,"column":14}},"loc":{"start":{"line":12,"column":36},"end":{"line":18,"column":3}}},"1":{"name":"(anonymous_1)","decl":{"start":{"line":29,"column":2},"end":{"line":29,"column":14}},"loc":{"start":{"line":29,"column":52},"end":{"line":36,"column":3}}},"2":{"name":"getStringValue","decl":{"start":{"line":39,"column":9},"end":{"line":39,"column":23}},"loc":{"start":{"line":42,"column":26},"end":{"line":52,"column":1}}},"3":{"name":"getNumberValue","decl":{"start":{"line":54,"column":9},"end":{"line":54,"column":23}},"loc":{"start":{"line":54,"column":59},"end":{"line":56,"column":1}}},"4":{"name":"getLogLevel","decl":{"start":{"line":58,"column":9},"end":{"line":58,"column":20}},"loc":{"start":{"line":58,"column":56},"end":{"line":67,"column":1}}}},"branchMap":{"0":{"loc":{"start":{"line":42,"column":2},"end":{"line":42,"column":26}},"type":"default-arg","locations":[{"start":{"line":42,"column":22},"end":{"line":42,"column":26}}]},"1":{"loc":{"start":{"line":45,"column":2},"end":{"line":50,"column":3}},"type":"if","locations":[{"start":{"line":45,"column":2},"end":{"line":50,"column":3}}]},"2":{"loc":{"start":{"line":46,"column":4},"end":{"line":48,"column":5}},"type":"if","locations":[{"start":{"line":46,"column":4},"end":{"line":48,"column":5}}]}},"s":{"0":0,"1":0,"2":0,"3":0,"4":0,"5":0,"6":0,"7":0,"8":0,"9":0,"10":0,"11":0,"12":0,"13":0,"14":0,"15":0,"16":0,"17":0,"18":0,"19":0,"20":0,"21":0,"22":0,"23":0,"24":0,"25":0},"f":{"0":0,"1":0,"2":0,"3":0,"4":0},"b":{"0":[0],"1":[0],"2":[0]}}
,"/home/runner/work/my-home-dashboard/my-home-dashboard/packages/fetcher/src/Logger.ts": {"path":"/home/runner/work/my-home-dashboard/my-home-dashboard/packages/fetcher/src/Logger.ts","statementMap":{"0":{"start":{"line":1,"column":0},"end":{"line":1,"column":63}},"1":{"start":{"line":4,"column":0},"end":{"line":4,"column":39}},"2":{"start":{"line":6,"column":24},"end":{"line":6,"column":76}},"3":{"start":{"line":9,"column":2},"end":{"line":9,"column":46}},"4":{"start":{"line":9,"column":37},"end":{"line":9,"column":44}},"5":{"start":{"line":8,"column":0},"end":{"line":8,"column":16}},"6":{"start":{"line":13,"column":2},"end":{"line":15,"column":3}},"7":{"start":{"line":14,"column":4},"end":{"line":14,"column":28}},"8":{"start":{"line":16,"column":2},"end":{"line":16,"column":80}},"9":{"start":{"line":12,"column":0},"end":{"line":12,"column":16}},"10":{"start":{"line":20,"column":2},"end":{"line":36,"column":5}},"11":{"start":{"line":19,"column":0},"end":{"line":19,"column":16}},"12":{"start":{"line":53,"column":22},"end":{"line":53,"column":24}},"13":{"start":{"line":54,"column":2},"end":{"line":71,"column":3}},"14":{"start":{"line":57,"column":6},"end":{"line":57,"column":24}},"15":{"start":{"line":58,"column":6},"end":{"line":58,"column":12}},"16":{"start":{"line":60,"column":6},"end":{"line":60,"column":24}},"17":{"start":{"line":61,"column":6},"end":{"line":61,"column":12}},"18":{"start":{"line":63,"column":6},"end":{"line":63,"column":24}},"19":{"start":{"line":64,"column":6},"end":{"line":64,"column":12}},"20":{"start":{"line":66,"column":6},"end":{"line":66,"column":24}},"21":{"start":{"line":67,"column":6},"end":{"line":67,"column":12}},"22":{"start":{"line":69,"column":6},"end":{"line":69,"column":24}},"23":{"start":{"line":70,"column":6},"end":{"line":70,"column":12}},"24":{"start":{"line":73,"column":17},"end":{"line":73,"column":19}},"25":{"start":{"line":74,"column":2},"end":{"line":80,"column":3}},"26":{"start":{"line":75,"column":4},"end":{"line":79,"column":7}},"27":{"start":{"line":81,"column":2},"end":{"line":87,"column":3}},"28":{"start":{"line":82,"column":4},"end":{"line":86,"column":7}},"29":{"start":{"line":88,"column":2},"end":{"line":94,"column":3}},"30":{"start":{"line":89,"column":4},"end":{"line":93,"column":7}},"31":{"start":{"line":96,"column":2},"end":{"line":104,"column":4}}},"fnMap":{"0":{"name":"isLogLevelString","decl":{"start":{"line":8,"column":16},"end":{"line":8,"column":32}},"loc":{"start":{"line":8,"column":42},"end":{"line":10,"column":1}}},"1":{"name":"(anonymous_8)","decl":{"start":{"line":9,"column":30},"end":{"line":9,"column":31}},"loc":{"start":{"line":9,"column":37},"end":{"line":9,"column":44}}},"2":{"name":"toLogLevel","decl":{"start":{"line":12,"column":16},"end":{"line":12,"column":26}},"loc":{"start":{"line":12,"column":36},"end":{"line":17,"column":1}}},"3":{"name":"createLogger","decl":{"start":{"line":19,"column":16},"end":{"line":19,"column":28}},"loc":{"start":{"line":19,"column":43},"end":{"line":37,"column":1}}},"4":{"name":"formatSlack","decl":{"start":{"line":49,"column":9},"end":{"line":49,"column":20}},"loc":{"start":{"line":51,"column":27},"end":{"line":105,"column":1}}}},"branchMap":{"0":{"loc":{"start":{"line":13,"column":2},"end":{"line":15,"column":3}},"type":"if","locations":[{"start":{"line":13,"column":2},"end":{"line":15,"column":3}}]},"1":{"loc":{"start":{"line":54,"column":2},"end":{"line":71,"column":3}},"type":"switch","locations":[{"start":{"line":55,"column":4},"end":{"line":55,"column":17}},{"start":{"line":56,"column":4},"end":{"line":58,"column":12}},{"start":{"line":59,"column":4},"end":{"line":61,"column":12}},{"start":{"line":62,"column":4},"end":{"line":64,"column":12}},{"start":{"line":65,"column":4},"end":{"line":67,"column":12}},{"start":{"line":68,"column":4},"end":{"line":70,"column":12}}]},"2":{"loc":{"start":{"line":74,"column":2},"end":{"line":80,"column":3}},"type":"if","locations":[{"start":{"line":74,"column":2},"end":{"line":80,"column":3}}]},"3":{"loc":{"start":{"line":81,"column":2},"end":{"line":87,"column":3}},"type":"if","locations":[{"start":{"line":81,"column":2},"end":{"line":87,"column":3}}]},"4":{"loc":{"start":{"line":88,"column":2},"end":{"line":94,"column":3}},"type":"if","locations":[{"start":{"line":88,"column":2},"end":{"line":94,"column":3}}]},"5":{"loc":{"start":{"line":88,"column":6},"end":{"line":88,"column":23}},"type":"cond-expr","locations":[{"start":{"line":88,"column":16},"end":{"line":88,"column":18}},{"start":{"line":88,"column":16},"end":{"line":88,"column":23}}]},"6":{"loc":{"start":{"line":88,"column":6},"end":{"line":88,"column":18}},"type":"binary-expr","locations":[{"start":{"line":88,"column":6},"end":{"line":88,"column":18}},{"start":{"line":88,"column":16},"end":{"line":88,"column":18}}]}},"s":{"0":0,"1":0,"2":0,"3":0,"4":0,"5":0,"6":0,"7":0,"8":0,"9":0,"10":0,"11":0,"12":0,"13":0,"14":0,"15":0,"16":0,"17":0,"18":0,"19":0,"20":0,"21":0,"22":0,"23":0,"24":0,"25":0,"26":0,"27":0,"28":0,"29":0,"30":0,"31":0},"f":{"0":0,"1":0,"2":0,"3":0,"4":0},"b":{"0":[0],"1":[0,0,0,0,0,0],"2":[0],"3":[0],"4":[0],"5":[0,0],"6":[0,0]}}
,"/home/runner/work/my-home-dashboard/my-home-dashboard/packages/fetcher/src/application/FetchApplication.ts": {"path":"/home/runner/work/my-home-dashboard/my-home-dashboard/packages/fetcher/src/application/FetchApplication.ts","statementMap":{"0":{"start":{"line":1,"column":0},"end":{"line":1,"column":53}},"1":{"start":{"line":2,"column":0},"end":{"line":2,"column":37}},"2":{"start":{"line":3,"column":0},"end":{"line":3,"column":41}},"3":{"start":{"line":4,"column":0},"end":{"line":4,"column":63}},"4":{"start":{"line":5,"column":0},"end":{"line":5,"column":51}},"5":{"start":{"line":8,"column":0},"end":{"line":8,"column":47}},"6":{"start":{"line":9,"column":0},"end":{"line":9,"column":47}},"7":{"start":{"line":10,"column":0},"end":{"line":10,"column":51}},"8":{"start":{"line":33,"column":4},"end":{"line":33,"column":41}},"9":{"start":{"line":34,"column":4},"end":{"line":34,"column":25}},"10":{"start":{"line":35,"column":4},"end":{"line":35,"column":29}},"11":{"start":{"line":36,"column":4},"end":{"line":36,"column":25}},"12":{"start":{"line":37,"column":4},"end":{"line":37,"column":25}},"13":{"start":{"line":41,"column":4},"end":{"line":45,"column":5}},"14":{"start":{"line":42,"column":6},"end":{"line":42,"column":40}},"15":{"start":{"line":44,"column":6},"end":{"line":44,"column":38}},"16":{"start":{"line":47,"column":4},"end":{"line":51,"column":5}},"17":{"start":{"line":48,"column":6},"end":{"line":48,"column":32}},"18":{"start":{"line":50,"column":6},"end":{"line":50,"column":30}},"19":{"start":{"line":53,"column":4},"end":{"line":57,"column":5}},"20":{"start":{"line":54,"column":6},"end":{"line":54,"column":34}},"21":{"start":{"line":56,"column":6},"end":{"line":56,"column":32}},"22":{"start":{"line":61,"column":20},"end":{"line":65,"column":null}},"23":{"start":{"line":68,"column":19},"end":{"line":68,"column":68}},"24":{"start":{"line":70,"column":4},"end":{"line":70,"column":30}},"25":{"start":{"line":74,"column":20},"end":{"line":78,"column":null}},"26":{"start":{"line":81,"column":19},"end":{"line":81,"column":60}},"27":{"start":{"line":83,"column":4},"end":{"line":83,"column":30}},"28":{"start":{"line":87,"column":20},"end":{"line":91,"column":null}},"29":{"start":{"line":94,"column":19},"end":{"line":94,"column":62}},"30":{"start":{"line":96,"column":4},"end":{"line":96,"column":30}},"31":{"start":{"line":19,"column":0},"end":{"line":19,"column":13}}},"fnMap":{"0":{"name":"(anonymous_13)","decl":{"start":{"line":26,"column":2},"end":{"line":26,"column":null}},"loc":{"start":{"line":31,"column":18},"end":{"line":38,"column":3}}},"1":{"name":"(anonymous_14)","decl":{"start":{"line":40,"column":8},"end":{"line":40,"column":11}},"loc":{"start":{"line":40,"column":26},"end":{"line":58,"column":null}}},"2":{"name":"(anonymous_16)","decl":{"start":{"line":60,"column":16},"end":{"line":60,"column":30}},"loc":{"start":{"line":60,"column":51},"end":{"line":71,"column":null}}},"3":{"name":"(anonymous_18)","decl":{"start":{"line":73,"column":16},"end":{"line":73,"column":22}},"loc":{"start":{"line":73,"column":43},"end":{"line":84,"column":null}}},"4":{"name":"(anonymous_20)","decl":{"start":{"line":86,"column":16},"end":{"line":86,"column":24}},"loc":{"start":{"line":86,"column":45},"end":{"line":97,"column":null}}}},"branchMap":{"0":{"loc":{"start":{"line":41,"column":4},"end":{"line":45,"column":5}},"type":"if","locations":[{"start":{"line":41,"column":4},"end":{"line":45,"column":5}},{"start":{"line":43,"column":11},"end":{"line":45,"column":5}}]},"1":{"loc":{"start":{"line":47,"column":4},"end":{"line":51,"column":5}},"type":"if","locations":[{"start":{"line":47,"column":4},"end":{"line":51,"column":5}},{"start":{"line":49,"column":11},"end":{"line":51,"column":5}}]},"2":{"loc":{"start":{"line":53,"column":4},"end":{"line":57,"column":5}},"type":"if","locations":[{"start":{"line":53,"column":4},"end":{"line":57,"column":5}},{"start":{"line":55,"column":11},"end":{"line":57,"column":5}}]}},"s":{"0":0,"1":0,"2":0,"3":0,"4":0,"5":0,"6":0,"7":0,"8":0,"9":0,"10":0,"11":0,"12":0,"13":0,"14":0,"15":0,"16":0,"17":0,"18":0,"19":0,"20":0,"21":0,"22":0,"23":0,"24":0,"25":0,"26":0,"27":0,"28":0,"29":0,"30":0,"31":0},"f":{"0":0,"1":0,"2":0,"3":0,"4":0},"b":{"0":[0,0],"1":[0,0],"2":[0,0]}}
,"/home/runner/work/my-home-dashboard/my-home-dashboard/packages/fetcher/src/domain/Electricity.ts": {"path":"/home/runner/work/my-home-dashboard/my-home-dashboard/packages/fetcher/src/domain/Electricity.ts","statementMap":{"0":{"start":{"line":49,"column":4},"end":{"line":49,"column":19}},"1":{"start":{"line":50,"column":4},"end":{"line":50,"column":27}},"2":{"start":{"line":51,"column":4},"end":{"line":51,"column":33}},"3":{"start":{"line":52,"column":4},"end":{"line":52,"column":31}},"4":{"start":{"line":56,"column":4},"end":{"line":59,"column":7}},"5":{"start":{"line":56,"column":68},"end":{"line":59,"column":6}},"6":{"start":{"line":57,"column":18},"end":{"line":57,"column":28}},"7":{"start":{"line":58,"column":6},"end":{"line":58,"column":43}},"8":{"start":{"line":63,"column":26},"end":{"line":63,"column":65}},"9":{"start":{"line":64,"column":4},"end":{"line":64,"column":75}},"10":{"start":{"line":66,"column":24},"end":{"line":66,"column":61}},"11":{"start":{"line":67,"column":4},"end":{"line":67,"column":71}},"12":{"start":{"line":37,"column":0},"end":{"line":37,"column":13}}},"fnMap":{"0":{"name":"(anonymous_7)","decl":{"start":{"line":43,"column":2},"end":{"line":43,"column":null}},"loc":{"start":{"line":47,"column":24},"end":{"line":53,"column":3}}},"1":{"name":"(anonymous_8)","decl":{"start":{"line":55,"column":8},"end":{"line":55,"column":11}},"loc":{"start":{"line":55,"column":26},"end":{"line":60,"column":null}}},"2":{"name":"(anonymous_10)","decl":{"start":{"line":56,"column":57},"end":{"line":56,"column":66}},"loc":{"start":{"line":56,"column":68},"end":{"line":59,"column":6}}},"3":{"name":"(anonymous_11)","decl":{"start":{"line":56,"column":68},"end":{"line":56,"column":null}},"loc":{"start":{"line":56,"column":68},"end":{"line":59,"column":5}}},"4":{"name":"(anonymous_12)","decl":{"start":{"line":62,"column":16},"end":{"line":62,"column":28}},"loc":{"start":{"line":62,"column":54},"end":{"line":68,"column":null}}}},"branchMap":{},"s":{"0":1,"1":1,"2":1,"3":1,"4":1,"5":1,"6":1,"7":1,"8":1,"9":1,"10":1,"11":1,"12":1},"f":{"0":1,"1":1,"2":1,"3":1,"4":1},"b":{}}
,"/home/runner/work/my-home-dashboard/my-home-dashboard/packages/fetcher/src/domain/Gas.ts": {"path":"/home/runner/work/my-home-dashboard/my-home-dashboard/packages/fetcher/src/domain/Gas.ts","statementMap":{"0":{"start":{"line":34,"column":4},"end":{"line":34,"column":19}},"1":{"start":{"line":35,"column":4},"end":{"line":35,"column":27}},"2":{"start":{"line":36,"column":4},"end":{"line":36,"column":33}},"3":{"start":{"line":37,"column":4},"end":{"line":37,"column":31}},"4":{"start":{"line":41,"column":4},"end":{"line":44,"column":7}},"5":{"start":{"line":41,"column":68},"end":{"line":44,"column":6}},"6":{"start":{"line":42,"column":18},"end":{"line":42,"column":28}},"7":{"start":{"line":43,"column":6},"end":{"line":43,"column":43}},"8":{"start":{"line":48,"column":19},"end":{"line":48,"column":58}},"9":{"start":{"line":49,"column":4},"end":{"line":49,"column":60}},"10":{"start":{"line":22,"column":0},"end":{"line":22,"column":13}}},"fnMap":{"0":{"name":"(anonymous_7)","decl":{"start":{"line":28,"column":2},"end":{"line":28,"column":null}},"loc":{"start":{"line":32,"column":24},"end":{"line":38,"column":3}}},"1":{"name":"(anonymous_8)","decl":{"start":{"line":40,"column":8},"end":{"line":40,"column":11}},"loc":{"start":{"line":40,"column":26},"end":{"line":45,"column":null}}},"2":{"name":"(anonymous_10)","decl":{"start":{"line":41,"column":57},"end":{"line":41,"column":66}},"loc":{"start":{"line":41,"column":68},"end":{"line":44,"column":6}}},"3":{"name":"(anonymous_11)","decl":{"start":{"line":41,"column":68},"end":{"line":41,"column":null}},"loc":{"start":{"line":41,"column":68},"end":{"line":44,"column":5}}},"4":{"name":"(anonymous_12)","decl":{"start":{"line":47,"column":16},"end":{"line":47,"column":28}},"loc":{"start":{"line":47,"column":54},"end":{"line":50,"column":null}}}},"branchMap":{},"s":{"0":1,"1":1,"2":1,"3":1,"4":1,"5":1,"6":1,"7":1,"8":1,"9":1,"10":1},"f":{"0":1,"1":1,"2":1,"3":1,"4":1},"b":{}}
,"/home/runner/work/my-home-dashboard/my-home-dashboard/packages/fetcher/src/domain/Water.ts": {"path":"/home/runner/work/my-home-dashboard/my-home-dashboard/packages/fetcher/src/domain/Water.ts","statementMap":{"0":{"start":{"line":34,"column":4},"end":{"line":34,"column":19}},"1":{"start":{"line":35,"column":4},"end":{"line":35,"column":27}},"2":{"start":{"line":36,"column":4},"end":{"line":36,"column":33}},"3":{"start":{"line":37,"column":4},"end":{"line":37,"column":31}},"4":{"start":{"line":41,"column":4},"end":{"line":44,"column":7}},"5":{"start":{"line":41,"column":68},"end":{"line":44,"column":6}},"6":{"start":{"line":42,"column":18},"end":{"line":42,"column":28}},"7":{"start":{"line":43,"column":6},"end":{"line":43,"column":43}},"8":{"start":{"line":48,"column":19},"end":{"line":48,"column":58}},"9":{"start":{"line":49,"column":4},"end":{"line":49,"column":62}},"10":{"start":{"line":22,"column":0},"end":{"line":22,"column":13}}},"fnMap":{"0":{"name":"(anonymous_7)","decl":{"start":{"line":28,"column":2},"end":{"line":28,"column":null}},"loc":{"start":{"line":32,"column":24},"end":{"line":38,"column":3}}},"1":{"name":"(anonymous_8)","decl":{"start":{"line":40,"column":8},"end":{"line":40,"column":11}},"loc":{"start":{"line":40,"column":26},"end":{"line":45,"column":null}}},"2":{"name":"(anonymous_10)","decl":{"start":{"line":41,"column":57},"end":{"line":41,"column":66}},"loc":{"start":{"line":41,"column":68},"end":{"line":44,"column":6}}},"3":{"name":"(anonymous_11)","decl":{"start":{"line":41,"column":68},"end":{"line":41,"column":null}},"loc":{"start":{"line":41,"column":68},"end":{"line":44,"column":5}}},"4":{"name":"(anonymous_12)","decl":{"start":{"line":47,"column":16},"end":{"line":47,"column":28}},"loc":{"start":{"line":47,"column":54},"end":{"line":50,"column":null}}}},"branchMap":{},"s":{"0":1,"1":1,"2":1,"3":1,"4":1,"5":1,"6":1,"7":1,"8":1,"9":1,"10":1},"f":{"0":1,"1":1,"2":1,"3":1,"4":1},"b":{}}
,"/home/runner/work/my-home-dashboard/my-home-dashboard/packages/fetcher/src/infra/Browser.ts": {"path":"/home/runner/work/my-home-dashboard/my-home-dashboard/packages/fetcher/src/infra/Browser.ts","statementMap":{"0":{"start":{"line":2,"column":0},"end":{"line":2,"column":41}},"1":{"start":{"line":10,"column":18},"end":{"line":13,"column":4}},"2":{"start":{"line":15,"column":2},"end":{"line":19,"column":3}},"3":{"start":{"line":16,"column":4},"end":{"line":16,"column":39}},"4":{"start":{"line":18,"column":4},"end":{"line":18,"column":26}},"5":{"start":{"line":6,"column":0},"end":{"line":6,"column":22}},"6":{"start":{"line":27,"column":4},"end":{"line":27,"column":19}},"7":{"start":{"line":28,"column":4},"end":{"line":28,"column":27}},"8":{"start":{"line":32,"column":17},"end":{"line":32,"column":45}},"9":{"start":{"line":34,"column":4},"end":{"line":43,"column":7}},"10":{"start":{"line":35,"column":6},"end":{"line":42,"column":8}},"11":{"start":{"line":44,"column":4},"end":{"line":53,"column":7}},"12":{"start":{"line":45,"column":21},"end":{"line":45,"column":33}},"13":{"start":{"line":46,"column":6},"end":{"line":52,"column":7}},"14":{"start":{"line":47,"column":8},"end":{"line":51,"column":10}},"15":{"start":{"line":54,"column":4},"end":{"line":56,"column":6}},"16":{"start":{"line":55,"column":6},"end":{"line":55,"column":53}},"17":{"start":{"line":57,"column":4},"end":{"line":57,"column":53}},"18":{"start":{"line":59,"column":4},"end":{"line":59,"column":16}},"19":{"start":{"line":22,"column":0},"end":{"line":22,"column":13}}},"fnMap":{"0":{"name":"withBrowser","decl":{"start":{"line":6,"column":22},"end":{"line":6,"column":33}},"loc":{"start":{"line":8,"column":40},"end":{"line":20,"column":null}}},"1":{"name":"(anonymous_10)","decl":{"start":{"line":26,"column":2},"end":{"line":26,"column":14}},"loc":{"start":{"line":26,"column":51},"end":{"line":29,"column":3}}},"2":{"name":"(anonymous_11)","decl":{"start":{"line":31,"column":8},"end":{"line":31,"column":15}},"loc":{"start":{"line":31,"column":30},"end":{"line":60,"column":null}}},"3":{"name":"(anonymous_13)","decl":{"start":{"line":34,"column":29},"end":{"line":34,"column":30}},"loc":{"start":{"line":34,"column":37},"end":{"line":43,"column":5}}},"4":{"name":"(anonymous_14)","decl":{"start":{"line":44,"column":24},"end":{"line":44,"column":25}},"loc":{"start":{"line":44,"column":32},"end":{"line":53,"column":5}}},"5":{"name":"(anonymous_15)","decl":{"start":{"line":54,"column":23},"end":{"line":54,"column":24}},"loc":{"start":{"line":55,"column":6},"end":{"line":55,"column":53}}}},"branchMap":{"0":{"loc":{"start":{"line":37,"column":17},"end":{"line":37,"column":41}},"type":"cond-expr","locations":[{"start":{"line":37,"column":30},"end":{"line":37,"column":32}},{"start":{"line":37,"column":30},"end":{"line":37,"column":41}}]},"1":{"loc":{"start":{"line":37,"column":17},"end":{"line":37,"column":32}},"type":"binary-expr","locations":[{"start":{"line":37,"column":17},"end":{"line":37,"column":32}},{"start":{"line":37,"column":30},"end":{"line":37,"column":32}}]},"2":{"loc":{"start":{"line":46,"column":6},"end":{"line":52,"column":7}},"type":"if","locations":[{"start":{"line":46,"column":6},"end":{"line":52,"column":7}}]}},"s":{"0":0,"1":0,"2":0,"3":0,"4":0,"5":0,"6":0,"7":0,"8":0,"9":0,"10":0,"11":0,"12":0,"13":0,"14":0,"15":0,"16":0,"17":0,"18":0,"19":0},"f":{"0":0,"1":0,"2":0,"3":0,"4":0,"5":0},"b":{"0":[0,0],"1":[0,0],"2":[0]}}
,"/home/runner/work/my-home-dashboard/my-home-dashboard/packages/fetcher/src/infra/BrowserPage.ts": {"path":"/home/runner/work/my-home-dashboard/my-home-dashboard/packages/fetcher/src/infra/BrowserPage.ts","statementMap":{"0":{"start":{"line":3,"column":0},"end":{"line":3,"column":24}},"1":{"start":{"line":11,"column":10},"end":{"line":11,"column":27}},"2":{"start":{"line":19,"column":4},"end":{"line":19,"column":19}},"3":{"start":{"line":20,"column":4},"end":{"line":20,"column":25}},"4":{"start":{"line":21,"column":4},"end":{"line":21,"column":45}},"5":{"start":{"line":22,"column":4},"end":{"line":22,"column":45}},"6":{"start":{"line":26,"column":19},"end":{"line":26,"column":65}},"7":{"start":{"line":27,"column":21},"end":{"line":27,"column":64}},"8":{"start":{"line":28,"column":21},"end":{"line":32,"column":null}},"9":{"start":{"line":34,"column":4},"end":{"line":37,"column":7}},"10":{"start":{"line":38,"column":4},"end":{"line":38,"column":24}},"11":{"start":{"line":42,"column":16},"end":{"line":42,"column":26}},"12":{"start":{"line":43,"column":17},"end":{"line":43,"column":34}},"13":{"start":{"line":44,"column":18},"end":{"line":44,"column":61}},"14":{"start":{"line":45,"column":16},"end":{"line":45,"column":54}},"15":{"start":{"line":46,"column":18},"end":{"line":46,"column":57}},"16":{"start":{"line":47,"column":20},"end":{"line":47,"column":61}},"17":{"start":{"line":48,"column":20},"end":{"line":48,"column":61}},"18":{"start":{"line":50,"column":21},"end":{"line":50,"column":83}},"19":{"start":{"line":52,"column":4},"end":{"line":52,"column":36}},"20":{"start":{"line":5,"column":0},"end":{"line":5,"column":13}}},"fnMap":{"0":{"name":"(anonymous_8)","decl":{"start":{"line":13,"column":2},"end":{"line":13,"column":null}},"loc":{"start":{"line":17,"column":28},"end":{"line":23,"column":3}}},"1":{"name":"(anonymous_9)","decl":{"start":{"line":25,"column":8},"end":{"line":25,"column":18}},"loc":{"start":{"line":25,"column":52},"end":{"line":39,"column":null}}},"2":{"name":"(anonymous_11)","decl":{"start":{"line":41,"column":8},"end":{"line":41,"column":26}},"loc":{"start":{"line":41,"column":46},"end":{"line":53,"column":null}}}},"branchMap":{"0":{"loc":{"start":{"line":25,"column":33},"end":{"line":25,"column":52}},"type":"default-arg","locations":[{"start":{"line":25,"column":50},"end":{"line":25,"column":52}}]},"1":{"loc":{"start":{"line":41,"column":27},"end":{"line":41,"column":46}},"type":"default-arg","locations":[{"start":{"line":41,"column":44},"end":{"line":41,"column":46}}]}},"s":{"0":0,"1":0,"2":0,"3":0,"4":0,"5":0,"6":0,"7":0,"8":0,"9":0,"10":0,"11":0,"12":0,"13":0,"14":0,"15":0,"16":0,"17":0,"18":0,"19":0,"20":0},"f":{"0":0,"1":0,"2":0},"b":{"0":[0],"1":[0]}}
,"/home/runner/work/my-home-dashboard/my-home-dashboard/packages/fetcher/src/infra/ElectricityClient.ts": {"path":"/home/runner/work/my-home-dashboard/my-home-dashboard/packages/fetcher/src/infra/ElectricityClient.ts","statementMap":{"0":{"start":{"line":4,"column":0},"end":{"line":4,"column":49}},"1":{"start":{"line":5,"column":0},"end":{"line":5,"column":44}},"2":{"start":{"line":6,"column":0},"end":{"line":6,"column":41}},"3":{"start":{"line":12,"column":4},"end":{"line":12,"column":19}},"4":{"start":{"line":16,"column":19},"end":{"line":16,"column":58}},"5":{"start":{"line":18,"column":4},"end":{"line":18,"column":39}},"6":{"start":{"line":19,"column":38},"end":{"line":19,"column":40}},"7":{"start":{"line":20,"column":31},"end":{"line":20,"column":32}},"8":{"start":{"line":21,"column":4},"end":{"line":57,"column":5}},"9":{"start":{"line":22,"column":6},"end":{"line":54,"column":9}},"10":{"start":{"line":22,"column":76},"end":{"line":54,"column":8}},"11":{"start":{"line":23,"column":21},"end":{"line":27,"column":null}},"12":{"start":{"line":31,"column":8},"end":{"line":31,"column":39}},"13":{"start":{"line":34,"column":8},"end":{"line":34,"column":41}},"14":{"start":{"line":35,"column":8},"end":{"line":39,"column":19}},"15":{"start":{"line":42,"column":8},"end":{"line":44,"column":10}},"16":{"start":{"line":47,"column":8},"end":{"line":47,"column":47}},"17":{"start":{"line":48,"column":8},"end":{"line":48,"column":59}},"18":{"start":{"line":51,"column":8},"end":{"line":53,"column":10}},"19":{"start":{"line":56,"column":6},"end":{"line":56,"column":39}},"20":{"start":{"line":58,"column":4},"end":{"line":58,"column":18}},"21":{"start":{"line":62,"column":19},"end":{"line":62,"column":56}},"22":{"start":{"line":64,"column":4},"end":{"line":64,"column":37}},"23":{"start":{"line":65,"column":36},"end":{"line":65,"column":38}},"24":{"start":{"line":66,"column":4},"end":{"line":104,"column":5}},"25":{"start":{"line":67,"column":6},"end":{"line":101,"column":9}},"26":{"start":{"line":67,"column":76},"end":{"line":101,"column":8}},"27":{"start":{"line":68,"column":21},"end":{"line":72,"column":null}},"28":{"start":{"line":75,"column":8},"end":{"line":100,"column":9}},"29":{"start":{"line":77,"column":10},"end":{"line":77,"column":41}},"30":{"start":{"line":80,"column":10},"end":{"line":80,"column":43}},"31":{"start":{"line":81,"column":10},"end":{"line":85,"column":21}},"32":{"start":{"line":88,"column":10},"end":{"line":88,"column":47}},"33":{"start":{"line":89,"column":10},"end":{"line":89,"column":59}},"34":{"start":{"line":92,"column":10},"end":{"line":96,"column":12}},"35":{"start":{"line":98,"column":10},"end":{"line":98,"column":42}},"36":{"start":{"line":99,"column":10},"end":{"line":99,"column":20}},"37":{"start":{"line":103,"column":6},"end":{"line":103,"column":37}},"38":{"start":{"line":105,"column":4},"end":{"line":105,"column":18}},"39":{"start":{"line":110,"column":4},"end":{"line":110,"column":35}},"40":{"start":{"line":111,"column":4},"end":{"line":111,"column":48}},"41":{"start":{"line":112,"column":4},"end":{"line":112,"column":44}},"42":{"start":{"line":115,"column":4},"end":{"line":115,"column":41}},"43":{"start":{"line":116,"column":4},"end":{"line":116,"column":61}},"44":{"start":{"line":117,"column":4},"end":{"line":117,"column":73}},"45":{"start":{"line":118,"column":4},"end":{"line":118,"column":55}},"46":{"start":{"line":120,"column":4},"end":{"line":120,"column":38}},"47":{"start":{"line":121,"column":4},"end":{"line":124,"column":15}},"48":{"start":{"line":126,"column":4},"end":{"line":126,"column":45}},"49":{"start":{"line":127,"column":4},"end":{"line":127,"column":56}},"50":{"start":{"line":128,"column":4},"end":{"line":128,"column":42}},"51":{"start":{"line":136,"column":4},"end":{"line":136,"column":50}},"52":{"start":{"line":137,"column":19},"end":{"line":138,"column":null}},"53":{"start":{"line":140,"column":4},"end":{"line":140,"column":27}},"54":{"start":{"line":141,"column":4},"end":{"line":141,"column":42}},"55":{"start":{"line":143,"column":4},"end":{"line":143,"column":39}},"56":{"start":{"line":144,"column":17},"end":{"line":144,"column":51}},"57":{"start":{"line":146,"column":40},"end":{"line":146,"column":42}},"58":{"start":{"line":147,"column":4},"end":{"line":160,"column":5}},"59":{"start":{"line":147,"column":17},"end":{"line":147,"column":18}},"60":{"start":{"line":148,"column":6},"end":{"line":150,"column":7}},"61":{"start":{"line":149,"column":8},"end":{"line":149,"column":17}},"62":{"start":{"line":151,"column":22},"end":{"line":151,"column":53}},"63":{"start":{"line":152,"column":24},"end":{"line":152,"column":69}},"64":{"start":{"line":153,"column":6},"end":{"line":159,"column":9}},"65":{"start":{"line":161,"column":4},"end":{"line":161,"column":18}},"66":{"start":{"line":169,"column":4},"end":{"line":169,"column":50}},"67":{"start":{"line":170,"column":4},"end":{"line":170,"column":59}},"68":{"start":{"line":171,"column":4},"end":{"line":171,"column":42}},"69":{"start":{"line":173,"column":4},"end":{"line":173,"column":38}},"70":{"start":{"line":174,"column":26},"end":{"line":178,"column":27}},"71":{"start":{"line":179,"column":21},"end":{"line":179,"column":58}},"72":{"start":{"line":180,"column":22},"end":{"line":180,"column":56}},"73":{"start":{"line":182,"column":20},"end":{"line":182,"column":56}},"74":{"start":{"line":183,"column":4},"end":{"line":183,"column":45}},"75":{"start":{"line":185,"column":21},"end":{"line":188,"column":null}},"76":{"start":{"line":190,"column":16},"end":{"line":193,"column":null}},"77":{"start":{"line":195,"column":16},"end":{"line":200,"column":null}},"78":{"start":{"line":203,"column":4},"end":{"line":209,"column":6}},"79":{"start":{"line":217,"column":4},"end":{"line":217,"column":49}},"80":{"start":{"line":218,"column":18},"end":{"line":218,"column":65}},"81":{"start":{"line":219,"column":4},"end":{"line":219,"column":42}},"82":{"start":{"line":221,"column":4},"end":{"line":221,"column":38}},"83":{"start":{"line":224,"column":18},"end":{"line":224,"column":62}},"84":{"start":{"line":225,"column":22},"end":{"line":225,"column":75}},"85":{"start":{"line":226,"column":4},"end":{"line":226,"column":66}},"86":{"start":{"line":228,"column":18},"end":{"line":228,"column":61}},"87":{"start":{"line":229,"column":17},"end":{"line":229,"column":50}},"88":{"start":{"line":230,"column":21},"end":{"line":230,"column":39}},"89":{"start":{"line":231,"column":4},"end":{"line":231,"column":57}},"90":{"start":{"line":233,"column":38},"end":{"line":233,"column":40}},"91":{"start":{"line":234,"column":15},"end":{"line":234,"column":24}},"92":{"start":{"line":235,"column":4},"end":{"line":269,"column":5}},"93":{"start":{"line":235,"column":17},"end":{"line":235,"column":18}},"94":{"start":{"line":236,"column":6},"end":{"line":238,"column":7}},"95":{"start":{"line":237,"column":8},"end":{"line":237,"column":17}},"96":{"start":{"line":239,"column":22},"end":{"line":239,"column":53}},"97":{"start":{"line":240,"column":6},"end":{"line":242,"column":7}},"98":{"start":{"line":241,"column":8},"end":{"line":241,"column":17}},"99":{"start":{"line":244,"column":22},"end":{"line":244,"column":54}},"100":{"start":{"line":245,"column":20},"end":{"line":245,"column":76}},"101":{"start":{"line":246,"column":19},"end":{"line":246,"column":75}},"102":{"start":{"line":248,"column":24},"end":{"line":250,"column":15}},"103":{"start":{"line":251,"column":6},"end":{"line":253,"column":7}},"104":{"start":{"line":252,"column":8},"end":{"line":252,"column":17}},"105":{"start":{"line":254,"column":21},"end":{"line":254,"column":38}},"106":{"start":{"line":256,"column":37},"end":{"line":261,"column":8}},"107":{"start":{"line":262,"column":6},"end":{"line":262,"column":39}},"108":{"start":{"line":264,"column":6},"end":{"line":264,"column":25}},"109":{"start":{"line":266,"column":6},"end":{"line":268,"column":7}},"110":{"start":{"line":267,"column":8},"end":{"line":267,"column":15}},"111":{"start":{"line":270,"column":4},"end":{"line":270,"column":18}},"112":{"start":{"line":8,"column":0},"end":{"line":8,"column":13}}},"fnMap":{"0":{"name":"(anonymous_7)","decl":{"start":{"line":11,"column":2},"end":{"line":11,"column":14}},"loc":{"start":{"line":11,"column":22},"end":{"line":13,"column":3}}},"1":{"name":"(anonymous_8)","decl":{"start":{"line":15,"column":8},"end":{"line":15,"column":20}},"loc":{"start":{"line":15,"column":41},"end":{"line":59,"column":null}}},"2":{"name":"(anonymous_10)","decl":{"start":{"line":22,"column":34},"end":{"line":22,"column":41}},"loc":{"start":{"line":22,"column":76},"end":{"line":54,"column":8}}},"3":{"name":"(anonymous_11)","decl":{"start":{"line":22,"column":76},"end":{"line":22,"column":null}},"loc":{"start":{"line":22,"column":76},"end":{"line":54,"column":7}}},"4":{"name":"(anonymous_12)","decl":{"start":{"line":61,"column":8},"end":{"line":61,"column":18}},"loc":{"start":{"line":61,"column":39},"end":{"line":106,"column":null}}},"5":{"name":"(anonymous_14)","decl":{"start":{"line":67,"column":34},"end":{"line":67,"column":41}},"loc":{"start":{"line":67,"column":76},"end":{"line":101,"column":8}}},"6":{"name":"(anonymous_15)","decl":{"start":{"line":67,"column":76},"end":{"line":67,"column":null}},"loc":{"start":{"line":67,"column":76},"end":{"line":101,"column":7}}},"7":{"name":"(anonymous_16)","decl":{"start":{"line":108,"column":16},"end":{"line":108,"column":21}},"loc":{"start":{"line":108,"column":55},"end":{"line":129,"column":null}}},"8":{"name":"(anonymous_18)","decl":{"start":{"line":131,"column":16},"end":{"line":131,"column":33}},"loc":{"start":{"line":134,"column":26},"end":{"line":162,"column":null}}},"9":{"name":"(anonymous_20)","decl":{"start":{"line":164,"column":16},"end":{"line":164,"column":32}},"loc":{"start":{"line":167,"column":26},"end":{"line":210,"column":null}}},"10":{"name":"(anonymous_22)","decl":{"start":{"line":212,"column":16},"end":{"line":212,"column":32}},"loc":{"start":{"line":215,"column":26},"end":{"line":307,"column":null}}}},"branchMap":{"0":{"loc":{"start":{"line":147,"column":31},"end":{"line":147,"column":44}},"type":"cond-expr","locations":[{"start":{"line":147,"column":35},"end":{"line":147,"column":37}},{"start":{"line":147,"column":31},"end":{"line":147,"column":44}}]},"1":{"loc":{"start":{"line":147,"column":31},"end":{"line":147,"column":37}},"type":"binary-expr","locations":[{"start":{"line":147,"column":31},"end":{"line":147,"column":37}},{"start":{"line":147,"column":31},"end":{"line":147,"column":37}}]},"2":{"loc":{"start":{"line":148,"column":6},"end":{"line":150,"column":7}},"type":"if","locations":[{"start":{"line":148,"column":6},"end":{"line":150,"column":7}}]},"3":{"loc":{"start":{"line":236,"column":6},"end":{"line":238,"column":7}},"type":"if","locations":[{"start":{"line":236,"column":6},"end":{"line":238,"column":7}}]},"4":{"loc":{"start":{"line":240,"column":6},"end":{"line":242,"column":7}},"type":"if","locations":[{"start":{"line":240,"column":6},"end":{"line":242,"column":7}}]},"5":{"loc":{"start":{"line":251,"column":6},"end":{"line":253,"column":7}},"type":"if","locations":[{"start":{"line":251,"column":6},"end":{"line":253,"column":7}}]},"6":{"loc":{"start":{"line":266,"column":6},"end":{"line":268,"column":7}},"type":"if","locations":[{"start":{"line":266,"column":6},"end":{"line":268,"column":7}}]},"7":{"loc":{"start":{"line":266,"column":10},"end":{"line":266,"column":35}},"type":"binary-expr","locations":[{"start":{"line":266,"column":10},"end":{"line":266,"column":21}},{"start":{"line":266,"column":25},"end":{"line":266,"column":35}}]}},"s":{"0":0,"1":0,"2":0,"3":0,"4":0,"5":0,"6":0,"7":0,"8":0,"9":0,"10":0,"11":0,"12":0,"13":0,"14":0,"15":0,"16":0,"17":0,"18":0,"19":0,"20":0,"21":0,"22":0,"23":0,"24":0,"25":0,"26":0,"27":0,"28":0,"29":0,"30":0,"31":0,"32":0,"33":0,"34":0,"35":0,"36":0,"37":0,"38":0,"39":0,"40":0,"41":0,"42":0,"43":0,"44":0,"45":0,"46":0,"47":0,"48":0,"49":0,"50":0,"51":0,"52":0,"53":0,"54":0,"55":0,"56":0,"57":0,"58":0,"59":0,"60":0,"61":0,"62":0,"63":0,"64":0,"65":0,"66":0,"67":0,"68":0,"69":0,"70":0,"71":0,"72":0,"73":0,"74":0,"75":0,"76":0,"77":0,"78":0,"79":0,"80":0,"81":0,"82":0,"83":0,"84":0,"85":0,"86":0,"87":0,"88":0,"89":0,"90":0,"91":0,"92":0,"93":0,"94":0,"95":0,"96":0,"97":0,"98":0,"99":0,"100":0,"101":0,"102":0,"103":0,"104":0,"105":0,"106":0,"107":0,"108":0,"109":0,"110":0,"111":0,"112":0},"f":{"0":0,"1":0,"2":0,"3":0,"4":0,"5":0,"6":0,"7":0,"8":0,"9":0,"10":0},"b":{"0":[0,0],"1":[0,0],"2":[0],"3":[0],"4":[0],"5":[0],"6":[0],"7":[0,0]}}
,"/home/runner/work/my-home-dashboard/my-home-dashboard/packages/fetcher/src/infra/GasClient.ts": {"path":"/home/runner/work/my-home-dashboard/my-home-dashboard/packages/fetcher/src/infra/GasClient.ts","statementMap":{"0":{"start":{"line":1,"column":0},"end":{"line":1,"column":24}},"1":{"start":{"line":3,"column":0},"end":{"line":3,"column":49}},"2":{"start":{"line":12,"column":4},"end":{"line":12,"column":19}},"3":{"start":{"line":16,"column":4},"end":{"line":16,"column":31}},"4":{"start":{"line":17,"column":38},"end":{"line":17,"column":40}},"5":{"start":{"line":18,"column":4},"end":{"line":65,"column":5}},"6":{"start":{"line":19,"column":6},"end":{"line":62,"column":9}},"7":{"start":{"line":19,"column":76},"end":{"line":62,"column":8}},"8":{"start":{"line":20,"column":21},"end":{"line":20,"column":50}},"9":{"start":{"line":23,"column":8},"end":{"line":23,"column":39}},"10":{"start":{"line":24,"column":8},"end":{"line":24,"column":43}},"11":{"start":{"line":25,"column":8},"end":{"line":25,"column":69}},"12":{"start":{"line":26,"column":8},"end":{"line":29,"column":11}},"13":{"start":{"line":32,"column":8},"end":{"line":32,"column":45}},"14":{"start":{"line":33,"column":8},"end":{"line":35,"column":31}},"15":{"start":{"line":36,"column":8},"end":{"line":38,"column":43}},"16":{"start":{"line":39,"column":8},"end":{"line":42,"column":11}},"17":{"start":{"line":43,"column":8},"end":{"line":43,"column":42}},"18":{"start":{"line":44,"column":8},"end":{"line":44,"column":68}},"19":{"start":{"line":45,"column":8},"end":{"line":45,"column":49}},"20":{"start":{"line":46,"column":8},"end":{"line":46,"column":54}},"21":{"start":{"line":47,"column":8},"end":{"line":50,"column":11}},"22":{"start":{"line":53,"column":20},"end":{"line":53,"column":30}},"23":{"start":{"line":54,"column":8},"end":{"line":61,"column":9}},"24":{"start":{"line":54,"column":31},"end":{"line":54,"column":32}},"25":{"start":{"line":55,"column":10},"end":{"line":58,"column":11}},"26":{"start":{"line":56,"column":12},"end":{"line":56,"column":53}},"27":{"start":{"line":57,"column":12},"end":{"line":57,"column":75}},"28":{"start":{"line":60,"column":10},"end":{"line":60,"column":80}},"29":{"start":{"line":64,"column":6},"end":{"line":64,"column":31}},"30":{"start":{"line":66,"column":4},"end":{"line":66,"column":18}},"31":{"start":{"line":74,"column":4},"end":{"line":74,"column":74}},"32":{"start":{"line":75,"column":17},"end":{"line":78,"column":null}},"33":{"start":{"line":80,"column":18},"end":{"line":81,"column":null}},"34":{"start":{"line":84,"column":6},"end":{"line":93,"column":44}},"35":{"start":{"line":95,"column":6},"end":{"line":104,"column":44}},"36":{"start":{"line":105,"column":19},"end":{"line":106,"column":null}},"37":{"start":{"line":108,"column":16},"end":{"line":111,"column":null}},"38":{"start":{"line":114,"column":4},"end":{"line":121,"column":6}},"39":{"start":{"line":125,"column":4},"end":{"line":125,"column":55}},"40":{"start":{"line":8,"column":0},"end":{"line":8,"column":13}}},"fnMap":{"0":{"name":"(anonymous_8)","decl":{"start":{"line":11,"column":2},"end":{"line":11,"column":14}},"loc":{"start":{"line":11,"column":22},"end":{"line":13,"column":3}}},"1":{"name":"(anonymous_9)","decl":{"start":{"line":15,"column":8},"end":{"line":15,"column":20}},"loc":{"start":{"line":15,"column":35},"end":{"line":67,"column":null}}},"2":{"name":"(anonymous_11)","decl":{"start":{"line":19,"column":34},"end":{"line":19,"column":41}},"loc":{"start":{"line":19,"column":76},"end":{"line":62,"column":8}}},"3":{"name":"(anonymous_12)","decl":{"start":{"line":19,"column":76},"end":{"line":19,"column":null}},"loc":{"start":{"line":19,"column":76},"end":{"line":62,"column":7}}},"4":{"name":"(anonymous_13)","decl":{"start":{"line":69,"column":8},"end":{"line":69,"column":26}},"loc":{"start":{"line":72,"column":23},"end":{"line":122,"column":null}}},"5":{"name":"(anonymous_15)","decl":{"start":{"line":124,"column":10},"end":{"line":124,"column":28}},"loc":{"start":{"line":124,"column":45},"end":{"line":126,"column":3}}}},"branchMap":{"0":{"loc":{"start":{"line":55,"column":10},"end":{"line":58,"column":11}},"type":"if","locations":[{"start":{"line":55,"column":10},"end":{"line":58,"column":11}}]}},"s":{"0":0,"1":0,"2":0,"3":0,"4":0,"5":0,"6":0,"7":0,"8":0,"9":0,"10":0,"11":0,"12":0,"13":0,"14":0,"15":0,"16":0,"17":0,"18":0,"19":0,"20":0,"21":0,"22":0,"23":0,"24":0,"25":0,"26":0,"27":0,"28":0,"29":0,"30":0,"31":0,"32":0,"33":0,"34":0,"35":0,"36":0,"37":0,"38":0,"39":0,"40":0},"f":{"0":0,"1":0,"2":0,"3":0,"4":0,"5":0},"b":{"0":[0]}}
,"/home/runner/work/my-home-dashboard/my-home-dashboard/packages/fetcher/src/infra/MySqlClient.ts": {"path":"/home/runner/work/my-home-dashboard/my-home-dashboard/packages/fetcher/src/infra/MySqlClient.ts","statementMap":{"0":{"start":{"line":10,"column":4},"end":{"line":10,"column":25}},"1":{"start":{"line":17,"column":4},"end":{"line":39,"column":5}},"2":{"start":{"line":18,"column":6},"end":{"line":38,"column":9}},"3":{"start":{"line":46,"column":4},"end":{"line":66,"column":5}},"4":{"start":{"line":47,"column":6},"end":{"line":65,"column":9}},"5":{"start":{"line":73,"column":4},"end":{"line":97,"column":5}},"6":{"start":{"line":74,"column":6},"end":{"line":96,"column":9}},"7":{"start":{"line":104,"column":4},"end":{"line":132,"column":5}},"8":{"start":{"line":105,"column":6},"end":{"line":107,"column":7}},"9":{"start":{"line":106,"column":8},"end":{"line":106,"column":17}},"10":{"start":{"line":109,"column":6},"end":{"line":131,"column":9}},"11":{"start":{"line":6,"column":0},"end":{"line":6,"column":13}}},"fnMap":{"0":{"name":"(anonymous_7)","decl":{"start":{"line":9,"column":2},"end":{"line":9,"column":14}},"loc":{"start":{"line":9,"column":34},"end":{"line":11,"column":3}}},"1":{"name":"(anonymous_8)","decl":{"start":{"line":13,"column":8},"end":{"line":13,"column":36}},"loc":{"start":{"line":15,"column":13},"end":{"line":40,"column":null}}},"2":{"name":"(anonymous_10)","decl":{"start":{"line":42,"column":8},"end":{"line":42,"column":34}},"loc":{"start":{"line":44,"column":13},"end":{"line":67,"column":null}}},"3":{"name":"(anonymous_12)","decl":{"start":{"line":69,"column":8},"end":{"line":69,"column":28}},"loc":{"start":{"line":71,"column":13},"end":{"line":98,"column":null}}},"4":{"name":"(anonymous_14)","decl":{"start":{"line":100,"column":8},"end":{"line":100,"column":30}},"loc":{"start":{"line":102,"column":13},"end":{"line":133,"column":null}}}},"branchMap":{"0":{"loc":{"start":{"line":105,"column":6},"end":{"line":107,"column":7}},"type":"if","locations":[{"start":{"line":105,"column":6},"end":{"line":107,"column":7}}]}},"s":{"0":0,"1":0,"2":0,"3":0,"4":0,"5":0,"6":0,"7":0,"8":0,"9":0,"10":0,"11":0},"f":{"0":0,"1":0,"2":0,"3":0,"4":0},"b":{"0":[0]}}
,"/home/runner/work/my-home-dashboard/my-home-dashboard/packages/fetcher/src/infra/Scheduler.ts": {"path":"/home/runner/work/my-home-dashboard/my-home-dashboard/packages/fetcher/src/infra/Scheduler.ts","statementMap":{"0":{"start":{"line":2,"column":0},"end":{"line":2,"column":34}},"1":{"start":{"line":6,"column":4},"end":{"line":28,"column":5}},"2":{"start":{"line":7,"column":6},"end":{"line":7,"column":74}},"3":{"start":{"line":8,"column":6},"end":{"line":12,"column":7}},"4":{"start":{"line":9,"column":8},"end":{"line":9,"column":18}},"5":{"start":{"line":11,"column":8},"end":{"line":11,"column":26}},"6":{"start":{"line":14,"column":6},"end":{"line":14,"column":57}},"7":{"start":{"line":15,"column":6},"end":{"line":27,"column":8}},"8":{"start":{"line":17,"column":19},"end":{"line":23,"column":null}},"9":{"start":{"line":18,"column":10},"end":{"line":22,"column":11}},"10":{"start":{"line":19,"column":12},"end":{"line":19,"column":22}},"11":{"start":{"line":21,"column":12},"end":{"line":21,"column":30}},"12":{"start":{"line":4,"column":0},"end":{"line":4,"column":13}}},"fnMap":{"0":{"name":"(anonymous_13)","decl":{"start":{"line":5,"column":8},"end":{"line":5,"column":16}},"loc":{"start":{"line":5,"column":74},"end":{"line":29,"column":null}}},"1":{"name":"(anonymous_15)","decl":{"start":{"line":17,"column":8},"end":{"line":17,"column":17}},"loc":{"start":{"line":17,"column":19},"end":{"line":23,"column":null}}},"2":{"name":"(anonymous_16)","decl":{"start":{"line":17,"column":19},"end":{"line":17,"column":null}},"loc":{"start":{"line":17,"column":19},"end":{"line":23,"column":9}}}},"branchMap":{"0":{"loc":{"start":{"line":6,"column":4},"end":{"line":28,"column":5}},"type":"if","locations":[{"start":{"line":6,"column":4},"end":{"line":28,"column":5}},{"start":{"line":13,"column":11},"end":{"line":28,"column":5}}]}},"s":{"0":0,"1":0,"2":0,"3":0,"4":0,"5":0,"6":0,"7":0,"8":0,"9":0,"10":0,"11":0,"12":0},"f":{"0":0,"1":0,"2":0},"b":{"0":[0,0]}}
,"/home/runner/work/my-home-dashboard/my-home-dashboard/packages/fetcher/src/infra/ScrapeUtils.ts": {"path":"/home/runner/work/my-home-dashboard/my-home-dashboard/packages/fetcher/src/infra/ScrapeUtils.ts","statementMap":{"0":{"start":{"line":9,"column":18},"end":{"line":9,"column":31}},"1":{"start":{"line":10,"column":2},"end":{"line":12,"column":3}},"2":{"start":{"line":11,"column":4},"end":{"line":11,"column":62}},"3":{"start":{"line":13,"column":2},"end":{"line":17,"column":3}},"4":{"start":{"line":14,"column":4},"end":{"line":16,"column":6}},"5":{"start":{"line":18,"column":2},"end":{"line":18,"column":20}},"6":{"start":{"line":8,"column":0},"end":{"line":8,"column":16}}},"fnMap":{"0":{"name":"nthMatch","decl":{"start":{"line":8,"column":16},"end":{"line":8,"column":24}},"loc":{"start":{"line":8,"column":59},"end":{"line":19,"column":1}}}},"branchMap":{"0":{"loc":{"start":{"line":10,"column":2},"end":{"line":12,"column":3}},"type":"if","locations":[{"start":{"line":10,"column":2},"end":{"line":12,"column":3}}]},"1":{"loc":{"start":{"line":13,"column":2},"end":{"line":17,"column":3}},"type":"if","locations":[{"start":{"line":13,"column":2},"end":{"line":17,"column":3}}]}},"s":{"0":9,"1":9,"2":1,"3":8,"4":1,"5":7,"6":1},"f":{"0":9},"b":{"0":[1],"1":[1]}}
,"/home/runner/work/my-home-dashboard/my-home-dashboard/packages/fetcher/src/infra/WaterClient.ts": {"path":"/home/runner/work/my-home-dashboard/my-home-dashboard/packages/fetcher/src/infra/WaterClient.ts","statementMap":{"0":{"start":{"line":1,"column":0},"end":{"line":1,"column":24}},"1":{"start":{"line":3,"column":0},"end":{"line":3,"column":49}},"2":{"start":{"line":12,"column":4},"end":{"line":12,"column":19}},"3":{"start":{"line":16,"column":4},"end":{"line":16,"column":31}},"4":{"start":{"line":17,"column":38},"end":{"line":17,"column":40}},"5":{"start":{"line":18,"column":4},"end":{"line":63,"column":5}},"6":{"start":{"line":19,"column":6},"end":{"line":60,"column":9}},"7":{"start":{"line":19,"column":76},"end":{"line":60,"column":8}},"8":{"start":{"line":20,"column":21},"end":{"line":20,"column":50}},"9":{"start":{"line":21,"column":8},"end":{"line":59,"column":9}},"10":{"start":{"line":23,"column":10},"end":{"line":23,"column":41}},"11":{"start":{"line":24,"column":10},"end":{"line":24,"column":45}},"12":{"start":{"line":25,"column":10},"end":{"line":25,"column":55}},"13":{"start":{"line":26,"column":10},"end":{"line":29,"column":13}},"14":{"start":{"line":32,"column":10},"end":{"line":32,"column":47}},"15":{"start":{"line":33,"column":10},"end":{"line":33,"column":61}},"16":{"start":{"line":34,"column":10},"end":{"line":34,"column":74}},"17":{"start":{"line":35,"column":10},"end":{"line":38,"column":13}},"18":{"start":{"line":39,"column":10},"end":{"line":39,"column":44}},"19":{"start":{"line":40,"column":10},"end":{"line":42,"column":21}},"20":{"start":{"line":43,"column":10},"end":{"line":43,"column":51}},"21":{"start":{"line":44,"column":10},"end":{"line":44,"column":55}},"22":{"start":{"line":45,"column":10},"end":{"line":48,"column":13}},"23":{"start":{"line":51,"column":22},"end":{"line":51,"column":32}},"24":{"start":{"line":52,"column":10},"end":{"line":52,"column":70}},"25":{"start":{"line":54,"column":10},"end":{"line":57,"column":13}},"26":{"start":{"line":58,"column":10},"end":{"line":58,"column":20}},"27":{"start":{"line":62,"column":6},"end":{"line":62,"column":31}},"28":{"start":{"line":64,"column":4},"end":{"line":64,"column":18}},"29":{"start":{"line":72,"column":4},"end":{"line":72,"column":47}},"30":{"start":{"line":73,"column":19},"end":{"line":73,"column":78}},"31":{"start":{"line":74,"column":24},"end":{"line":74,"column":46}},"32":{"start":{"line":76,"column":40},"end":{"line":76,"column":42}},"33":{"start":{"line":77,"column":4},"end":{"line":118,"column":5}},"34":{"start":{"line":77,"column":17},"end":{"line":77,"column":18}},"35":{"start":{"line":79,"column":25},"end":{"line":79,"column":77}},"36":{"start":{"line":80,"column":22},"end":{"line":80,"column":43}},"37":{"start":{"line":81,"column":19},"end":{"line":81,"column":61}},"38":{"start":{"line":82,"column":20},"end":{"line":82,"column":38}},"39":{"start":{"line":83,"column":18},"end":{"line":83,"column":36}},"40":{"start":{"line":84,"column":26},"end":{"line":84,"column":77}},"41":{"start":{"line":87,"column":21},"end":{"line":88,"column":null}},"42":{"start":{"line":90,"column":18},"end":{"line":91,"column":null}},"43":{"start":{"line":94,"column":6},"end":{"line":102,"column":8}},"44":{"start":{"line":104,"column":20},"end":{"line":104,"column":32}},"45":{"start":{"line":105,"column":6},"end":{"line":108,"column":7}},"46":{"start":{"line":106,"column":8},"end":{"line":106,"column":34}},"47":{"start":{"line":107,"column":8},"end":{"line":107,"column":27}},"48":{"start":{"line":110,"column":6},"end":{"line":117,"column":9}},"49":{"start":{"line":120,"column":4},"end":{"line":120,"column":18}},"50":{"start":{"line":124,"column":4},"end":{"line":124,"column":55}},"51":{"start":{"line":8,"column":0},"end":{"line":8,"column":13}}},"fnMap":{"0":{"name":"(anonymous_8)","decl":{"start":{"line":11,"column":2},"end":{"line":11,"column":14}},"loc":{"start":{"line":11,"column":22},"end":{"line":13,"column":3}}},"1":{"name":"(anonymous_9)","decl":{"start":{"line":15,"column":8},"end":{"line":15,"column":20}},"loc":{"start":{"line":15,"column":35},"end":{"line":65,"column":null}}},"2":{"name":"(anonymous_11)","decl":{"start":{"line":19,"column":34},"end":{"line":19,"column":41}},"loc":{"start":{"line":19,"column":76},"end":{"line":60,"column":8}}},"3":{"name":"(anonymous_12)","decl":{"start":{"line":19,"column":76},"end":{"line":19,"column":null}},"loc":{"start":{"line":19,"column":76},"end":{"line":60,"column":7}}},"4":{"name":"(anonymous_13)","decl":{"start":{"line":67,"column":8},"end":{"line":67,"column":13}},"loc":{"start":{"line":70,"column":13},"end":{"line":121,"column":null}}},"5":{"name":"(anonymous_15)","decl":{"start":{"line":123,"column":10},"end":{"line":123,"column":28}},"loc":{"start":{"line":123,"column":45},"end":{"line":125,"column":3}}}},"branchMap":{"0":{"loc":{"start":{"line":74,"column":30},"end":{"line":74,"column":45}},"type":"cond-expr","locations":[{"start":{"line":74,"column":36},"end":{"line":74,"column":38}},{"start":{"line":74,"column":30},"end":{"line":74,"column":45}}]},"1":{"loc":{"start":{"line":74,"column":30},"end":{"line":74,"column":38}},"type":"binary-expr","locations":[{"start":{"line":74,"column":30},"end":{"line":74,"column":38}},{"start":{"line":74,"column":30},"end":{"line":74,"column":38}}]},"2":{"loc":{"start":{"line":105,"column":6},"end":{"line":108,"column":7}},"type":"if","locations":[{"start":{"line":105,"column":6},"end":{"line":108,"column":7}}]}},"s":{"0":0,"1":0,"2":0,"3":0,"4":0,"5":0,"6":0,"7":0,"8":0,"9":0,"10":0,"11":0,"12":0,"13":0,"14":0,"15":0,"16":0,"17":0,"18":0,"19":0,"20":0,"21":0,"22":0,"23":0,"24":0,"25":0,"26":0,"27":0,"28":0,"29":0,"30":0,"31":0,"32":0,"33":0,"34":0,"35":0,"36":0,"37":0,"38":0,"39":0,"40":0,"41":0,"42":0,"43":0,"44":0,"45":0,"46":0,"47":0,"48":0,"49":0,"50":0,"51":0},"f":{"0":0,"1":0,"2":0,"3":0,"4":0,"5":0},"b":{"0":[0,0],"1":[0,0],"2":[0]}}
}
