{"/home/runner/work/my-home-dashboard/my-home-dashboard/packages/fetcher/src/App.ts": {"path":"/home/runner/work/my-home-dashboard/my-home-dashboard/packages/fetcher/src/App.ts","statementMap":{"0":{"start":{"line":1,"column":0},"end":{"line":1,"column":39}},"1":{"start":{"line":2,"column":0},"end":{"line":2,"column":46}},"2":{"start":{"line":3,"column":0},"end":{"line":3,"column":74}},"3":{"start":{"line":4,"column":0},"end":{"line":4,"column":40}},"4":{"start":{"line":5,"column":0},"end":{"line":5,"column":39}},"5":{"start":{"line":8,"column":20},"end":{"line":12,"column":4}},"6":{"start":{"line":13,"column":2},"end":{"line":23,"column":3}},"7":{"start":{"line":14,"column":4},"end":{"line":16,"column":5}},"8":{"start":{"line":15,"column":6},"end":{"line":15,"column":41}},"9":{"start":{"line":17,"column":4},"end":{"line":19,"column":5}},"10":{"start":{"line":18,"column":6},"end":{"line":18,"column":33}},"11":{"start":{"line":20,"column":4},"end":{"line":22,"column":5}},"12":{"start":{"line":21,"column":6},"end":{"line":21,"column":35}},"13":{"start":{"line":24,"column":2},"end":{"line":24,"column":19}},"14":{"start":{"line":27,"column":0},"end":{"line":58,"column":5}},"15":{"start":{"line":28,"column":20},"end":{"line":28,"column":46}},"16":{"start":{"line":29,"column":17},"end":{"line":29,"column":40}},"17":{"start":{"line":31,"column":2},"end":{"line":57,"column":3}},"18":{"start":{"line":32,"column":19},"end":{"line":32,"column":37}},"19":{"start":{"line":33,"column":4},"end":{"line":33,"column":37}},"20":{"start":{"line":35,"column":22},"end":{"line":35,"column":49}},"21":{"start":{"line":37,"column":27},"end":{"line":37,"column":62}},"22":{"start":{"line":38,"column":4},"end":{"line":38,"column":67}},"23":{"start":{"line":40,"column":19},"end":{"line":40,"column":46}},"24":{"start":{"line":41,"column":4},"end":{"line":41,"column":51}},"25":{"start":{"line":43,"column":21},"end":{"line":43,"column":50}},"26":{"start":{"line":44,"column":4},"end":{"line":44,"column":55}},"27":{"start":{"line":46,"column":16},"end":{"line":52,"column":null}},"28":{"start":{"line":54,"column":4},"end":{"line":54,"column":26}},"29":{"start":{"line":56,"column":4},"end":{"line":56,"column":22}}},"fnMap":{"0":{"name":"makeAppParams","decl":{"start":{"line":7,"column":9},"end":{"line":7,"column":22}},"loc":{"start":{"line":7,"column":37},"end":{"line":25,"column":1}}},"1":{"name":"(anonymous_1)","decl":{"start":{"line":27,"column":1},"end":{"line":27,"column":6}},"loc":{"start":{"line":27,"column":12},"end":{"line":58,"column":1}}}},"branchMap":{"0":{"loc":{"start":{"line":14,"column":4},"end":{"line":16,"column":5}},"type":"if","locations":[{"start":{"line":14,"column":4},"end":{"line":16,"column":5}}]},"1":{"loc":{"start":{"line":17,"column":4},"end":{"line":19,"column":5}},"type":"if","locations":[{"start":{"line":17,"column":4},"end":{"line":19,"column":5}}]},"2":{"loc":{"start":{"line":20,"column":4},"end":{"line":22,"column":5}},"type":"if","locations":[{"start":{"line":20,"column":4},"end":{"line":22,"column":5}}]}},"s":{"0":0,"1":0,"2":0,"3":0,"4":0,"5":0,"6":0,"7":0,"8":0,"9":0,"10":0,"11":0,"12":0,"13":0,"14":0,"15":0,"16":0,"17":0,"18":0,"19":0,"20":0,"21":0,"22":0,"23":0,"24":0,"25":0,"26":0,"27":0,"28":0,"29":0},"f":{"0":0,"1":0},"b":{"0":[0],"1":[0],"2":[0]}}
,"/home/runner/work/my-home-dashboard/my-home-dashboard/packages/fetcher/src/Env.ts": {"path":"/home/runner/work/my-home-dashboard/my-home-dashboard/packages/fetcher/src/Env.ts","statementMap":{"0":{"start":{"line":2,"column":0},"end":{"line":2,"column":35}},"1":{"start":{"line":3,"column":0},"end":{"line":3,"column":38}},"2":{"start":{"line":14,"column":4},"end":{"line":14,"column":51}},"3":{"start":{"line":15,"column":4},"end":{"line":15,"column":50}},"4":{"start":{"line":16,"column":4},"end":{"line":16,"column":61}},"5":{"start":{"line":17,"column":4},"end":{"line":17,"column":68}},"6":{"start":{"line":18,"column":4},"end":{"line":18,"column":67}},"7":{"start":{"line":19,"column":4},"end":{"line":21,"column":6}},"8":{"start":{"line":5,"column":0},"end":{"line":5,"column":13}},"9":{"start":{"line":31,"column":4},"end":{"line":31,"column":63}},"10":{"start":{"line":32,"column":4},"end":{"line":32,"column":65}},"11":{"start":{"line":33,"column":4},"end":{"line":33,"column":73}},"12":{"start":{"line":25,"column":0},"end":{"line":25,"column":13}},"13":{"start":{"line":42,"column":16},"end":{"line":42,"column":24}},"14":{"start":{"line":43,"column":2},"end":{"line":48,"column":3}},"15":{"start":{"line":44,"column":4},"end":{"line":46,"column":5}},"16":{"start":{"line":45,"column":6},"end":{"line":45,"column":58}},"17":{"start":{"line":47,"column":4},"end":{"line":47,"column":14}},"18":{"start":{"line":49,"column":2},"end":{"line":49,"column":15}},"19":{"start":{"line":53,"column":2},"end":{"line":53,"column":42}},"20":{"start":{"line":57,"column":12},"end":{"line":57,"column":36}},"21":{"start":{"line":58,"column":2},"end":{"line":64,"column":3}},"22":{"start":{"line":59,"column":4},"end":{"line":59,"column":25}},"23":{"start":{"line":61,"column":4},"end":{"line":63,"column":7}}},"fnMap":{"0":{"name":"(anonymous_0)","decl":{"start":{"line":13,"column":2},"end":{"line":13,"column":14}},"loc":{"start":{"line":13,"column":36},"end":{"line":22,"column":3}}},"1":{"name":"(anonymous_1)","decl":{"start":{"line":30,"column":2},"end":{"line":30,"column":14}},"loc":{"start":{"line":30,"column":52},"end":{"line":34,"column":3}}},"2":{"name":"getStringValue","decl":{"start":{"line":37,"column":9},"end":{"line":37,"column":23}},"loc":{"start":{"line":40,"column":26},"end":{"line":50,"column":1}}},"3":{"name":"getNumberValue","decl":{"start":{"line":52,"column":9},"end":{"line":52,"column":23}},"loc":{"start":{"line":52,"column":59},"end":{"line":54,"column":1}}},"4":{"name":"getLogLevel","decl":{"start":{"line":56,"column":9},"end":{"line":56,"column":20}},"loc":{"start":{"line":56,"column":56},"end":{"line":65,"column":1}}}},"branchMap":{"0":{"loc":{"start":{"line":40,"column":2},"end":{"line":40,"column":26}},"type":"default-arg","locations":[{"start":{"line":40,"column":22},"end":{"line":40,"column":26}}]},"1":{"loc":{"start":{"line":43,"column":2},"end":{"line":48,"column":3}},"type":"if","locations":[{"start":{"line":43,"column":2},"end":{"line":48,"column":3}}]},"2":{"loc":{"start":{"line":44,"column":4},"end":{"line":46,"column":5}},"type":"if","locations":[{"start":{"line":44,"column":4},"end":{"line":46,"column":5}}]}},"s":{"0":0,"1":0,"2":0,"3":0,"4":0,"5":0,"6":0,"7":0,"8":0,"9":0,"10":0,"11":0,"12":0,"13":0,"14":0,"15":0,"16":0,"17":0,"18":0,"19":0,"20":0,"21":0,"22":0,"23":0},"f":{"0":0,"1":0,"2":0,"3":0,"4":0},"b":{"0":[0],"1":[0],"2":[0]}}
,"/home/runner/work/my-home-dashboard/my-home-dashboard/packages/fetcher/src/Logger.ts": {"path":"/home/runner/work/my-home-dashboard/my-home-dashboard/packages/fetcher/src/Logger.ts","statementMap":{"0":{"start":{"line":8,"column":0},"end":{"line":8,"column":16}},"1":{"start":{"line":12,"column":0},"end":{"line":12,"column":16}},"2":{"start":{"line":19,"column":0},"end":{"line":19,"column":16}},"3":{"start":{"line":1,"column":0},"end":{"line":1,"column":63}},"4":{"start":{"line":4,"column":0},"end":{"line":4,"column":39}},"5":{"start":{"line":6,"column":24},"end":{"line":6,"column":76}},"6":{"start":{"line":9,"column":2},"end":{"line":9,"column":46}},"7":{"start":{"line":9,"column":37},"end":{"line":9,"column":44}},"8":{"start":{"line":13,"column":2},"end":{"line":15,"column":3}},"9":{"start":{"line":14,"column":4},"end":{"line":14,"column":28}},"10":{"start":{"line":16,"column":2},"end":{"line":16,"column":80}},"11":{"start":{"line":20,"column":2},"end":{"line":36,"column":5}},"12":{"start":{"line":53,"column":22},"end":{"line":53,"column":24}},"13":{"start":{"line":54,"column":2},"end":{"line":71,"column":3}},"14":{"start":{"line":57,"column":6},"end":{"line":57,"column":24}},"15":{"start":{"line":58,"column":6},"end":{"line":58,"column":12}},"16":{"start":{"line":60,"column":6},"end":{"line":60,"column":24}},"17":{"start":{"line":61,"column":6},"end":{"line":61,"column":12}},"18":{"start":{"line":63,"column":6},"end":{"line":63,"column":24}},"19":{"start":{"line":64,"column":6},"end":{"line":64,"column":12}},"20":{"start":{"line":66,"column":6},"end":{"line":66,"column":24}},"21":{"start":{"line":67,"column":6},"end":{"line":67,"column":12}},"22":{"start":{"line":69,"column":6},"end":{"line":69,"column":24}},"23":{"start":{"line":70,"column":6},"end":{"line":70,"column":12}},"24":{"start":{"line":73,"column":17},"end":{"line":73,"column":19}},"25":{"start":{"line":74,"column":2},"end":{"line":80,"column":3}},"26":{"start":{"line":75,"column":4},"end":{"line":79,"column":7}},"27":{"start":{"line":81,"column":2},"end":{"line":87,"column":3}},"28":{"start":{"line":82,"column":4},"end":{"line":86,"column":7}},"29":{"start":{"line":88,"column":2},"end":{"line":94,"column":3}},"30":{"start":{"line":89,"column":4},"end":{"line":93,"column":7}},"31":{"start":{"line":96,"column":2},"end":{"line":104,"column":4}}},"fnMap":{"0":{"name":"isLogLevelString","decl":{"start":{"line":8,"column":16},"end":{"line":8,"column":32}},"loc":{"start":{"line":8,"column":42},"end":{"line":10,"column":1}}},"1":{"name":"(anonymous_8)","decl":{"start":{"line":9,"column":30},"end":{"line":9,"column":31}},"loc":{"start":{"line":9,"column":37},"end":{"line":9,"column":44}}},"2":{"name":"toLogLevel","decl":{"start":{"line":12,"column":16},"end":{"line":12,"column":26}},"loc":{"start":{"line":12,"column":36},"end":{"line":17,"column":1}}},"3":{"name":"createLogger","decl":{"start":{"line":19,"column":16},"end":{"line":19,"column":28}},"loc":{"start":{"line":19,"column":43},"end":{"line":37,"column":1}}},"4":{"name":"formatSlack","decl":{"start":{"line":49,"column":9},"end":{"line":49,"column":20}},"loc":{"start":{"line":51,"column":27},"end":{"line":105,"column":1}}}},"branchMap":{"0":{"loc":{"start":{"line":13,"column":2},"end":{"line":15,"column":3}},"type":"if","locations":[{"start":{"line":13,"column":2},"end":{"line":15,"column":3}}]},"1":{"loc":{"start":{"line":54,"column":2},"end":{"line":71,"column":3}},"type":"switch","locations":[{"start":{"line":55,"column":4},"end":{"line":55,"column":17}},{"start":{"line":56,"column":4},"end":{"line":58,"column":12}},{"start":{"line":59,"column":4},"end":{"line":61,"column":12}},{"start":{"line":62,"column":4},"end":{"line":64,"column":12}},{"start":{"line":65,"column":4},"end":{"line":67,"column":12}},{"start":{"line":68,"column":4},"end":{"line":70,"column":12}}]},"2":{"loc":{"start":{"line":74,"column":2},"end":{"line":80,"column":3}},"type":"if","locations":[{"start":{"line":74,"column":2},"end":{"line":80,"column":3}}]},"3":{"loc":{"start":{"line":81,"column":2},"end":{"line":87,"column":3}},"type":"if","locations":[{"start":{"line":81,"column":2},"end":{"line":87,"column":3}}]},"4":{"loc":{"start":{"line":88,"column":2},"end":{"line":94,"column":3}},"type":"if","locations":[{"start":{"line":88,"column":2},"end":{"line":94,"column":3}}]}},"s":{"0":0,"1":0,"2":0,"3":0,"4":0,"5":0,"6":0,"7":0,"8":0,"9":0,"10":0,"11":0,"12":0,"13":0,"14":0,"15":0,"16":0,"17":0,"18":0,"19":0,"20":0,"21":0,"22":0,"23":0,"24":0,"25":0,"26":0,"27":0,"28":0,"29":0,"30":0,"31":0},"f":{"0":0,"1":0,"2":0,"3":0,"4":0},"b":{"0":[0],"1":[0,0,0,0,0,0],"2":[0],"3":[0],"4":[0]}}
,"/home/runner/work/my-home-dashboard/my-home-dashboard/packages/fetcher/src/application/FetchApplication.ts": {"path":"/home/runner/work/my-home-dashboard/my-home-dashboard/packages/fetcher/src/application/FetchApplication.ts","statementMap":{"0":{"start":{"line":1,"column":0},"end":{"line":1,"column":53}},"1":{"start":{"line":2,"column":0},"end":{"line":2,"column":37}},"2":{"start":{"line":3,"column":0},"end":{"line":3,"column":41}},"3":{"start":{"line":4,"column":0},"end":{"line":4,"column":63}},"4":{"start":{"line":5,"column":0},"end":{"line":5,"column":51}},"5":{"start":{"line":8,"column":0},"end":{"line":8,"column":47}},"6":{"start":{"line":9,"column":0},"end":{"line":9,"column":51}},"7":{"start":{"line":34,"column":4},"end":{"line":34,"column":31}},"8":{"start":{"line":35,"column":4},"end":{"line":35,"column":41}},"9":{"start":{"line":36,"column":4},"end":{"line":36,"column":25}},"10":{"start":{"line":37,"column":4},"end":{"line":37,"column":29}},"11":{"start":{"line":38,"column":4},"end":{"line":38,"column":25}},"12":{"start":{"line":40,"column":4},"end":{"line":43,"column":6}},"13":{"start":{"line":47,"column":4},"end":{"line":89,"column":5}},"14":{"start":{"line":48,"column":6},"end":{"line":48,"column":79}},"15":{"start":{"line":50,"column":20},"end":{"line":50,"column":24}},"16":{"start":{"line":51,"column":6},"end":{"line":58,"column":7}},"17":{"start":{"line":52,"column":23},"end":{"line":52,"column":56}},"18":{"start":{"line":53,"column":8},"end":{"line":55,"column":9}},"19":{"start":{"line":54,"column":10},"end":{"line":54,"column":26}},"20":{"start":{"line":57,"column":8},"end":{"line":57,"column":40}},"21":{"start":{"line":60,"column":6},"end":{"line":67,"column":7}},"22":{"start":{"line":61,"column":23},"end":{"line":61,"column":48}},"23":{"start":{"line":62,"column":8},"end":{"line":64,"column":9}},"24":{"start":{"line":63,"column":10},"end":{"line":63,"column":26}},"25":{"start":{"line":66,"column":8},"end":{"line":66,"column":32}},"26":{"start":{"line":69,"column":6},"end":{"line":76,"column":7}},"27":{"start":{"line":70,"column":23},"end":{"line":70,"column":50}},"28":{"start":{"line":71,"column":8},"end":{"line":73,"column":9}},"29":{"start":{"line":72,"column":10},"end":{"line":72,"column":26}},"30":{"start":{"line":75,"column":8},"end":{"line":75,"column":34}},"31":{"start":{"line":78,"column":6},"end":{"line":85,"column":7}},"32":{"start":{"line":79,"column":8},"end":{"line":82,"column":10}},"33":{"start":{"line":84,"column":8},"end":{"line":84,"column":79}},"34":{"start":{"line":87,"column":6},"end":{"line":87,"column":77}},"35":{"start":{"line":88,"column":6},"end":{"line":88,"column":16}},"36":{"start":{"line":93,"column":20},"end":{"line":98,"column":null}},"37":{"start":{"line":101,"column":19},"end":{"line":101,"column":68}},"38":{"start":{"line":103,"column":19},"end":{"line":103,"column":44}},"39":{"start":{"line":104,"column":4},"end":{"line":104,"column":37}},"40":{"start":{"line":108,"column":20},"end":{"line":113,"column":null}},"41":{"start":{"line":116,"column":19},"end":{"line":116,"column":60}},"42":{"start":{"line":118,"column":19},"end":{"line":118,"column":44}},"43":{"start":{"line":119,"column":4},"end":{"line":119,"column":37}},"44":{"start":{"line":123,"column":20},"end":{"line":128,"column":null}},"45":{"start":{"line":131,"column":19},"end":{"line":131,"column":62}},"46":{"start":{"line":133,"column":19},"end":{"line":133,"column":44}},"47":{"start":{"line":134,"column":4},"end":{"line":134,"column":37}},"48":{"start":{"line":18,"column":0},"end":{"line":18,"column":13}}},"fnMap":{"0":{"name":"(anonymous_6)","decl":{"start":{"line":26,"column":2},"end":{"line":26,"column":null}},"loc":{"start":{"line":32,"column":18},"end":{"line":44,"column":3}}},"1":{"name":"(anonymous_7)","decl":{"start":{"line":46,"column":2},"end":{"line":46,"column":7}},"loc":{"start":{"line":46,"column":26},"end":{"line":90,"column":3}}},"2":{"name":"(anonymous_8)","decl":{"start":{"line":92,"column":10},"end":{"line":92,"column":15}},"loc":{"start":{"line":92,"column":51},"end":{"line":105,"column":3}}},"3":{"name":"(anonymous_9)","decl":{"start":{"line":107,"column":10},"end":{"line":107,"column":15}},"loc":{"start":{"line":107,"column":43},"end":{"line":120,"column":3}}},"4":{"name":"(anonymous_10)","decl":{"start":{"line":122,"column":10},"end":{"line":122,"column":15}},"loc":{"start":{"line":122,"column":45},"end":{"line":135,"column":3}}}},"branchMap":{"0":{"loc":{"start":{"line":51,"column":6},"end":{"line":58,"column":7}},"type":"if","locations":[{"start":{"line":51,"column":6},"end":{"line":58,"column":7}},{"start":{"line":56,"column":13},"end":{"line":58,"column":7}}]},"1":{"loc":{"start":{"line":53,"column":8},"end":{"line":55,"column":9}},"type":"if","locations":[{"start":{"line":53,"column":8},"end":{"line":55,"column":9}}]},"2":{"loc":{"start":{"line":60,"column":6},"end":{"line":67,"column":7}},"type":"if","locations":[{"start":{"line":60,"column":6},"end":{"line":67,"column":7}},{"start":{"line":65,"column":13},"end":{"line":67,"column":7}}]},"3":{"loc":{"start":{"line":62,"column":8},"end":{"line":64,"column":9}},"type":"if","locations":[{"start":{"line":62,"column":8},"end":{"line":64,"column":9}}]},"4":{"loc":{"start":{"line":69,"column":6},"end":{"line":76,"column":7}},"type":"if","locations":[{"start":{"line":69,"column":6},"end":{"line":76,"column":7}},{"start":{"line":74,"column":13},"end":{"line":76,"column":7}}]},"5":{"loc":{"start":{"line":71,"column":8},"end":{"line":73,"column":9}},"type":"if","locations":[{"start":{"line":71,"column":8},"end":{"line":73,"column":9}}]},"6":{"loc":{"start":{"line":78,"column":6},"end":{"line":85,"column":7}},"type":"if","locations":[{"start":{"line":78,"column":6},"end":{"line":85,"column":7}},{"start":{"line":83,"column":13},"end":{"line":85,"column":7}}]}},"s":{"0":0,"1":0,"2":0,"3":0,"4":0,"5":0,"6":0,"7":0,"8":0,"9":0,"10":0,"11":0,"12":0,"13":0,"14":0,"15":0,"16":0,"17":0,"18":0,"19":0,"20":0,"21":0,"22":0,"23":0,"24":0,"25":0,"26":0,"27":0,"28":0,"29":0,"30":0,"31":0,"32":0,"33":0,"34":0,"35":0,"36":0,"37":0,"38":0,"39":0,"40":0,"41":0,"42":0,"43":0,"44":0,"45":0,"46":0,"47":0,"48":0},"f":{"0":0,"1":0,"2":0,"3":0,"4":0},"b":{"0":[0,0],"1":[0],"2":[0,0],"3":[0],"4":[0,0],"5":[0],"6":[0,0]}}
,"/home/runner/work/my-home-dashboard/my-home-dashboard/packages/fetcher/src/domain/Electricity.ts": {"path":"/home/runner/work/my-home-dashboard/my-home-dashboard/packages/fetcher/src/domain/Electricity.ts","statementMap":{"0":{"start":{"line":86,"column":4},"end":{"line":86,"column":19}},"1":{"start":{"line":87,"column":4},"end":{"line":87,"column":27}},"2":{"start":{"line":88,"column":4},"end":{"line":88,"column":45}},"3":{"start":{"line":89,"column":4},"end":{"line":89,"column":31}},"4":{"start":{"line":90,"column":4},"end":{"line":90,"column":43}},"5":{"start":{"line":94,"column":16},"end":{"line":94,"column":26}},"6":{"start":{"line":96,"column":6},"end":{"line":96,"column":67}},"7":{"start":{"line":97,"column":4},"end":{"line":100,"column":6}},"8":{"start":{"line":102,"column":19},"end":{"line":105,"column":6}},"9":{"start":{"line":107,"column":4},"end":{"line":131,"column":5}},"10":{"start":{"line":108,"column":21},"end":{"line":111,"column":8}},"11":{"start":{"line":113,"column":6},"end":{"line":117,"column":8}},"12":{"start":{"line":118,"column":6},"end":{"line":130,"column":7}},"13":{"start":{"line":119,"column":8},"end":{"line":119,"column":54}},"14":{"start":{"line":120,"column":8},"end":{"line":120,"column":33}},"15":{"start":{"line":122,"column":8},"end":{"line":122,"column":58}},"16":{"start":{"line":123,"column":8},"end":{"line":123,"column":30}},"17":{"start":{"line":125,"column":8},"end":{"line":129,"column":10}},"18":{"start":{"line":133,"column":4},"end":{"line":133,"column":18}},"19":{"start":{"line":141,"column":4},"end":{"line":158,"column":5}},"20":{"start":{"line":142,"column":28},"end":{"line":142,"column":76}},"21":{"start":{"line":143,"column":6},"end":{"line":143,"column":76}},"22":{"start":{"line":145,"column":26},"end":{"line":145,"column":72}},"23":{"start":{"line":146,"column":6},"end":{"line":146,"column":72}},"24":{"start":{"line":148,"column":6},"end":{"line":151,"column":8}},"25":{"start":{"line":153,"column":6},"end":{"line":156,"column":8}},"26":{"start":{"line":157,"column":6},"end":{"line":157,"column":16}},"27":{"start":{"line":72,"column":0},"end":{"line":72,"column":13}}},"fnMap":{"0":{"name":"(anonymous_0)","decl":{"start":{"line":79,"column":2},"end":{"line":79,"column":null}},"loc":{"start":{"line":84,"column":42},"end":{"line":91,"column":3}}},"1":{"name":"(anonymous_1)","decl":{"start":{"line":93,"column":2},"end":{"line":93,"column":7}},"loc":{"start":{"line":93,"column":32},"end":{"line":134,"column":3}}},"2":{"name":"(anonymous_2)","decl":{"start":{"line":136,"column":10},"end":{"line":136,"column":15}},"loc":{"start":{"line":139,"column":30},"end":{"line":159,"column":3}}}},"branchMap":{},"s":{"0":1,"1":1,"2":1,"3":1,"4":1,"5":1,"6":1,"7":1,"8":1,"9":1,"10":1,"11":1,"12":1,"13":1,"14":1,"15":0,"16":0,"17":1,"18":1,"19":1,"20":1,"21":1,"22":1,"23":1,"24":1,"25":0,"26":0,"27":1},"f":{"0":1,"1":1,"2":1},"b":{}}
,"/home/runner/work/my-home-dashboard/my-home-dashboard/packages/fetcher/src/domain/Gas.ts": {"path":"/home/runner/work/my-home-dashboard/my-home-dashboard/packages/fetcher/src/domain/Gas.ts","statementMap":{"0":{"start":{"line":61,"column":4},"end":{"line":61,"column":19}},"1":{"start":{"line":62,"column":4},"end":{"line":62,"column":27}},"2":{"start":{"line":63,"column":4},"end":{"line":63,"column":45}},"3":{"start":{"line":64,"column":4},"end":{"line":64,"column":31}},"4":{"start":{"line":65,"column":4},"end":{"line":65,"column":43}},"5":{"start":{"line":69,"column":16},"end":{"line":69,"column":26}},"6":{"start":{"line":70,"column":21},"end":{"line":70,"column":74}},"7":{"start":{"line":71,"column":4},"end":{"line":71,"column":78}},"8":{"start":{"line":73,"column":19},"end":{"line":76,"column":6}},"9":{"start":{"line":78,"column":4},"end":{"line":102,"column":5}},"10":{"start":{"line":79,"column":21},"end":{"line":82,"column":8}},"11":{"start":{"line":84,"column":6},"end":{"line":88,"column":8}},"12":{"start":{"line":89,"column":6},"end":{"line":101,"column":7}},"13":{"start":{"line":90,"column":8},"end":{"line":90,"column":54}},"14":{"start":{"line":91,"column":8},"end":{"line":91,"column":33}},"15":{"start":{"line":93,"column":8},"end":{"line":93,"column":50}},"16":{"start":{"line":94,"column":8},"end":{"line":94,"column":30}},"17":{"start":{"line":96,"column":8},"end":{"line":100,"column":10}},"18":{"start":{"line":104,"column":4},"end":{"line":104,"column":18}},"19":{"start":{"line":112,"column":4},"end":{"line":125,"column":5}},"20":{"start":{"line":113,"column":21},"end":{"line":113,"column":69}},"21":{"start":{"line":114,"column":6},"end":{"line":114,"column":61}},"22":{"start":{"line":116,"column":6},"end":{"line":119,"column":8}},"23":{"start":{"line":121,"column":6},"end":{"line":124,"column":8}},"24":{"start":{"line":47,"column":0},"end":{"line":47,"column":13}}},"fnMap":{"0":{"name":"(anonymous_0)","decl":{"start":{"line":54,"column":2},"end":{"line":54,"column":null}},"loc":{"start":{"line":59,"column":42},"end":{"line":66,"column":3}}},"1":{"name":"(anonymous_1)","decl":{"start":{"line":68,"column":2},"end":{"line":68,"column":7}},"loc":{"start":{"line":68,"column":32},"end":{"line":105,"column":3}}},"2":{"name":"(anonymous_2)","decl":{"start":{"line":107,"column":10},"end":{"line":107,"column":15}},"loc":{"start":{"line":110,"column":30},"end":{"line":126,"column":3}}}},"branchMap":{},"s":{"0":1,"1":1,"2":1,"3":1,"4":1,"5":1,"6":1,"7":1,"8":1,"9":1,"10":1,"11":1,"12":1,"13":1,"14":1,"15":0,"16":0,"17":1,"18":1,"19":1,"20":1,"21":1,"22":1,"23":0,"24":1},"f":{"0":1,"1":1,"2":1},"b":{}}
,"/home/runner/work/my-home-dashboard/my-home-dashboard/packages/fetcher/src/domain/Water.ts": {"path":"/home/runner/work/my-home-dashboard/my-home-dashboard/packages/fetcher/src/domain/Water.ts","statementMap":{"0":{"start":{"line":67,"column":4},"end":{"line":67,"column":19}},"1":{"start":{"line":68,"column":4},"end":{"line":68,"column":27}},"2":{"start":{"line":69,"column":4},"end":{"line":69,"column":45}},"3":{"start":{"line":70,"column":4},"end":{"line":70,"column":31}},"4":{"start":{"line":71,"column":4},"end":{"line":71,"column":43}},"5":{"start":{"line":75,"column":16},"end":{"line":75,"column":26}},"6":{"start":{"line":76,"column":21},"end":{"line":76,"column":76}},"7":{"start":{"line":77,"column":4},"end":{"line":77,"column":80}},"8":{"start":{"line":79,"column":19},"end":{"line":82,"column":6}},"9":{"start":{"line":84,"column":4},"end":{"line":108,"column":5}},"10":{"start":{"line":85,"column":21},"end":{"line":88,"column":8}},"11":{"start":{"line":90,"column":6},"end":{"line":94,"column":8}},"12":{"start":{"line":95,"column":6},"end":{"line":107,"column":7}},"13":{"start":{"line":96,"column":8},"end":{"line":96,"column":54}},"14":{"start":{"line":97,"column":8},"end":{"line":97,"column":33}},"15":{"start":{"line":99,"column":8},"end":{"line":99,"column":52}},"16":{"start":{"line":100,"column":8},"end":{"line":100,"column":30}},"17":{"start":{"line":102,"column":8},"end":{"line":106,"column":10}},"18":{"start":{"line":110,"column":4},"end":{"line":110,"column":18}},"19":{"start":{"line":118,"column":4},"end":{"line":131,"column":5}},"20":{"start":{"line":119,"column":21},"end":{"line":119,"column":69}},"21":{"start":{"line":120,"column":6},"end":{"line":120,"column":63}},"22":{"start":{"line":122,"column":6},"end":{"line":125,"column":8}},"23":{"start":{"line":127,"column":6},"end":{"line":130,"column":8}},"24":{"start":{"line":53,"column":0},"end":{"line":53,"column":13}}},"fnMap":{"0":{"name":"(anonymous_0)","decl":{"start":{"line":60,"column":2},"end":{"line":60,"column":null}},"loc":{"start":{"line":65,"column":42},"end":{"line":72,"column":3}}},"1":{"name":"(anonymous_1)","decl":{"start":{"line":74,"column":2},"end":{"line":74,"column":7}},"loc":{"start":{"line":74,"column":32},"end":{"line":111,"column":3}}},"2":{"name":"(anonymous_2)","decl":{"start":{"line":113,"column":10},"end":{"line":113,"column":15}},"loc":{"start":{"line":116,"column":30},"end":{"line":132,"column":3}}}},"branchMap":{},"s":{"0":1,"1":1,"2":1,"3":1,"4":1,"5":1,"6":1,"7":1,"8":1,"9":1,"10":1,"11":1,"12":1,"13":1,"14":1,"15":0,"16":0,"17":1,"18":1,"19":1,"20":1,"21":1,"22":1,"23":0,"24":1},"f":{"0":1,"1":1,"2":1},"b":{}}
,"/home/runner/work/my-home-dashboard/my-home-dashboard/packages/fetcher/src/infra/Browser.ts": {"path":"/home/runner/work/my-home-dashboard/my-home-dashboard/packages/fetcher/src/infra/Browser.ts","statementMap":{"0":{"start":{"line":6,"column":0},"end":{"line":6,"column":7}},"1":{"start":{"line":2,"column":0},"end":{"line":2,"column":41}},"2":{"start":{"line":10,"column":18},"end":{"line":13,"column":4}},"3":{"start":{"line":15,"column":2},"end":{"line":19,"column":3}},"4":{"start":{"line":16,"column":4},"end":{"line":16,"column":39}},"5":{"start":{"line":18,"column":4},"end":{"line":18,"column":26}},"6":{"start":{"line":27,"column":4},"end":{"line":27,"column":19}},"7":{"start":{"line":28,"column":4},"end":{"line":28,"column":27}},"8":{"start":{"line":32,"column":17},"end":{"line":32,"column":45}},"9":{"start":{"line":34,"column":4},"end":{"line":43,"column":7}},"10":{"start":{"line":35,"column":6},"end":{"line":42,"column":8}},"11":{"start":{"line":44,"column":4},"end":{"line":53,"column":7}},"12":{"start":{"line":45,"column":21},"end":{"line":45,"column":33}},"13":{"start":{"line":46,"column":6},"end":{"line":52,"column":7}},"14":{"start":{"line":47,"column":8},"end":{"line":51,"column":10}},"15":{"start":{"line":54,"column":4},"end":{"line":56,"column":6}},"16":{"start":{"line":55,"column":6},"end":{"line":55,"column":53}},"17":{"start":{"line":57,"column":4},"end":{"line":57,"column":53}},"18":{"start":{"line":59,"column":4},"end":{"line":59,"column":16}},"19":{"start":{"line":22,"column":0},"end":{"line":22,"column":13}}},"fnMap":{"0":{"name":"withBrowser","decl":{"start":{"line":6,"column":22},"end":{"line":6,"column":33}},"loc":{"start":{"line":8,"column":40},"end":{"line":20,"column":1}}},"1":{"name":"(anonymous_2)","decl":{"start":{"line":26,"column":2},"end":{"line":26,"column":14}},"loc":{"start":{"line":26,"column":51},"end":{"line":29,"column":3}}},"2":{"name":"(anonymous_3)","decl":{"start":{"line":31,"column":2},"end":{"line":31,"column":7}},"loc":{"start":{"line":31,"column":30},"end":{"line":60,"column":3}}},"3":{"name":"(anonymous_4)","decl":{"start":{"line":34,"column":29},"end":{"line":34,"column":30}},"loc":{"start":{"line":34,"column":37},"end":{"line":43,"column":5}}},"4":{"name":"(anonymous_5)","decl":{"start":{"line":44,"column":24},"end":{"line":44,"column":25}},"loc":{"start":{"line":44,"column":32},"end":{"line":53,"column":5}}},"5":{"name":"(anonymous_6)","decl":{"start":{"line":54,"column":23},"end":{"line":54,"column":24}},"loc":{"start":{"line":55,"column":6},"end":{"line":55,"column":53}}}},"branchMap":{"0":{"loc":{"start":{"line":46,"column":6},"end":{"line":52,"column":7}},"type":"if","locations":[{"start":{"line":46,"column":6},"end":{"line":52,"column":7}}]}},"s":{"0":0,"1":0,"2":0,"3":0,"4":0,"5":0,"6":0,"7":0,"8":0,"9":0,"10":0,"11":0,"12":0,"13":0,"14":0,"15":0,"16":0,"17":0,"18":0,"19":0},"f":{"0":0,"1":0,"2":0,"3":0,"4":0,"5":0},"b":{"0":[0]}}
,"/home/runner/work/my-home-dashboard/my-home-dashboard/packages/fetcher/src/infra/BrowserPage.ts": {"path":"/home/runner/work/my-home-dashboard/my-home-dashboard/packages/fetcher/src/infra/BrowserPage.ts","statementMap":{"0":{"start":{"line":3,"column":0},"end":{"line":3,"column":24}},"1":{"start":{"line":11,"column":10},"end":{"line":11,"column":27}},"2":{"start":{"line":19,"column":4},"end":{"line":19,"column":19}},"3":{"start":{"line":20,"column":4},"end":{"line":20,"column":25}},"4":{"start":{"line":21,"column":4},"end":{"line":21,"column":45}},"5":{"start":{"line":22,"column":4},"end":{"line":22,"column":45}},"6":{"start":{"line":26,"column":19},"end":{"line":26,"column":65}},"7":{"start":{"line":27,"column":21},"end":{"line":27,"column":64}},"8":{"start":{"line":28,"column":21},"end":{"line":32,"column":null}},"9":{"start":{"line":34,"column":4},"end":{"line":37,"column":7}},"10":{"start":{"line":38,"column":4},"end":{"line":38,"column":24}},"11":{"start":{"line":42,"column":16},"end":{"line":42,"column":26}},"12":{"start":{"line":43,"column":17},"end":{"line":43,"column":34}},"13":{"start":{"line":44,"column":18},"end":{"line":44,"column":61}},"14":{"start":{"line":45,"column":16},"end":{"line":45,"column":54}},"15":{"start":{"line":46,"column":18},"end":{"line":46,"column":57}},"16":{"start":{"line":47,"column":20},"end":{"line":47,"column":61}},"17":{"start":{"line":48,"column":20},"end":{"line":48,"column":61}},"18":{"start":{"line":50,"column":21},"end":{"line":50,"column":83}},"19":{"start":{"line":52,"column":4},"end":{"line":52,"column":36}},"20":{"start":{"line":5,"column":0},"end":{"line":5,"column":13}}},"fnMap":{"0":{"name":"(anonymous_1)","decl":{"start":{"line":13,"column":2},"end":{"line":13,"column":null}},"loc":{"start":{"line":17,"column":28},"end":{"line":23,"column":3}}},"1":{"name":"(anonymous_2)","decl":{"start":{"line":25,"column":2},"end":{"line":25,"column":7}},"loc":{"start":{"line":25,"column":52},"end":{"line":39,"column":3}}},"2":{"name":"(anonymous_3)","decl":{"start":{"line":41,"column":2},"end":{"line":41,"column":7}},"loc":{"start":{"line":41,"column":46},"end":{"line":53,"column":3}}}},"branchMap":{"0":{"loc":{"start":{"line":25,"column":33},"end":{"line":25,"column":52}},"type":"default-arg","locations":[{"start":{"line":25,"column":50},"end":{"line":25,"column":52}}]},"1":{"loc":{"start":{"line":41,"column":27},"end":{"line":41,"column":46}},"type":"default-arg","locations":[{"start":{"line":41,"column":44},"end":{"line":41,"column":46}}]}},"s":{"0":0,"1":0,"2":0,"3":0,"4":0,"5":0,"6":0,"7":0,"8":0,"9":0,"10":0,"11":0,"12":0,"13":0,"14":0,"15":0,"16":0,"17":0,"18":0,"19":0,"20":0},"f":{"0":0,"1":0,"2":0},"b":{"0":[0],"1":[0]}}
,"/home/runner/work/my-home-dashboard/my-home-dashboard/packages/fetcher/src/infra/ElectricityClient.ts": {"path":"/home/runner/work/my-home-dashboard/my-home-dashboard/packages/fetcher/src/infra/ElectricityClient.ts","statementMap":{"0":{"start":{"line":9,"column":0},"end":{"line":9,"column":49}},"1":{"start":{"line":10,"column":0},"end":{"line":10,"column":44}},"2":{"start":{"line":11,"column":0},"end":{"line":11,"column":41}},"3":{"start":{"line":18,"column":4},"end":{"line":18,"column":31}},"4":{"start":{"line":19,"column":4},"end":{"line":19,"column":19}},"5":{"start":{"line":26,"column":19},"end":{"line":26,"column":58}},"6":{"start":{"line":28,"column":4},"end":{"line":28,"column":39}},"7":{"start":{"line":29,"column":38},"end":{"line":29,"column":40}},"8":{"start":{"line":30,"column":31},"end":{"line":30,"column":32}},"9":{"start":{"line":31,"column":4},"end":{"line":72,"column":5}},"10":{"start":{"line":32,"column":6},"end":{"line":69,"column":9}},"11":{"start":{"line":33,"column":21},"end":{"line":37,"column":null}},"12":{"start":{"line":41,"column":8},"end":{"line":41,"column":48}},"13":{"start":{"line":44,"column":8},"end":{"line":44,"column":41}},"14":{"start":{"line":45,"column":8},"end":{"line":49,"column":19}},"15":{"start":{"line":52,"column":8},"end":{"line":54,"column":10}},"16":{"start":{"line":57,"column":8},"end":{"line":57,"column":47}},"17":{"start":{"line":58,"column":8},"end":{"line":58,"column":59}},"18":{"start":{"line":61,"column":8},"end":{"line":68,"column":10}},"19":{"start":{"line":71,"column":6},"end":{"line":71,"column":39}},"20":{"start":{"line":73,"column":4},"end":{"line":73,"column":18}},"21":{"start":{"line":80,"column":19},"end":{"line":80,"column":56}},"22":{"start":{"line":82,"column":4},"end":{"line":82,"column":37}},"23":{"start":{"line":83,"column":36},"end":{"line":83,"column":38}},"24":{"start":{"line":84,"column":4},"end":{"line":123,"column":5}},"25":{"start":{"line":85,"column":6},"end":{"line":120,"column":9}},"26":{"start":{"line":86,"column":21},"end":{"line":90,"column":null}},"27":{"start":{"line":93,"column":8},"end":{"line":119,"column":9}},"28":{"start":{"line":95,"column":10},"end":{"line":95,"column":50}},"29":{"start":{"line":98,"column":10},"end":{"line":98,"column":43}},"30":{"start":{"line":99,"column":10},"end":{"line":103,"column":21}},"31":{"start":{"line":106,"column":10},"end":{"line":106,"column":47}},"32":{"start":{"line":107,"column":10},"end":{"line":107,"column":59}},"33":{"start":{"line":110,"column":10},"end":{"line":115,"column":12}},"34":{"start":{"line":117,"column":10},"end":{"line":117,"column":42}},"35":{"start":{"line":118,"column":10},"end":{"line":118,"column":20}},"36":{"start":{"line":122,"column":6},"end":{"line":122,"column":37}},"37":{"start":{"line":124,"column":4},"end":{"line":124,"column":18}},"38":{"start":{"line":132,"column":21},"end":{"line":132,"column":37}},"39":{"start":{"line":133,"column":21},"end":{"line":133,"column":37}},"40":{"start":{"line":136,"column":4},"end":{"line":136,"column":35}},"41":{"start":{"line":137,"column":4},"end":{"line":137,"column":48}},"42":{"start":{"line":138,"column":4},"end":{"line":138,"column":44}},"43":{"start":{"line":141,"column":4},"end":{"line":141,"column":41}},"44":{"start":{"line":142,"column":4},"end":{"line":142,"column":56}},"45":{"start":{"line":143,"column":4},"end":{"line":143,"column":64}},"46":{"start":{"line":144,"column":4},"end":{"line":144,"column":55}},"47":{"start":{"line":146,"column":4},"end":{"line":146,"column":38}},"48":{"start":{"line":147,"column":4},"end":{"line":150,"column":15}},"49":{"start":{"line":152,"column":4},"end":{"line":152,"column":45}},"50":{"start":{"line":153,"column":4},"end":{"line":153,"column":56}},"51":{"start":{"line":154,"column":4},"end":{"line":154,"column":42}},"52":{"start":{"line":163,"column":4},"end":{"line":163,"column":50}},"53":{"start":{"line":164,"column":19},"end":{"line":165,"column":null}},"54":{"start":{"line":167,"column":4},"end":{"line":167,"column":27}},"55":{"start":{"line":168,"column":4},"end":{"line":168,"column":42}},"56":{"start":{"line":170,"column":4},"end":{"line":170,"column":39}},"57":{"start":{"line":171,"column":17},"end":{"line":171,"column":51}},"58":{"start":{"line":173,"column":40},"end":{"line":173,"column":42}},"59":{"start":{"line":174,"column":4},"end":{"line":188,"column":5}},"60":{"start":{"line":174,"column":17},"end":{"line":174,"column":18}},"61":{"start":{"line":175,"column":6},"end":{"line":177,"column":7}},"62":{"start":{"line":176,"column":8},"end":{"line":176,"column":17}},"63":{"start":{"line":178,"column":22},"end":{"line":178,"column":53}},"64":{"start":{"line":179,"column":24},"end":{"line":179,"column":69}},"65":{"start":{"line":180,"column":6},"end":{"line":187,"column":9}},"66":{"start":{"line":189,"column":4},"end":{"line":189,"column":18}},"67":{"start":{"line":198,"column":4},"end":{"line":198,"column":50}},"68":{"start":{"line":199,"column":4},"end":{"line":199,"column":59}},"69":{"start":{"line":200,"column":4},"end":{"line":200,"column":42}},"70":{"start":{"line":202,"column":4},"end":{"line":202,"column":38}},"71":{"start":{"line":203,"column":26},"end":{"line":207,"column":27}},"72":{"start":{"line":208,"column":21},"end":{"line":208,"column":58}},"73":{"start":{"line":209,"column":22},"end":{"line":209,"column":56}},"74":{"start":{"line":211,"column":20},"end":{"line":211,"column":56}},"75":{"start":{"line":212,"column":4},"end":{"line":212,"column":45}},"76":{"start":{"line":214,"column":21},"end":{"line":217,"column":null}},"77":{"start":{"line":219,"column":16},"end":{"line":222,"column":null}},"78":{"start":{"line":224,"column":16},"end":{"line":229,"column":null}},"79":{"start":{"line":232,"column":4},"end":{"line":239,"column":6}},"80":{"start":{"line":248,"column":4},"end":{"line":248,"column":49}},"81":{"start":{"line":249,"column":18},"end":{"line":249,"column":65}},"82":{"start":{"line":250,"column":4},"end":{"line":250,"column":42}},"83":{"start":{"line":252,"column":4},"end":{"line":252,"column":38}},"84":{"start":{"line":255,"column":18},"end":{"line":255,"column":62}},"85":{"start":{"line":256,"column":22},"end":{"line":256,"column":75}},"86":{"start":{"line":257,"column":4},"end":{"line":257,"column":66}},"87":{"start":{"line":259,"column":18},"end":{"line":259,"column":61}},"88":{"start":{"line":260,"column":17},"end":{"line":260,"column":50}},"89":{"start":{"line":261,"column":21},"end":{"line":261,"column":39}},"90":{"start":{"line":262,"column":4},"end":{"line":262,"column":57}},"91":{"start":{"line":264,"column":38},"end":{"line":264,"column":40}},"92":{"start":{"line":265,"column":15},"end":{"line":265,"column":24}},"93":{"start":{"line":266,"column":4},"end":{"line":301,"column":5}},"94":{"start":{"line":266,"column":17},"end":{"line":266,"column":18}},"95":{"start":{"line":267,"column":6},"end":{"line":269,"column":7}},"96":{"start":{"line":268,"column":8},"end":{"line":268,"column":17}},"97":{"start":{"line":270,"column":22},"end":{"line":270,"column":53}},"98":{"start":{"line":271,"column":6},"end":{"line":273,"column":7}},"99":{"start":{"line":272,"column":8},"end":{"line":272,"column":17}},"100":{"start":{"line":275,"column":22},"end":{"line":275,"column":54}},"101":{"start":{"line":276,"column":20},"end":{"line":276,"column":76}},"102":{"start":{"line":277,"column":19},"end":{"line":277,"column":75}},"103":{"start":{"line":279,"column":24},"end":{"line":281,"column":15}},"104":{"start":{"line":282,"column":6},"end":{"line":284,"column":7}},"105":{"start":{"line":283,"column":8},"end":{"line":283,"column":17}},"106":{"start":{"line":285,"column":21},"end":{"line":285,"column":38}},"107":{"start":{"line":287,"column":37},"end":{"line":293,"column":8}},"108":{"start":{"line":294,"column":6},"end":{"line":294,"column":39}},"109":{"start":{"line":296,"column":6},"end":{"line":296,"column":25}},"110":{"start":{"line":298,"column":6},"end":{"line":300,"column":7}},"111":{"start":{"line":299,"column":8},"end":{"line":299,"column":15}},"112":{"start":{"line":302,"column":4},"end":{"line":302,"column":18}},"113":{"start":{"line":13,"column":0},"end":{"line":13,"column":13}}},"fnMap":{"0":{"name":"(anonymous_0)","decl":{"start":{"line":17,"column":2},"end":{"line":17,"column":14}},"loc":{"start":{"line":17,"column":44},"end":{"line":20,"column":3}}},"1":{"name":"(anonymous_1)","decl":{"start":{"line":22,"column":2},"end":{"line":22,"column":7}},"loc":{"start":{"line":24,"column":30},"end":{"line":74,"column":3}}},"2":{"name":"(anonymous_2)","decl":{"start":{"line":32,"column":34},"end":{"line":32,"column":39}},"loc":{"start":{"line":32,"column":76},"end":{"line":69,"column":7}}},"3":{"name":"(anonymous_3)","decl":{"start":{"line":76,"column":2},"end":{"line":76,"column":7}},"loc":{"start":{"line":78,"column":30},"end":{"line":125,"column":3}}},"4":{"name":"(anonymous_4)","decl":{"start":{"line":85,"column":34},"end":{"line":85,"column":39}},"loc":{"start":{"line":85,"column":76},"end":{"line":120,"column":7}}},"5":{"name":"(anonymous_5)","decl":{"start":{"line":127,"column":10},"end":{"line":127,"column":15}},"loc":{"start":{"line":130,"column":21},"end":{"line":155,"column":3}}},"6":{"name":"(anonymous_6)","decl":{"start":{"line":157,"column":10},"end":{"line":157,"column":15}},"loc":{"start":{"line":161,"column":26},"end":{"line":190,"column":3}}},"7":{"name":"(anonymous_7)","decl":{"start":{"line":192,"column":10},"end":{"line":192,"column":15}},"loc":{"start":{"line":196,"column":26},"end":{"line":240,"column":3}}},"8":{"name":"(anonymous_8)","decl":{"start":{"line":242,"column":10},"end":{"line":242,"column":15}},"loc":{"start":{"line":246,"column":26},"end":{"line":339,"column":3}}}},"branchMap":{"0":{"loc":{"start":{"line":175,"column":6},"end":{"line":177,"column":7}},"type":"if","locations":[{"start":{"line":175,"column":6},"end":{"line":177,"column":7}}]},"1":{"loc":{"start":{"line":267,"column":6},"end":{"line":269,"column":7}},"type":"if","locations":[{"start":{"line":267,"column":6},"end":{"line":269,"column":7}}]},"2":{"loc":{"start":{"line":271,"column":6},"end":{"line":273,"column":7}},"type":"if","locations":[{"start":{"line":271,"column":6},"end":{"line":273,"column":7}}]},"3":{"loc":{"start":{"line":282,"column":6},"end":{"line":284,"column":7}},"type":"if","locations":[{"start":{"line":282,"column":6},"end":{"line":284,"column":7}}]},"4":{"loc":{"start":{"line":298,"column":6},"end":{"line":300,"column":7}},"type":"if","locations":[{"start":{"line":298,"column":6},"end":{"line":300,"column":7}}]},"5":{"loc":{"start":{"line":298,"column":10},"end":{"line":298,"column":35}},"type":"binary-expr","locations":[{"start":{"line":298,"column":10},"end":{"line":298,"column":21}},{"start":{"line":298,"column":25},"end":{"line":298,"column":35}}]}},"s":{"0":0,"1":0,"2":0,"3":0,"4":0,"5":0,"6":0,"7":0,"8":0,"9":0,"10":0,"11":0,"12":0,"13":0,"14":0,"15":0,"16":0,"17":0,"18":0,"19":0,"20":0,"21":0,"22":0,"23":0,"24":0,"25":0,"26":0,"27":0,"28":0,"29":0,"30":0,"31":0,"32":0,"33":0,"34":0,"35":0,"36":0,"37":0,"38":0,"39":0,"40":0,"41":0,"42":0,"43":0,"44":0,"45":0,"46":0,"47":0,"48":0,"49":0,"50":0,"51":0,"52":0,"53":0,"54":0,"55":0,"56":0,"57":0,"58":0,"59":0,"60":0,"61":0,"62":0,"63":0,"64":0,"65":0,"66":0,"67":0,"68":0,"69":0,"70":0,"71":0,"72":0,"73":0,"74":0,"75":0,"76":0,"77":0,"78":0,"79":0,"80":0,"81":0,"82":0,"83":0,"84":0,"85":0,"86":0,"87":0,"88":0,"89":0,"90":0,"91":0,"92":0,"93":0,"94":0,"95":0,"96":0,"97":0,"98":0,"99":0,"100":0,"101":0,"102":0,"103":0,"104":0,"105":0,"106":0,"107":0,"108":0,"109":0,"110":0,"111":0,"112":0,"113":0},"f":{"0":0,"1":0,"2":0,"3":0,"4":0,"5":0,"6":0,"7":0,"8":0},"b":{"0":[0],"1":[0],"2":[0],"3":[0],"4":[0],"5":[0,0]}}
,"/home/runner/work/my-home-dashboard/my-home-dashboard/packages/fetcher/src/infra/GasClient.ts": {"path":"/home/runner/work/my-home-dashboard/my-home-dashboard/packages/fetcher/src/infra/GasClient.ts","statementMap":{"0":{"start":{"line":1,"column":0},"end":{"line":1,"column":24}},"1":{"start":{"line":3,"column":0},"end":{"line":3,"column":49}},"2":{"start":{"line":13,"column":4},"end":{"line":13,"column":31}},"3":{"start":{"line":14,"column":4},"end":{"line":14,"column":19}},"4":{"start":{"line":21,"column":4},"end":{"line":21,"column":31}},"5":{"start":{"line":22,"column":38},"end":{"line":22,"column":40}},"6":{"start":{"line":23,"column":4},"end":{"line":72,"column":5}},"7":{"start":{"line":24,"column":6},"end":{"line":69,"column":9}},"8":{"start":{"line":25,"column":21},"end":{"line":25,"column":50}},"9":{"start":{"line":28,"column":8},"end":{"line":28,"column":39}},"10":{"start":{"line":29,"column":8},"end":{"line":29,"column":43}},"11":{"start":{"line":30,"column":8},"end":{"line":30,"column":69}},"12":{"start":{"line":31,"column":8},"end":{"line":34,"column":11}},"13":{"start":{"line":37,"column":8},"end":{"line":37,"column":45}},"14":{"start":{"line":38,"column":8},"end":{"line":40,"column":34}},"15":{"start":{"line":41,"column":8},"end":{"line":43,"column":42}},"16":{"start":{"line":44,"column":8},"end":{"line":47,"column":11}},"17":{"start":{"line":48,"column":8},"end":{"line":48,"column":42}},"18":{"start":{"line":49,"column":8},"end":{"line":49,"column":68}},"19":{"start":{"line":50,"column":8},"end":{"line":50,"column":49}},"20":{"start":{"line":51,"column":8},"end":{"line":51,"column":54}},"21":{"start":{"line":52,"column":8},"end":{"line":55,"column":11}},"22":{"start":{"line":58,"column":20},"end":{"line":58,"column":30}},"23":{"start":{"line":59,"column":8},"end":{"line":68,"column":9}},"24":{"start":{"line":59,"column":31},"end":{"line":59,"column":32}},"25":{"start":{"line":60,"column":10},"end":{"line":63,"column":11}},"26":{"start":{"line":61,"column":12},"end":{"line":61,"column":53}},"27":{"start":{"line":62,"column":12},"end":{"line":62,"column":75}},"28":{"start":{"line":65,"column":10},"end":{"line":67,"column":12}},"29":{"start":{"line":71,"column":6},"end":{"line":71,"column":31}},"30":{"start":{"line":73,"column":4},"end":{"line":73,"column":18}},"31":{"start":{"line":82,"column":4},"end":{"line":82,"column":74}},"32":{"start":{"line":83,"column":17},"end":{"line":86,"column":null}},"33":{"start":{"line":88,"column":18},"end":{"line":89,"column":null}},"34":{"start":{"line":92,"column":6},"end":{"line":101,"column":44}},"35":{"start":{"line":103,"column":6},"end":{"line":112,"column":44}},"36":{"start":{"line":113,"column":19},"end":{"line":114,"column":null}},"37":{"start":{"line":116,"column":16},"end":{"line":119,"column":null}},"38":{"start":{"line":122,"column":4},"end":{"line":130,"column":6}},"39":{"start":{"line":134,"column":4},"end":{"line":134,"column":55}},"40":{"start":{"line":8,"column":0},"end":{"line":8,"column":13}}},"fnMap":{"0":{"name":"(anonymous_1)","decl":{"start":{"line":12,"column":2},"end":{"line":12,"column":14}},"loc":{"start":{"line":12,"column":44},"end":{"line":15,"column":3}}},"1":{"name":"(anonymous_2)","decl":{"start":{"line":17,"column":2},"end":{"line":17,"column":7}},"loc":{"start":{"line":19,"column":30},"end":{"line":74,"column":3}}},"2":{"name":"(anonymous_3)","decl":{"start":{"line":24,"column":34},"end":{"line":24,"column":39}},"loc":{"start":{"line":24,"column":76},"end":{"line":69,"column":7}}},"3":{"name":"(anonymous_4)","decl":{"start":{"line":76,"column":2},"end":{"line":76,"column":7}},"loc":{"start":{"line":80,"column":23},"end":{"line":131,"column":3}}},"4":{"name":"(anonymous_5)","decl":{"start":{"line":133,"column":10},"end":{"line":133,"column":28}},"loc":{"start":{"line":133,"column":45},"end":{"line":135,"column":3}}}},"branchMap":{"0":{"loc":{"start":{"line":60,"column":10},"end":{"line":63,"column":11}},"type":"if","locations":[{"start":{"line":60,"column":10},"end":{"line":63,"column":11}}]}},"s":{"0":0,"1":0,"2":0,"3":0,"4":0,"5":0,"6":0,"7":0,"8":0,"9":0,"10":0,"11":0,"12":0,"13":0,"14":0,"15":0,"16":0,"17":0,"18":0,"19":0,"20":0,"21":0,"22":0,"23":0,"24":0,"25":0,"26":0,"27":0,"28":0,"29":0,"30":0,"31":0,"32":0,"33":0,"34":0,"35":0,"36":0,"37":0,"38":0,"39":0,"40":0},"f":{"0":0,"1":0,"2":0,"3":0,"4":0},"b":{"0":[0]}}
,"/home/runner/work/my-home-dashboard/my-home-dashboard/packages/fetcher/src/infra/MySqlClient.ts": {"path":"/home/runner/work/my-home-dashboard/my-home-dashboard/packages/fetcher/src/infra/MySqlClient.ts","statementMap":{"0":{"start":{"line":6,"column":0},"end":{"line":6,"column":51}},"1":{"start":{"line":25,"column":4},"end":{"line":25,"column":25}},"2":{"start":{"line":26,"column":4},"end":{"line":26,"column":49}},"3":{"start":{"line":31,"column":21},"end":{"line":35,"column":6}},"4":{"start":{"line":36,"column":4},"end":{"line":46,"column":7}},"5":{"start":{"line":37,"column":23},"end":{"line":39,"column":40}},"6":{"start":{"line":40,"column":6},"end":{"line":45,"column":8}},"7":{"start":{"line":50,"column":21},"end":{"line":54,"column":6}},"8":{"start":{"line":55,"column":4},"end":{"line":65,"column":7}},"9":{"start":{"line":56,"column":23},"end":{"line":58,"column":40}},"10":{"start":{"line":59,"column":6},"end":{"line":64,"column":8}},"11":{"start":{"line":69,"column":21},"end":{"line":73,"column":6}},"12":{"start":{"line":74,"column":4},"end":{"line":84,"column":7}},"13":{"start":{"line":75,"column":23},"end":{"line":77,"column":40}},"14":{"start":{"line":78,"column":6},"end":{"line":83,"column":8}},"15":{"start":{"line":91,"column":4},"end":{"line":139,"column":5}},"16":{"start":{"line":92,"column":18},"end":{"line":105,"column":8}},"17":{"start":{"line":106,"column":6},"end":{"line":138,"column":7}},"18":{"start":{"line":108,"column":8},"end":{"line":110,"column":9}},"19":{"start":{"line":109,"column":10},"end":{"line":109,"column":19}},"20":{"start":{"line":112,"column":8},"end":{"line":126,"column":11}},"21":{"start":{"line":128,"column":8},"end":{"line":137,"column":11}},"22":{"start":{"line":146,"column":4},"end":{"line":168,"column":5}},"23":{"start":{"line":147,"column":6},"end":{"line":167,"column":9}},"24":{"start":{"line":175,"column":4},"end":{"line":201,"column":5}},"25":{"start":{"line":176,"column":6},"end":{"line":200,"column":9}},"26":{"start":{"line":208,"column":4},"end":{"line":238,"column":5}},"27":{"start":{"line":209,"column":6},"end":{"line":211,"column":7}},"28":{"start":{"line":210,"column":8},"end":{"line":210,"column":17}},"29":{"start":{"line":213,"column":6},"end":{"line":237,"column":9}},"30":{"start":{"line":242,"column":4},"end":{"line":264,"column":7}},"31":{"start":{"line":267,"column":4},"end":{"line":287,"column":7}},"32":{"start":{"line":290,"column":4},"end":{"line":312,"column":7}},"33":{"start":{"line":319,"column":4},"end":{"line":345,"column":7}},"34":{"start":{"line":352,"column":4},"end":{"line":378,"column":7}},"35":{"start":{"line":385,"column":4},"end":{"line":411,"column":7}},"36":{"start":{"line":418,"column":4},"end":{"line":444,"column":7}},"37":{"start":{"line":451,"column":4},"end":{"line":477,"column":7}},"38":{"start":{"line":484,"column":4},"end":{"line":510,"column":7}},"39":{"start":{"line":8,"column":0},"end":{"line":8,"column":13}}},"fnMap":{"0":{"name":"(anonymous_0)","decl":{"start":{"line":24,"column":2},"end":{"line":24,"column":14}},"loc":{"start":{"line":24,"column":68},"end":{"line":27,"column":3}}},"1":{"name":"(anonymous_1)","decl":{"start":{"line":28,"column":2},"end":{"line":28,"column":7}},"loc":{"start":{"line":28,"column":39},"end":{"line":47,"column":3}}},"2":{"name":"(anonymous_2)","decl":{"start":{"line":36,"column":24},"end":{"line":36,"column":25}},"loc":{"start":{"line":36,"column":30},"end":{"line":46,"column":5}}},"3":{"name":"(anonymous_3)","decl":{"start":{"line":49,"column":2},"end":{"line":49,"column":7}},"loc":{"start":{"line":49,"column":31},"end":{"line":66,"column":3}}},"4":{"name":"(anonymous_4)","decl":{"start":{"line":55,"column":24},"end":{"line":55,"column":25}},"loc":{"start":{"line":55,"column":30},"end":{"line":65,"column":5}}},"5":{"name":"(anonymous_5)","decl":{"start":{"line":68,"column":2},"end":{"line":68,"column":7}},"loc":{"start":{"line":68,"column":33},"end":{"line":85,"column":3}}},"6":{"name":"(anonymous_6)","decl":{"start":{"line":74,"column":24},"end":{"line":74,"column":25}},"loc":{"start":{"line":74,"column":30},"end":{"line":84,"column":5}}},"7":{"name":"(anonymous_7)","decl":{"start":{"line":87,"column":2},"end":{"line":87,"column":7}},"loc":{"start":{"line":89,"column":13},"end":{"line":140,"column":3}}},"8":{"name":"(anonymous_8)","decl":{"start":{"line":142,"column":2},"end":{"line":142,"column":7}},"loc":{"start":{"line":144,"column":13},"end":{"line":169,"column":3}}},"9":{"name":"(anonymous_9)","decl":{"start":{"line":171,"column":2},"end":{"line":171,"column":7}},"loc":{"start":{"line":173,"column":13},"end":{"line":202,"column":3}}},"10":{"name":"(anonymous_10)","decl":{"start":{"line":204,"column":2},"end":{"line":204,"column":7}},"loc":{"start":{"line":206,"column":13},"end":{"line":239,"column":3}}},"11":{"name":"(anonymous_11)","decl":{"start":{"line":241,"column":2},"end":{"line":241,"column":7}},"loc":{"start":{"line":241,"column":48},"end":{"line":265,"column":3}}},"12":{"name":"(anonymous_12)","decl":{"start":{"line":266,"column":2},"end":{"line":266,"column":7}},"loc":{"start":{"line":266,"column":48},"end":{"line":288,"column":3}}},"13":{"name":"(anonymous_13)","decl":{"start":{"line":289,"column":2},"end":{"line":289,"column":7}},"loc":{"start":{"line":289,"column":46},"end":{"line":313,"column":3}}},"14":{"name":"(anonymous_14)","decl":{"start":{"line":315,"column":2},"end":{"line":315,"column":7}},"loc":{"start":{"line":317,"column":13},"end":{"line":346,"column":3}}},"15":{"name":"(anonymous_15)","decl":{"start":{"line":348,"column":2},"end":{"line":348,"column":7}},"loc":{"start":{"line":350,"column":13},"end":{"line":379,"column":3}}},"16":{"name":"(anonymous_16)","decl":{"start":{"line":381,"column":2},"end":{"line":381,"column":7}},"loc":{"start":{"line":383,"column":13},"end":{"line":412,"column":3}}},"17":{"name":"(anonymous_17)","decl":{"start":{"line":414,"column":2},"end":{"line":414,"column":7}},"loc":{"start":{"line":416,"column":13},"end":{"line":445,"column":3}}},"18":{"name":"(anonymous_18)","decl":{"start":{"line":447,"column":2},"end":{"line":447,"column":7}},"loc":{"start":{"line":449,"column":13},"end":{"line":478,"column":3}}},"19":{"name":"(anonymous_19)","decl":{"start":{"line":480,"column":2},"end":{"line":480,"column":7}},"loc":{"start":{"line":482,"column":13},"end":{"line":511,"column":3}}}},"branchMap":{"0":{"loc":{"start":{"line":106,"column":6},"end":{"line":138,"column":7}},"type":"if","locations":[{"start":{"line":106,"column":6},"end":{"line":138,"column":7}},{"start":{"line":127,"column":13},"end":{"line":138,"column":7}}]},"1":{"loc":{"start":{"line":108,"column":8},"end":{"line":110,"column":9}},"type":"if","locations":[{"start":{"line":108,"column":8},"end":{"line":110,"column":9}}]},"2":{"loc":{"start":{"line":108,"column":12},"end":{"line":108,"column":66}},"type":"binary-expr","locations":[{"start":{"line":108,"column":12},"end":{"line":108,"column":37}},{"start":{"line":108,"column":41},"end":{"line":108,"column":66}}]},"3":{"loc":{"start":{"line":209,"column":6},"end":{"line":211,"column":7}},"type":"if","locations":[{"start":{"line":209,"column":6},"end":{"line":211,"column":7}}]}},"s":{"0":0,"1":0,"2":0,"3":0,"4":0,"5":0,"6":0,"7":0,"8":0,"9":0,"10":0,"11":0,"12":0,"13":0,"14":0,"15":0,"16":0,"17":0,"18":0,"19":0,"20":0,"21":0,"22":0,"23":0,"24":0,"25":0,"26":0,"27":0,"28":0,"29":0,"30":0,"31":0,"32":0,"33":0,"34":0,"35":0,"36":0,"37":0,"38":0,"39":0},"f":{"0":0,"1":0,"2":0,"3":0,"4":0,"5":0,"6":0,"7":0,"8":0,"9":0,"10":0,"11":0,"12":0,"13":0,"14":0,"15":0,"16":0,"17":0,"18":0,"19":0},"b":{"0":[0,0],"1":[0],"2":[0,0],"3":[0]}}
,"/home/runner/work/my-home-dashboard/my-home-dashboard/packages/fetcher/src/infra/ScrapeUtils.ts": {"path":"/home/runner/work/my-home-dashboard/my-home-dashboard/packages/fetcher/src/infra/ScrapeUtils.ts","statementMap":{"0":{"start":{"line":8,"column":0},"end":{"line":8,"column":16}},"1":{"start":{"line":9,"column":18},"end":{"line":9,"column":31}},"2":{"start":{"line":10,"column":2},"end":{"line":12,"column":3}},"3":{"start":{"line":11,"column":4},"end":{"line":11,"column":62}},"4":{"start":{"line":13,"column":2},"end":{"line":17,"column":3}},"5":{"start":{"line":14,"column":4},"end":{"line":16,"column":6}},"6":{"start":{"line":18,"column":2},"end":{"line":18,"column":26}}},"fnMap":{"0":{"name":"nthMatch","decl":{"start":{"line":8,"column":16},"end":{"line":8,"column":24}},"loc":{"start":{"line":8,"column":59},"end":{"line":19,"column":1}}}},"branchMap":{"0":{"loc":{"start":{"line":10,"column":2},"end":{"line":12,"column":3}},"type":"if","locations":[{"start":{"line":10,"column":2},"end":{"line":12,"column":3}}]},"1":{"loc":{"start":{"line":13,"column":2},"end":{"line":17,"column":3}},"type":"if","locations":[{"start":{"line":13,"column":2},"end":{"line":17,"column":3}}]},"2":{"loc":{"start":{"line":18,"column":9},"end":{"line":18,"column":25}},"type":"binary-expr","locations":[{"start":{"line":18,"column":9},"end":{"line":18,"column":19}},{"start":{"line":18,"column":23},"end":{"line":18,"column":25}}]}},"s":{"0":1,"1":9,"2":9,"3":1,"4":8,"5":1,"6":7},"f":{"0":9},"b":{"0":[1],"1":[1],"2":[7,0]}}
,"/home/runner/work/my-home-dashboard/my-home-dashboard/packages/fetcher/src/infra/WaterClient.ts": {"path":"/home/runner/work/my-home-dashboard/my-home-dashboard/packages/fetcher/src/infra/WaterClient.ts","statementMap":{"0":{"start":{"line":1,"column":0},"end":{"line":1,"column":24}},"1":{"start":{"line":3,"column":0},"end":{"line":3,"column":49}},"2":{"start":{"line":13,"column":4},"end":{"line":13,"column":31}},"3":{"start":{"line":14,"column":4},"end":{"line":14,"column":19}},"4":{"start":{"line":21,"column":4},"end":{"line":21,"column":31}},"5":{"start":{"line":22,"column":38},"end":{"line":22,"column":40}},"6":{"start":{"line":23,"column":4},"end":{"line":68,"column":5}},"7":{"start":{"line":24,"column":6},"end":{"line":65,"column":9}},"8":{"start":{"line":25,"column":21},"end":{"line":25,"column":50}},"9":{"start":{"line":26,"column":8},"end":{"line":64,"column":9}},"10":{"start":{"line":28,"column":10},"end":{"line":28,"column":41}},"11":{"start":{"line":29,"column":10},"end":{"line":29,"column":45}},"12":{"start":{"line":30,"column":10},"end":{"line":30,"column":55}},"13":{"start":{"line":31,"column":10},"end":{"line":34,"column":13}},"14":{"start":{"line":37,"column":10},"end":{"line":37,"column":47}},"15":{"start":{"line":38,"column":10},"end":{"line":38,"column":64}},"16":{"start":{"line":39,"column":10},"end":{"line":39,"column":73}},"17":{"start":{"line":40,"column":10},"end":{"line":43,"column":13}},"18":{"start":{"line":44,"column":10},"end":{"line":44,"column":44}},"19":{"start":{"line":45,"column":10},"end":{"line":47,"column":21}},"20":{"start":{"line":48,"column":10},"end":{"line":48,"column":51}},"21":{"start":{"line":49,"column":10},"end":{"line":49,"column":55}},"22":{"start":{"line":50,"column":10},"end":{"line":53,"column":13}},"23":{"start":{"line":56,"column":22},"end":{"line":56,"column":32}},"24":{"start":{"line":57,"column":10},"end":{"line":57,"column":79}},"25":{"start":{"line":59,"column":10},"end":{"line":62,"column":13}},"26":{"start":{"line":63,"column":10},"end":{"line":63,"column":20}},"27":{"start":{"line":67,"column":6},"end":{"line":67,"column":31}},"28":{"start":{"line":69,"column":4},"end":{"line":69,"column":18}},"29":{"start":{"line":78,"column":4},"end":{"line":78,"column":47}},"30":{"start":{"line":79,"column":19},"end":{"line":79,"column":78}},"31":{"start":{"line":80,"column":24},"end":{"line":80,"column":45}},"32":{"start":{"line":82,"column":40},"end":{"line":82,"column":42}},"33":{"start":{"line":83,"column":4},"end":{"line":125,"column":5}},"34":{"start":{"line":83,"column":17},"end":{"line":83,"column":18}},"35":{"start":{"line":85,"column":25},"end":{"line":85,"column":77}},"36":{"start":{"line":86,"column":22},"end":{"line":86,"column":43}},"37":{"start":{"line":87,"column":19},"end":{"line":87,"column":62}},"38":{"start":{"line":88,"column":20},"end":{"line":88,"column":38}},"39":{"start":{"line":89,"column":18},"end":{"line":89,"column":36}},"40":{"start":{"line":90,"column":26},"end":{"line":90,"column":77}},"41":{"start":{"line":93,"column":21},"end":{"line":94,"column":null}},"42":{"start":{"line":96,"column":18},"end":{"line":97,"column":null}},"43":{"start":{"line":100,"column":6},"end":{"line":108,"column":8}},"44":{"start":{"line":110,"column":20},"end":{"line":110,"column":32}},"45":{"start":{"line":111,"column":6},"end":{"line":114,"column":7}},"46":{"start":{"line":112,"column":8},"end":{"line":112,"column":34}},"47":{"start":{"line":113,"column":8},"end":{"line":113,"column":27}},"48":{"start":{"line":116,"column":6},"end":{"line":124,"column":9}},"49":{"start":{"line":127,"column":4},"end":{"line":127,"column":18}},"50":{"start":{"line":131,"column":4},"end":{"line":131,"column":55}},"51":{"start":{"line":8,"column":0},"end":{"line":8,"column":13}}},"fnMap":{"0":{"name":"(anonymous_1)","decl":{"start":{"line":12,"column":2},"end":{"line":12,"column":14}},"loc":{"start":{"line":12,"column":44},"end":{"line":15,"column":3}}},"1":{"name":"(anonymous_2)","decl":{"start":{"line":17,"column":2},"end":{"line":17,"column":7}},"loc":{"start":{"line":19,"column":30},"end":{"line":70,"column":3}}},"2":{"name":"(anonymous_3)","decl":{"start":{"line":24,"column":34},"end":{"line":24,"column":39}},"loc":{"start":{"line":24,"column":76},"end":{"line":65,"column":7}}},"3":{"name":"(anonymous_4)","decl":{"start":{"line":72,"column":2},"end":{"line":72,"column":7}},"loc":{"start":{"line":76,"column":13},"end":{"line":128,"column":3}}},"4":{"name":"(anonymous_5)","decl":{"start":{"line":130,"column":10},"end":{"line":130,"column":28}},"loc":{"start":{"line":130,"column":45},"end":{"line":132,"column":3}}}},"branchMap":{"0":{"loc":{"start":{"line":111,"column":6},"end":{"line":114,"column":7}},"type":"if","locations":[{"start":{"line":111,"column":6},"end":{"line":114,"column":7}}]}},"s":{"0":0,"1":0,"2":0,"3":0,"4":0,"5":0,"6":0,"7":0,"8":0,"9":0,"10":0,"11":0,"12":0,"13":0,"14":0,"15":0,"16":0,"17":0,"18":0,"19":0,"20":0,"21":0,"22":0,"23":0,"24":0,"25":0,"26":0,"27":0,"28":0,"29":0,"30":0,"31":0,"32":0,"33":0,"34":0,"35":0,"36":0,"37":0,"38":0,"39":0,"40":0,"41":0,"42":0,"43":0,"44":0,"45":0,"46":0,"47":0,"48":0,"49":0,"50":0,"51":0},"f":{"0":0,"1":0,"2":0,"3":0,"4":0},"b":{"0":[0]}}
}
