TN:
SF:src/App.ts
FN:6,(anonymous_7)
FN:6,(anonymous_8)
FNF:2
FNH:0
FNDA:0,(anonymous_7)
FNDA:0,(anonymous_8)
DA:1,0
DA:2,0
DA:3,0
DA:4,0
DA:6,0
DA:7,0
DA:8,0
DA:10,0
DA:11,0
DA:12,0
DA:14,0
DA:15,0
DA:17,0
DA:18,0
DA:20,0
DA:21,0
DA:23,0
DA:24,0
DA:26,0
LF:19
LH:0
BRF:0
BRH:0
end_of_record
TN:
SF:src/Env.ts
FN:12,(anonymous_0)
FN:29,(anonymous_1)
FN:39,getStringValue
FN:54,getNumberValue
FN:58,getLogLevel
FNF:5
FNH:0
FNDA:0,(anonymous_0)
FNDA:0,(anonymous_1)
FNDA:0,getStringValue
FNDA:0,getNumberValue
FNDA:0,getLogLevel
DA:2,0
DA:3,0
DA:5,0
DA:13,0
DA:14,0
DA:15,0
DA:16,0
DA:17,0
DA:21,0
DA:30,0
DA:31,0
DA:32,0
DA:33,0
DA:34,0
DA:35,0
DA:44,0
DA:45,0
DA:46,0
DA:47,0
DA:49,0
DA:51,0
DA:55,0
DA:59,0
DA:60,0
DA:61,0
DA:63,0
LF:26
LH:0
BRDA:42,0,0,0
BRDA:45,1,0,0
BRDA:46,2,0,0
BRF:3
BRH:0
end_of_record
TN:
SF:src/Logger.ts
FN:8,isLogLevelString
FN:9,(anonymous_8)
FN:12,toLogLevel
FN:19,createLogger
FN:49,formatSlack
FNF:5
FNH:0
FNDA:0,isLogLevelString
FNDA:0,(anonymous_8)
FNDA:0,toLogLevel
FNDA:0,createLogger
FNDA:0,formatSlack
DA:1,0
DA:4,0
DA:6,0
DA:8,0
DA:9,0
DA:12,0
DA:13,0
DA:14,0
DA:16,0
DA:19,0
DA:20,0
DA:53,0
DA:54,0
DA:57,0
DA:58,0
DA:60,0
DA:61,0
DA:63,0
DA:64,0
DA:66,0
DA:67,0
DA:69,0
DA:70,0
DA:73,0
DA:74,0
DA:75,0
DA:81,0
DA:82,0
DA:88,0
DA:89,0
DA:96,0
LF:31
LH:0
BRDA:13,0,0,0
BRDA:54,1,0,0
BRDA:54,1,1,0
BRDA:54,1,2,0
BRDA:54,1,3,0
BRDA:54,1,4,0
BRDA:54,1,5,0
BRDA:74,2,0,0
BRDA:81,3,0,0
BRDA:88,4,0,0
BRDA:88,5,0,0
BRDA:88,5,1,0
BRDA:88,6,0,0
BRDA:88,6,1,0
BRF:14
BRH:0
end_of_record
TN:
SF:src/application/FetchApplication.ts
FN:19,(anonymous_13)
FN:31,(anonymous_14)
FN:37,(anonymous_16)
FN:50,(anonymous_18)
FN:63,(anonymous_20)
FNF:5
FNH:0
FNDA:0,(anonymous_13)
FNDA:0,(anonymous_14)
FNDA:0,(anonymous_16)
FNDA:0,(anonymous_18)
FNDA:0,(anonymous_20)
DA:1,0
DA:2,0
DA:3,0
DA:4,0
DA:5,0
DA:8,0
DA:9,0
DA:10,0
DA:13,0
DA:25,0
DA:26,0
DA:27,0
DA:28,0
DA:32,0
DA:33,0
DA:34,0
DA:38,0
DA:45,0
DA:47,0
DA:51,0
DA:58,0
DA:60,0
DA:64,0
DA:71,0
DA:73,0
LF:25
LH:0
BRF:0
BRH:0
end_of_record
TN:
SF:src/domain/Electricity.ts
FN:43,(anonymous_7)
FN:55,(anonymous_8)
FN:56,(anonymous_10)
FN:56,(anonymous_11)
FN:62,(anonymous_12)
FNF:5
FNH:3
FNDA:2,(anonymous_7)
FNDA:1,(anonymous_8)
FNDA:0,(anonymous_10)
FNDA:0,(anonymous_11)
FNDA:1,(anonymous_12)
DA:37,1
DA:49,2
DA:50,2
DA:51,2
DA:52,2
DA:56,1
DA:57,0
DA:58,0
DA:63,1
DA:64,1
DA:66,1
DA:67,1
LF:12
LH:10
BRF:0
BRH:0
end_of_record
TN:
SF:src/domain/Gas.ts
FN:28,(anonymous_7)
FN:40,(anonymous_8)
FN:41,(anonymous_10)
FN:41,(anonymous_11)
FN:47,(anonymous_12)
FNF:5
FNH:3
FNDA:2,(anonymous_7)
FNDA:1,(anonymous_8)
FNDA:0,(anonymous_10)
FNDA:0,(anonymous_11)
FNDA:1,(anonymous_12)
DA:22,1
DA:34,2
DA:35,2
DA:36,2
DA:37,2
DA:41,1
DA:42,0
DA:43,0
DA:48,1
DA:49,1
LF:10
LH:8
BRF:0
BRH:0
end_of_record
TN:
SF:src/domain/Water.ts
FN:28,(anonymous_7)
FN:40,(anonymous_8)
FN:41,(anonymous_10)
FN:41,(anonymous_11)
FN:47,(anonymous_12)
FNF:5
FNH:3
FNDA:2,(anonymous_7)
FNDA:1,(anonymous_8)
FNDA:0,(anonymous_10)
FNDA:0,(anonymous_11)
FNDA:1,(anonymous_12)
DA:22,1
DA:34,2
DA:35,2
DA:36,2
DA:37,2
DA:41,1
DA:42,0
DA:43,0
DA:48,1
DA:49,1
LF:10
LH:8
BRF:0
BRH:0
end_of_record
TN:
SF:src/infra/Browser.ts
FN:6,withBrowser
FN:26,(anonymous_10)
FN:31,(anonymous_11)
FN:34,(anonymous_13)
FN:44,(anonymous_14)
FN:54,(anonymous_15)
FNF:6
FNH:0
FNDA:0,withBrowser
FNDA:0,(anonymous_10)
FNDA:0,(anonymous_11)
FNDA:0,(anonymous_13)
FNDA:0,(anonymous_14)
FNDA:0,(anonymous_15)
DA:2,0
DA:6,0
DA:10,0
DA:15,0
DA:16,0
DA:18,0
DA:22,0
DA:27,0
DA:28,0
DA:32,0
DA:34,0
DA:35,0
DA:44,0
DA:45,0
DA:46,0
DA:47,0
DA:54,0
DA:55,0
DA:57,0
DA:59,0
LF:20
LH:0
BRDA:37,0,0,0
BRDA:37,0,1,0
BRDA:37,1,0,0
BRDA:37,1,1,0
BRDA:46,2,0,0
BRF:5
BRH:0
end_of_record
TN:
SF:src/infra/BrowserPage.ts
FN:13,(anonymous_8)
FN:25,(anonymous_9)
FN:41,(anonymous_11)
FNF:3
FNH:0
FNDA:0,(anonymous_8)
FNDA:0,(anonymous_9)
FNDA:0,(anonymous_11)
DA:3,0
DA:5,0
DA:11,0
DA:19,0
DA:20,0
DA:21,0
DA:22,0
DA:26,0
DA:27,0
DA:28,0
DA:34,0
DA:38,0
DA:42,0
DA:43,0
DA:44,0
DA:45,0
DA:46,0
DA:47,0
DA:48,0
DA:50,0
DA:52,0
LF:21
LH:0
BRDA:25,0,0,0
BRDA:41,1,0,0
BRF:2
BRH:0
end_of_record
TN:
SF:src/infra/ElectricityClient.ts
FN:11,(anonymous_7)
FN:15,(anonymous_8)
FN:22,(anonymous_10)
FN:22,(anonymous_11)
FN:61,(anonymous_12)
FN:67,(anonymous_14)
FN:67,(anonymous_15)
FN:108,(anonymous_16)
FN:131,(anonymous_18)
FN:164,(anonymous_20)
FN:212,(anonymous_22)
FNF:11
FNH:0
FNDA:0,(anonymous_7)
FNDA:0,(anonymous_8)
FNDA:0,(anonymous_10)
FNDA:0,(anonymous_11)
FNDA:0,(anonymous_12)
FNDA:0,(anonymous_14)
FNDA:0,(anonymous_15)
FNDA:0,(anonymous_16)
FNDA:0,(anonymous_18)
FNDA:0,(anonymous_20)
FNDA:0,(anonymous_22)
DA:4,0
DA:5,0
DA:6,0
DA:8,0
DA:12,0
DA:16,0
DA:18,0
DA:19,0
DA:20,0
DA:21,0
DA:22,0
DA:23,0
DA:31,0
DA:34,0
DA:35,0
DA:42,0
DA:47,0
DA:48,0
DA:51,0
DA:56,0
DA:58,0
DA:62,0
DA:64,0
DA:65,0
DA:66,0
DA:67,0
DA:68,0
DA:75,0
DA:77,0
DA:80,0
DA:81,0
DA:88,0
DA:89,0
DA:92,0
DA:98,0
DA:99,0
DA:103,0
DA:105,0
DA:110,0
DA:111,0
DA:112,0
DA:115,0
DA:116,0
DA:117,0
DA:118,0
DA:120,0
DA:121,0
DA:126,0
DA:127,0
DA:128,0
DA:136,0
DA:137,0
DA:140,0
DA:141,0
DA:143,0
DA:144,0
DA:146,0
DA:147,0
DA:148,0
DA:149,0
DA:151,0
DA:152,0
DA:153,0
DA:161,0
DA:169,0
DA:170,0
DA:171,0
DA:173,0
DA:174,0
DA:179,0
DA:180,0
DA:182,0
DA:183,0
DA:185,0
DA:190,0
DA:195,0
DA:203,0
DA:217,0
DA:218,0
DA:219,0
DA:221,0
DA:224,0
DA:225,0
DA:226,0
DA:228,0
DA:229,0
DA:230,0
DA:231,0
DA:233,0
DA:234,0
DA:235,0
DA:236,0
DA:237,0
DA:239,0
DA:240,0
DA:241,0
DA:244,0
DA:245,0
DA:246,0
DA:248,0
DA:251,0
DA:252,0
DA:254,0
DA:256,0
DA:262,0
DA:264,0
DA:266,0
DA:267,0
DA:270,0
LF:109
LH:0
BRDA:147,0,0,0
BRDA:147,0,1,0
BRDA:147,1,0,0
BRDA:147,1,1,0
BRDA:148,2,0,0
BRDA:236,3,0,0
BRDA:240,4,0,0
BRDA:251,5,0,0
BRDA:266,6,0,0
BRDA:266,7,0,0
BRDA:266,7,1,0
BRF:11
BRH:0
end_of_record
TN:
SF:src/infra/GasClient.ts
FN:11,(anonymous_8)
FN:15,(anonymous_9)
FN:19,(anonymous_11)
FN:19,(anonymous_12)
FN:69,(anonymous_13)
FN:124,(anonymous_15)
FNF:6
FNH:0
FNDA:0,(anonymous_8)
FNDA:0,(anonymous_9)
FNDA:0,(anonymous_11)
FNDA:0,(anonymous_12)
FNDA:0,(anonymous_13)
FNDA:0,(anonymous_15)
DA:1,0
DA:3,0
DA:8,0
DA:12,0
DA:16,0
DA:17,0
DA:18,0
DA:19,0
DA:20,0
DA:23,0
DA:24,0
DA:25,0
DA:26,0
DA:32,0
DA:33,0
DA:36,0
DA:39,0
DA:43,0
DA:44,0
DA:45,0
DA:46,0
DA:47,0
DA:53,0
DA:54,0
DA:55,0
DA:56,0
DA:57,0
DA:60,0
DA:64,0
DA:66,0
DA:74,0
DA:75,0
DA:80,0
DA:84,0
DA:95,0
DA:105,0
DA:108,0
DA:114,0
DA:125,0
LF:39
LH:0
BRDA:55,0,0,0
BRF:1
BRH:0
end_of_record
TN:
SF:src/infra/MySqlClient.ts
FN:9,(anonymous_7)
FN:13,(anonymous_8)
FN:42,(anonymous_10)
FN:69,(anonymous_12)
FN:100,(anonymous_14)
FNF:5
FNH:0
FNDA:0,(anonymous_7)
FNDA:0,(anonymous_8)
FNDA:0,(anonymous_10)
FNDA:0,(anonymous_12)
FNDA:0,(anonymous_14)
DA:6,0
DA:10,0
DA:17,0
DA:18,0
DA:46,0
DA:47,0
DA:73,0
DA:74,0
DA:104,0
DA:105,0
DA:106,0
DA:109,0
LF:12
LH:0
BRDA:105,0,0,0
BRF:1
BRH:0
end_of_record
TN:
SF:src/infra/Scheduler.ts
FN:5,(anonymous_13)
FN:17,(anonymous_15)
FN:17,(anonymous_16)
FNF:3
FNH:0
FNDA:0,(anonymous_13)
FNDA:0,(anonymous_15)
FNDA:0,(anonymous_16)
DA:2,0
DA:4,0
DA:6,0
DA:7,0
DA:8,0
DA:9,0
DA:11,0
DA:14,0
DA:15,0
DA:17,0
DA:18,0
DA:19,0
DA:21,0
LF:13
LH:0
BRDA:6,0,0,0
BRDA:6,0,1,0
BRF:2
BRH:0
end_of_record
TN:
SF:src/infra/ScrapeUtils.ts
FN:8,nthMatch
FNF:1
FNH:1
FNDA:9,nthMatch
DA:8,1
DA:9,9
DA:10,9
DA:11,1
DA:13,8
DA:14,1
DA:18,7
LF:7
LH:7
BRDA:10,0,0,1
BRDA:13,1,0,1
BRF:2
BRH:2
end_of_record
TN:
SF:src/infra/WaterClient.ts
FN:11,(anonymous_8)
FN:15,(anonymous_9)
FN:19,(anonymous_11)
FN:19,(anonymous_12)
FN:67,(anonymous_13)
FN:123,(anonymous_15)
FNF:6
FNH:0
FNDA:0,(anonymous_8)
FNDA:0,(anonymous_9)
FNDA:0,(anonymous_11)
FNDA:0,(anonymous_12)
FNDA:0,(anonymous_13)
FNDA:0,(anonymous_15)
DA:1,0
DA:3,0
DA:8,0
DA:12,0
DA:16,0
DA:17,0
DA:18,0
DA:19,0
DA:20,0
DA:21,0
DA:23,0
DA:24,0
DA:25,0
DA:26,0
DA:32,0
DA:33,0
DA:34,0
DA:35,0
DA:39,0
DA:40,0
DA:43,0
DA:44,0
DA:45,0
DA:51,0
DA:52,0
DA:54,0
DA:58,0
DA:62,0
DA:64,0
DA:72,0
DA:73,0
DA:74,0
DA:76,0
DA:77,0
DA:79,0
DA:80,0
DA:81,0
DA:82,0
DA:83,0
DA:84,0
DA:87,0
DA:90,0
DA:94,0
DA:104,0
DA:105,0
DA:106,0
DA:107,0
DA:110,0
DA:120,0
DA:124,0
LF:50
LH:0
BRDA:74,0,0,0
BRDA:74,0,1,0
BRDA:74,1,0,0
BRDA:74,1,1,0
BRDA:105,2,0,0
BRF:5
BRH:0
end_of_record
