TN:
SF:src/App.ts
FN:7,makeAppParams
FN:27,(anonymous_1)
FNF:2
FNH:0
FNDA:0,makeAppParams
FNDA:0,(anonymous_1)
DA:1,0
DA:2,0
DA:3,0
DA:4,0
DA:5,0
DA:8,0
DA:13,0
DA:14,0
DA:15,0
DA:17,0
DA:18,0
DA:20,0
DA:21,0
DA:24,0
DA:27,0
DA:28,0
DA:29,0
DA:31,0
DA:32,0
DA:33,0
DA:35,0
DA:37,0
DA:38,0
DA:40,0
DA:41,0
DA:43,0
DA:44,0
DA:46,0
DA:54,0
DA:56,0
LF:30
LH:0
BRDA:14,0,0,0
BRDA:17,1,0,0
BRDA:20,2,0,0
BRF:3
BRH:0
end_of_record
TN:
SF:src/Env.ts
FN:13,(anonymous_0)
FN:30,(anonymous_1)
FN:37,getStringValue
FN:52,getNumberValue
FN:56,getLogLevel
FNF:5
FNH:0
FNDA:0,(anonymous_0)
FNDA:0,(anonymous_1)
FNDA:0,getStringValue
FNDA:0,getNumberValue
FNDA:0,getLogLevel
DA:2,0
DA:3,0
DA:5,0
DA:14,0
DA:15,0
DA:16,0
DA:17,0
DA:18,0
DA:19,0
DA:25,0
DA:31,0
DA:32,0
DA:33,0
DA:42,0
DA:43,0
DA:44,0
DA:45,0
DA:47,0
DA:49,0
DA:53,0
DA:57,0
DA:58,0
DA:59,0
DA:61,0
LF:24
LH:0
BRDA:40,0,0,0
BRDA:43,1,0,0
BRDA:44,2,0,0
BRF:3
BRH:0
end_of_record
TN:
SF:src/Logger.ts
FN:8,isLogLevelString
FN:9,(anonymous_8)
FN:12,toLogLevel
FN:19,createLogger
FN:49,formatSlack
FNF:5
FNH:0
FNDA:0,isLogLevelString
FNDA:0,(anonymous_8)
FNDA:0,toLogLevel
FNDA:0,createLogger
FNDA:0,formatSlack
DA:1,0
DA:4,0
DA:6,0
DA:8,0
DA:9,0
DA:12,0
DA:13,0
DA:14,0
DA:16,0
DA:19,0
DA:20,0
DA:53,0
DA:54,0
DA:57,0
DA:58,0
DA:60,0
DA:61,0
DA:63,0
DA:64,0
DA:66,0
DA:67,0
DA:69,0
DA:70,0
DA:73,0
DA:74,0
DA:75,0
DA:81,0
DA:82,0
DA:88,0
DA:89,0
DA:96,0
LF:31
LH:0
BRDA:13,0,0,0
BRDA:54,1,0,0
BRDA:54,1,1,0
BRDA:54,1,2,0
BRDA:54,1,3,0
BRDA:54,1,4,0
BRDA:54,1,5,0
BRDA:74,2,0,0
BRDA:81,3,0,0
BRDA:88,4,0,0
BRF:10
BRH:0
end_of_record
TN:
SF:src/application/FetchApplication.ts
FN:26,(anonymous_6)
FN:46,(anonymous_7)
FN:92,(anonymous_8)
FN:107,(anonymous_9)
FN:122,(anonymous_10)
FNF:5
FNH:0
FNDA:0,(anonymous_6)
FNDA:0,(anonymous_7)
FNDA:0,(anonymous_8)
FNDA:0,(anonymous_9)
FNDA:0,(anonymous_10)
DA:1,0
DA:2,0
DA:3,0
DA:4,0
DA:5,0
DA:8,0
DA:9,0
DA:18,0
DA:34,0
DA:35,0
DA:36,0
DA:37,0
DA:38,0
DA:40,0
DA:47,0
DA:48,0
DA:50,0
DA:51,0
DA:52,0
DA:53,0
DA:54,0
DA:57,0
DA:60,0
DA:61,0
DA:62,0
DA:63,0
DA:66,0
DA:69,0
DA:70,0
DA:71,0
DA:72,0
DA:75,0
DA:78,0
DA:79,0
DA:84,0
DA:87,0
DA:88,0
DA:93,0
DA:101,0
DA:103,0
DA:104,0
DA:108,0
DA:116,0
DA:118,0
DA:119,0
DA:123,0
DA:131,0
DA:133,0
DA:134,0
LF:49
LH:0
BRDA:51,0,0,0
BRDA:51,0,1,0
BRDA:53,1,0,0
BRDA:60,2,0,0
BRDA:60,2,1,0
BRDA:62,3,0,0
BRDA:69,4,0,0
BRDA:69,4,1,0
BRDA:71,5,0,0
BRDA:78,6,0,0
BRDA:78,6,1,0
BRF:11
BRH:0
end_of_record
TN:
SF:src/domain/Electricity.ts
FN:79,(anonymous_0)
FN:93,(anonymous_1)
FN:136,(anonymous_2)
FNF:3
FNH:3
FNDA:1,(anonymous_0)
FNDA:1,(anonymous_1)
FNDA:1,(anonymous_2)
DA:72,1
DA:86,1
DA:87,1
DA:88,1
DA:89,1
DA:90,1
DA:94,1
DA:96,1
DA:97,1
DA:102,1
DA:107,1
DA:108,1
DA:113,1
DA:118,1
DA:119,1
DA:120,1
DA:122,0
DA:123,0
DA:125,1
DA:133,1
DA:141,1
DA:142,1
DA:143,1
DA:145,1
DA:146,1
DA:148,1
DA:153,0
DA:157,0
LF:28
LH:24
BRF:0
BRH:0
end_of_record
TN:
SF:src/domain/Gas.ts
FN:54,(anonymous_0)
FN:68,(anonymous_1)
FN:107,(anonymous_2)
FNF:3
FNH:3
FNDA:1,(anonymous_0)
FNDA:1,(anonymous_1)
FNDA:1,(anonymous_2)
DA:47,1
DA:61,1
DA:62,1
DA:63,1
DA:64,1
DA:65,1
DA:69,1
DA:70,1
DA:71,1
DA:73,1
DA:78,1
DA:79,1
DA:84,1
DA:89,1
DA:90,1
DA:91,1
DA:93,0
DA:94,0
DA:96,1
DA:104,1
DA:112,1
DA:113,1
DA:114,1
DA:116,1
DA:121,0
LF:25
LH:22
BRF:0
BRH:0
end_of_record
TN:
SF:src/domain/Water.ts
FN:60,(anonymous_0)
FN:74,(anonymous_1)
FN:113,(anonymous_2)
FNF:3
FNH:3
FNDA:1,(anonymous_0)
FNDA:1,(anonymous_1)
FNDA:1,(anonymous_2)
DA:53,1
DA:67,1
DA:68,1
DA:69,1
DA:70,1
DA:71,1
DA:75,1
DA:76,1
DA:77,1
DA:79,1
DA:84,1
DA:85,1
DA:90,1
DA:95,1
DA:96,1
DA:97,1
DA:99,0
DA:100,0
DA:102,1
DA:110,1
DA:118,1
DA:119,1
DA:120,1
DA:122,1
DA:127,0
LF:25
LH:22
BRF:0
BRH:0
end_of_record
TN:
SF:src/infra/Browser.ts
FN:6,withBrowser
FN:26,(anonymous_2)
FN:31,(anonymous_3)
FN:34,(anonymous_4)
FN:44,(anonymous_5)
FN:54,(anonymous_6)
FNF:6
FNH:0
FNDA:0,withBrowser
FNDA:0,(anonymous_2)
FNDA:0,(anonymous_3)
FNDA:0,(anonymous_4)
FNDA:0,(anonymous_5)
FNDA:0,(anonymous_6)
DA:2,0
DA:6,0
DA:10,0
DA:15,0
DA:16,0
DA:18,0
DA:22,0
DA:27,0
DA:28,0
DA:32,0
DA:34,0
DA:35,0
DA:44,0
DA:45,0
DA:46,0
DA:47,0
DA:54,0
DA:55,0
DA:57,0
DA:59,0
LF:20
LH:0
BRDA:46,0,0,0
BRF:1
BRH:0
end_of_record
TN:
SF:src/infra/BrowserPage.ts
FN:13,(anonymous_1)
FN:25,(anonymous_2)
FN:41,(anonymous_3)
FNF:3
FNH:0
FNDA:0,(anonymous_1)
FNDA:0,(anonymous_2)
FNDA:0,(anonymous_3)
DA:3,0
DA:5,0
DA:11,0
DA:19,0
DA:20,0
DA:21,0
DA:22,0
DA:26,0
DA:27,0
DA:28,0
DA:34,0
DA:38,0
DA:42,0
DA:43,0
DA:44,0
DA:45,0
DA:46,0
DA:47,0
DA:48,0
DA:50,0
DA:52,0
LF:21
LH:0
BRDA:25,0,0,0
BRDA:41,1,0,0
BRF:2
BRH:0
end_of_record
TN:
SF:src/infra/ElectricityClient.ts
FN:17,(anonymous_0)
FN:22,(anonymous_1)
FN:32,(anonymous_2)
FN:76,(anonymous_3)
FN:85,(anonymous_4)
FN:127,(anonymous_5)
FN:157,(anonymous_6)
FN:192,(anonymous_7)
FN:242,(anonymous_8)
FNF:9
FNH:0
FNDA:0,(anonymous_0)
FNDA:0,(anonymous_1)
FNDA:0,(anonymous_2)
FNDA:0,(anonymous_3)
FNDA:0,(anonymous_4)
FNDA:0,(anonymous_5)
FNDA:0,(anonymous_6)
FNDA:0,(anonymous_7)
FNDA:0,(anonymous_8)
DA:9,0
DA:10,0
DA:11,0
DA:13,0
DA:18,0
DA:19,0
DA:26,0
DA:28,0
DA:29,0
DA:30,0
DA:31,0
DA:32,0
DA:33,0
DA:41,0
DA:44,0
DA:45,0
DA:52,0
DA:57,0
DA:58,0
DA:61,0
DA:71,0
DA:73,0
DA:80,0
DA:82,0
DA:83,0
DA:84,0
DA:85,0
DA:86,0
DA:93,0
DA:95,0
DA:98,0
DA:99,0
DA:106,0
DA:107,0
DA:110,0
DA:117,0
DA:118,0
DA:122,0
DA:124,0
DA:132,0
DA:133,0
DA:136,0
DA:137,0
DA:138,0
DA:141,0
DA:142,0
DA:143,0
DA:144,0
DA:146,0
DA:147,0
DA:152,0
DA:153,0
DA:154,0
DA:163,0
DA:164,0
DA:167,0
DA:168,0
DA:170,0
DA:171,0
DA:173,0
DA:174,0
DA:175,0
DA:176,0
DA:178,0
DA:179,0
DA:180,0
DA:189,0
DA:198,0
DA:199,0
DA:200,0
DA:202,0
DA:203,0
DA:208,0
DA:209,0
DA:211,0
DA:212,0
DA:214,0
DA:219,0
DA:224,0
DA:232,0
DA:248,0
DA:249,0
DA:250,0
DA:252,0
DA:255,0
DA:256,0
DA:257,0
DA:259,0
DA:260,0
DA:261,0
DA:262,0
DA:264,0
DA:265,0
DA:266,0
DA:267,0
DA:268,0
DA:270,0
DA:271,0
DA:272,0
DA:275,0
DA:276,0
DA:277,0
DA:279,0
DA:282,0
DA:283,0
DA:285,0
DA:287,0
DA:294,0
DA:296,0
DA:298,0
DA:299,0
DA:302,0
LF:112
LH:0
BRDA:175,0,0,0
BRDA:267,1,0,0
BRDA:271,2,0,0
BRDA:282,3,0,0
BRDA:298,4,0,0
BRDA:298,5,0,0
BRDA:298,5,1,0
BRF:7
BRH:0
end_of_record
TN:
SF:src/infra/GasClient.ts
FN:12,(anonymous_1)
FN:17,(anonymous_2)
FN:24,(anonymous_3)
FN:76,(anonymous_4)
FN:133,(anonymous_5)
FNF:5
FNH:0
FNDA:0,(anonymous_1)
FNDA:0,(anonymous_2)
FNDA:0,(anonymous_3)
FNDA:0,(anonymous_4)
FNDA:0,(anonymous_5)
DA:1,0
DA:3,0
DA:8,0
DA:13,0
DA:14,0
DA:21,0
DA:22,0
DA:23,0
DA:24,0
DA:25,0
DA:28,0
DA:29,0
DA:30,0
DA:31,0
DA:37,0
DA:38,0
DA:41,0
DA:44,0
DA:48,0
DA:49,0
DA:50,0
DA:51,0
DA:52,0
DA:58,0
DA:59,0
DA:60,0
DA:61,0
DA:62,0
DA:65,0
DA:71,0
DA:73,0
DA:82,0
DA:83,0
DA:88,0
DA:92,0
DA:103,0
DA:113,0
DA:116,0
DA:122,0
DA:134,0
LF:40
LH:0
BRDA:60,0,0,0
BRF:1
BRH:0
end_of_record
TN:
SF:src/infra/MySqlClient.ts
FN:25,(anonymous_0)
FN:29,(anonymous_1)
FN:33,(anonymous_2)
FN:46,(anonymous_3)
FN:48,(anonymous_4)
FN:61,(anonymous_5)
FN:63,(anonymous_6)
FN:76,(anonymous_7)
FN:107,(anonymous_8)
FN:136,(anonymous_9)
FN:169,(anonymous_10)
FN:206,(anonymous_11)
FN:231,(anonymous_12)
FN:254,(anonymous_13)
FN:280,(anonymous_14)
FN:313,(anonymous_15)
FN:346,(anonymous_16)
FN:379,(anonymous_17)
FN:412,(anonymous_18)
FN:445,(anonymous_19)
FNF:20
FNH:0
FNDA:0,(anonymous_0)
FNDA:0,(anonymous_1)
FNDA:0,(anonymous_2)
FNDA:0,(anonymous_3)
FNDA:0,(anonymous_4)
FNDA:0,(anonymous_5)
FNDA:0,(anonymous_6)
FNDA:0,(anonymous_7)
FNDA:0,(anonymous_8)
FNDA:0,(anonymous_9)
FNDA:0,(anonymous_10)
FNDA:0,(anonymous_11)
FNDA:0,(anonymous_12)
FNDA:0,(anonymous_13)
FNDA:0,(anonymous_14)
FNDA:0,(anonymous_15)
FNDA:0,(anonymous_16)
FNDA:0,(anonymous_17)
FNDA:0,(anonymous_18)
FNDA:0,(anonymous_19)
DA:7,0
DA:9,0
DA:26,0
DA:27,0
DA:32,0
DA:33,0
DA:34,0
DA:37,0
DA:47,0
DA:48,0
DA:49,0
DA:52,0
DA:62,0
DA:63,0
DA:64,0
DA:67,0
DA:80,0
DA:81,0
DA:111,0
DA:112,0
DA:140,0
DA:141,0
DA:173,0
DA:174,0
DA:175,0
DA:178,0
DA:207,0
DA:232,0
DA:255,0
DA:284,0
DA:317,0
DA:350,0
DA:383,0
DA:416,0
DA:449,0
LF:35
LH:0
BRDA:174,0,0,0
BRF:1
BRH:0
end_of_record
TN:
SF:src/infra/ScrapeUtils.ts
FN:8,nthMatch
FNF:1
FNH:1
FNDA:9,nthMatch
DA:8,1
DA:9,9
DA:10,9
DA:11,1
DA:13,8
DA:14,1
DA:18,7
LF:7
LH:7
BRDA:10,0,0,1
BRDA:13,1,0,1
BRF:2
BRH:2
end_of_record
TN:
SF:src/infra/WaterClient.ts
FN:12,(anonymous_1)
FN:17,(anonymous_2)
FN:24,(anonymous_3)
FN:72,(anonymous_4)
FN:130,(anonymous_5)
FNF:5
FNH:0
FNDA:0,(anonymous_1)
FNDA:0,(anonymous_2)
FNDA:0,(anonymous_3)
FNDA:0,(anonymous_4)
FNDA:0,(anonymous_5)
DA:1,0
DA:3,0
DA:8,0
DA:13,0
DA:14,0
DA:21,0
DA:22,0
DA:23,0
DA:24,0
DA:25,0
DA:26,0
DA:28,0
DA:29,0
DA:30,0
DA:31,0
DA:37,0
DA:38,0
DA:39,0
DA:40,0
DA:44,0
DA:45,0
DA:48,0
DA:49,0
DA:50,0
DA:56,0
DA:57,0
DA:59,0
DA:63,0
DA:67,0
DA:69,0
DA:78,0
DA:79,0
DA:80,0
DA:82,0
DA:83,0
DA:85,0
DA:86,0
DA:87,0
DA:88,0
DA:89,0
DA:90,0
DA:93,0
DA:96,0
DA:100,0
DA:110,0
DA:111,0
DA:112,0
DA:113,0
DA:116,0
DA:127,0
DA:131,0
LF:51
LH:0
BRDA:111,0,0,0
BRF:1
BRH:0
end_of_record
