<?xml version="1.0" encoding="UTF-8"?>
<coverage generated="1697352233260" clover="3.2.0">
  <project timestamp="1697352233260" name="All files">
    <metrics statements="7" coveredstatements="7" conditionals="0" coveredconditionals="0" methods="5" coveredmethods="5" elements="12" coveredelements="12" complexity="0" loc="7" ncloc="7" packages="1" files="1" classes="1"/>
    <file name="Secret.ts" path="/home/runner/work/my-home-dashboard/my-home-dashboard/packages/lib/src/Secret.ts">
      <metrics statements="7" coveredstatements="7" conditionals="0" coveredconditionals="0" methods="5" coveredmethods="5"/>
      <line num="1" count="1" type="stmt"/>
      <line num="5" count="20" type="stmt"/>
      <line num="9" count="6" type="stmt"/>
      <line num="13" count="7" type="stmt"/>
      <line num="17" count="7" type="stmt"/>
      <line num="21" count="14" type="stmt"/>
      <line num="22" count="14" type="stmt"/>
    </file>
  </project>
</coverage>
