{"/home/runner/work/my-home-dashboard/my-home-dashboard/packages/lib/src/Secret.ts": {"path":"/home/runner/work/my-home-dashboard/my-home-dashboard/packages/lib/src/Secret.ts","statementMap":{"0":{"start":{"line":5,"column":4},"end":{"line":5,"column":24}},"1":{"start":{"line":9,"column":4},"end":{"line":9,"column":23}},"2":{"start":{"line":13,"column":4},"end":{"line":13,"column":23}},"3":{"start":{"line":17,"column":4},"end":{"line":17,"column":23}},"4":{"start":{"line":21,"column":27},"end":{"line":21,"column":62}},"5":{"start":{"line":22,"column":4},"end":{"line":22,"column":67}},"6":{"start":{"line":1,"column":0},"end":{"line":1,"column":13}}},"fnMap":{"0":{"name":"(anonymous_0)","decl":{"start":{"line":4,"column":2},"end":{"line":4,"column":14}},"loc":{"start":{"line":4,"column":27},"end":{"line":6,"column":3}}},"1":{"name":"(anonymous_1)","decl":{"start":{"line":8,"column":2},"end":{"line":8,"column":7}},"loc":{"start":{"line":8,"column":7},"end":{"line":10,"column":3}}},"2":{"name":"(anonymous_2)","decl":{"start":{"line":12,"column":2},"end":{"line":12,"column":10}},"loc":{"start":{"line":12,"column":10},"end":{"line":14,"column":3}}},"3":{"name":"(anonymous_3)","decl":{"start":{"line":16,"column":2},"end":{"line":16,"column":8}},"loc":{"start":{"line":16,"column":8},"end":{"line":18,"column":3}}},"4":{"name":"(anonymous_4)","decl":{"start":{"line":20,"column":10},"end":{"line":20,"column":14}},"loc":{"start":{"line":20,"column":14},"end":{"line":23,"column":3}}}},"branchMap":{},"s":{"0":20,"1":6,"2":7,"3":7,"4":14,"5":14,"6":1},"f":{"0":20,"1":6,"2":7,"3":7,"4":14},"b":{}}
}
