{"/home/runner/work/my-home-dashboard/my-home-dashboard/packages/lib/src/Arrays.ts": {"path":"/home/runner/work/my-home-dashboard/my-home-dashboard/packages/lib/src/Arrays.ts","statementMap":{"0":{"start":{"line":10,"column":0},"end":{"line":10,"column":16}},"1":{"start":{"line":32,"column":0},"end":{"line":32,"column":16}},"2":{"start":{"line":11,"column":2},"end":{"line":13,"column":3}},"3":{"start":{"line":12,"column":4},"end":{"line":12,"column":16}},"4":{"start":{"line":14,"column":2},"end":{"line":19,"column":3}},"5":{"start":{"line":15,"column":14},"end":{"line":15,"column":23}},"6":{"start":{"line":16,"column":4},"end":{"line":18,"column":5}},"7":{"start":{"line":17,"column":6},"end":{"line":17,"column":39}},"8":{"start":{"line":20,"column":2},"end":{"line":20,"column":14}},"9":{"start":{"line":33,"column":16},"end":{"line":33,"column":43}},"10":{"start":{"line":34,"column":2},"end":{"line":38,"column":3}},"11":{"start":{"line":35,"column":4},"end":{"line":35,"column":28}},"12":{"start":{"line":37,"column":4},"end":{"line":37,"column":14}}},"fnMap":{"0":{"name":"findValueString","decl":{"start":{"line":10,"column":16},"end":{"line":10,"column":31}},"loc":{"start":{"line":10,"column":60},"end":{"line":21,"column":1}}},"1":{"name":"findValueStrings","decl":{"start":{"line":32,"column":16},"end":{"line":32,"column":32}},"loc":{"start":{"line":32,"column":61},"end":{"line":39,"column":1}}}},"branchMap":{"0":{"loc":{"start":{"line":11,"column":2},"end":{"line":13,"column":3}},"type":"if","locations":[{"start":{"line":11,"column":2},"end":{"line":13,"column":3}}]},"1":{"loc":{"start":{"line":16,"column":4},"end":{"line":18,"column":5}},"type":"if","locations":[{"start":{"line":16,"column":4},"end":{"line":18,"column":5}}]},"2":{"loc":{"start":{"line":34,"column":2},"end":{"line":38,"column":3}},"type":"if","locations":[{"start":{"line":34,"column":2},"end":{"line":38,"column":3}},{"start":{"line":36,"column":9},"end":{"line":38,"column":3}}]}},"s":{"0":1,"1":1,"2":10,"3":4,"4":6,"5":8,"6":8,"7":2,"8":4,"9":5,"10":5,"11":1,"12":4},"f":{"0":10,"1":5},"b":{"0":[4],"1":[2],"2":[1,4]}}
,"/home/runner/work/my-home-dashboard/my-home-dashboard/packages/lib/src/Encrypt.ts": {"path":"/home/runner/work/my-home-dashboard/my-home-dashboard/packages/lib/src/Encrypt.ts","statementMap":{"0":{"start":{"line":1,"column":0},"end":{"line":1,"column":null}},"1":{"start":{"line":7,"column":0},"end":{"line":7,"column":40}},"2":{"start":{"line":9,"column":18},"end":{"line":9,"column":31}},"3":{"start":{"line":10,"column":18},"end":{"line":10,"column":21}},"4":{"start":{"line":13,"column":2},"end":{"line":13,"column":48}},"5":{"start":{"line":25,"column":37},"end":{"line":25,"column":65}},"6":{"start":{"line":26,"column":4},"end":{"line":26,"column":52}},"7":{"start":{"line":30,"column":20},"end":{"line":30,"column":51}},"8":{"start":{"line":31,"column":4},"end":{"line":35,"column":5}},"9":{"start":{"line":32,"column":6},"end":{"line":34,"column":8}},"10":{"start":{"line":37,"column":15},"end":{"line":37,"column":51}},"11":{"start":{"line":38,"column":17},"end":{"line":38,"column":53}},"12":{"start":{"line":39,"column":23},"end":{"line":39,"column":33}},"13":{"start":{"line":40,"column":4},"end":{"line":40,"column":58}},"14":{"start":{"line":44,"column":4},"end":{"line":44,"column":33}},"15":{"start":{"line":45,"column":4},"end":{"line":45,"column":17}},"16":{"start":{"line":46,"column":4},"end":{"line":46,"column":21}},"17":{"start":{"line":50,"column":4},"end":{"line":56,"column":6}},"18":{"start":{"line":60,"column":4},"end":{"line":60,"column":66}},"19":{"start":{"line":16,"column":0},"end":{"line":16,"column":13}},"20":{"start":{"line":72,"column":13},"end":{"line":72,"column":28}},"21":{"start":{"line":73,"column":15},"end":{"line":73,"column":30}},"22":{"start":{"line":74,"column":14},"end":{"line":74,"column":37}},"23":{"start":{"line":76,"column":17},"end":{"line":76,"column":51}},"24":{"start":{"line":78,"column":19},"end":{"line":78,"column":58}},"25":{"start":{"line":79,"column":2},"end":{"line":79,"column":36}},"26":{"start":{"line":81,"column":2},"end":{"line":85,"column":4}},"27":{"start":{"line":94,"column":14},"end":{"line":94,"column":37}},"28":{"start":{"line":95,"column":19},"end":{"line":95,"column":55}},"29":{"start":{"line":97,"column":18},"end":{"line":97,"column":60}},"30":{"start":{"line":98,"column":2},"end":{"line":98,"column":38}},"31":{"start":{"line":100,"column":2},"end":{"line":100,"column":37}}},"fnMap":{"0":{"name":"makeKey","decl":{"start":{"line":12,"column":9},"end":{"line":12,"column":16}},"loc":{"start":{"line":12,"column":53},"end":{"line":14,"column":1}}},"1":{"name":"(anonymous_1)","decl":{"start":{"line":21,"column":2},"end":{"line":21,"column":8}},"loc":{"start":{"line":23,"column":26},"end":{"line":27,"column":3}}},"2":{"name":"(anonymous_2)","decl":{"start":{"line":29,"column":2},"end":{"line":29,"column":8}},"loc":{"start":{"line":29,"column":54},"end":{"line":41,"column":3}}},"3":{"name":"(anonymous_3)","decl":{"start":{"line":43,"column":2},"end":{"line":43,"column":14}},"loc":{"start":{"line":43,"column":58},"end":{"line":47,"column":3}}},"4":{"name":"(anonymous_4)","decl":{"start":{"line":49,"column":2},"end":{"line":49,"column":11}},"loc":{"start":{"line":49,"column":11},"end":{"line":57,"column":3}}},"5":{"name":"(anonymous_5)","decl":{"start":{"line":59,"column":2},"end":{"line":59,"column":9}},"loc":{"start":{"line":59,"column":32},"end":{"line":61,"column":3}}},"6":{"name":"encrypt","decl":{"start":{"line":64,"column":9},"end":{"line":64,"column":16}},"loc":{"start":{"line":66,"column":24},"end":{"line":86,"column":1}}},"7":{"name":"decrypt","decl":{"start":{"line":88,"column":9},"end":{"line":88,"column":16}},"loc":{"start":{"line":92,"column":12},"end":{"line":101,"column":1}}}},"branchMap":{"0":{"loc":{"start":{"line":31,"column":4},"end":{"line":35,"column":5}},"type":"if","locations":[{"start":{"line":31,"column":4},"end":{"line":35,"column":5}}]},"1":{"loc":{"start":{"line":37,"column":27},"end":{"line":37,"column":43}},"type":"binary-expr","locations":[{"start":{"line":37,"column":27},"end":{"line":37,"column":37}},{"start":{"line":37,"column":41},"end":{"line":37,"column":43}}]},"2":{"loc":{"start":{"line":38,"column":29},"end":{"line":38,"column":45}},"type":"binary-expr","locations":[{"start":{"line":38,"column":29},"end":{"line":38,"column":39}},{"start":{"line":38,"column":43},"end":{"line":38,"column":45}}]},"3":{"loc":{"start":{"line":40,"column":30},"end":{"line":40,"column":46}},"type":"binary-expr","locations":[{"start":{"line":40,"column":30},"end":{"line":40,"column":40}},{"start":{"line":40,"column":44},"end":{"line":40,"column":46}}]}},"s":{"0":1,"1":1,"2":1,"3":1,"4":4,"5":3,"6":3,"7":1,"8":1,"9":0,"10":1,"11":1,"12":1,"13":1,"14":4,"15":4,"16":4,"17":1,"18":1,"19":1,"20":3,"21":3,"22":3,"23":3,"24":3,"25":3,"26":3,"27":1,"28":1,"29":1,"30":1,"31":1},"f":{"0":4,"1":3,"2":1,"3":4,"4":1,"5":1,"6":3,"7":1},"b":{"0":[0],"1":[1,0],"2":[1,0],"3":[1,0]}}
,"/home/runner/work/my-home-dashboard/my-home-dashboard/packages/lib/src/Env.ts": {"path":"/home/runner/work/my-home-dashboard/my-home-dashboard/packages/lib/src/Env.ts","statementMap":{"0":{"start":{"line":4,"column":0},"end":{"line":4,"column":16}},"1":{"start":{"line":19,"column":0},"end":{"line":19,"column":16}},"2":{"start":{"line":23,"column":0},"end":{"line":23,"column":16}},"3":{"start":{"line":1,"column":0},"end":{"line":1,"column":38}},"4":{"start":{"line":9,"column":16},"end":{"line":9,"column":24}},"5":{"start":{"line":10,"column":2},"end":{"line":15,"column":3}},"6":{"start":{"line":11,"column":4},"end":{"line":13,"column":5}},"7":{"start":{"line":12,"column":6},"end":{"line":12,"column":58}},"8":{"start":{"line":14,"column":4},"end":{"line":14,"column":14}},"9":{"start":{"line":16,"column":2},"end":{"line":16,"column":15}},"10":{"start":{"line":20,"column":2},"end":{"line":20,"column":42}},"11":{"start":{"line":24,"column":12},"end":{"line":24,"column":36}},"12":{"start":{"line":25,"column":2},"end":{"line":31,"column":3}},"13":{"start":{"line":26,"column":4},"end":{"line":26,"column":25}},"14":{"start":{"line":28,"column":4},"end":{"line":30,"column":7}}},"fnMap":{"0":{"name":"getStringValue","decl":{"start":{"line":4,"column":16},"end":{"line":4,"column":30}},"loc":{"start":{"line":7,"column":26},"end":{"line":17,"column":1}}},"1":{"name":"getNumberValue","decl":{"start":{"line":19,"column":16},"end":{"line":19,"column":30}},"loc":{"start":{"line":19,"column":66},"end":{"line":21,"column":1}}},"2":{"name":"getLogLevel","decl":{"start":{"line":23,"column":16},"end":{"line":23,"column":27}},"loc":{"start":{"line":23,"column":63},"end":{"line":32,"column":1}}}},"branchMap":{"0":{"loc":{"start":{"line":7,"column":2},"end":{"line":7,"column":26}},"type":"default-arg","locations":[{"start":{"line":7,"column":22},"end":{"line":7,"column":26}}]},"1":{"loc":{"start":{"line":10,"column":2},"end":{"line":15,"column":3}},"type":"if","locations":[{"start":{"line":10,"column":2},"end":{"line":15,"column":3}}]},"2":{"loc":{"start":{"line":11,"column":4},"end":{"line":13,"column":5}},"type":"if","locations":[{"start":{"line":11,"column":4},"end":{"line":13,"column":5}}]}},"s":{"0":0,"1":0,"2":0,"3":0,"4":0,"5":0,"6":0,"7":0,"8":0,"9":0,"10":0,"11":0,"12":0,"13":0,"14":0},"f":{"0":0,"1":0,"2":0},"b":{"0":[0],"1":[0],"2":[0]}}
,"/home/runner/work/my-home-dashboard/my-home-dashboard/packages/lib/src/Hash.ts": {"path":"/home/runner/work/my-home-dashboard/my-home-dashboard/packages/lib/src/Hash.ts","statementMap":{"0":{"start":{"line":1,"column":0},"end":{"line":1,"column":45}},"1":{"start":{"line":3,"column":18},"end":{"line":3,"column":26}},"2":{"start":{"line":4,"column":18},"end":{"line":4,"column":21}},"3":{"start":{"line":11,"column":17},"end":{"line":11,"column":48}},"4":{"start":{"line":12,"column":17},"end":{"line":12,"column":44}},"5":{"start":{"line":13,"column":4},"end":{"line":13,"column":37}},"6":{"start":{"line":17,"column":20},"end":{"line":17,"column":51}},"7":{"start":{"line":18,"column":4},"end":{"line":18,"column":61}},"8":{"start":{"line":22,"column":4},"end":{"line":22,"column":21}},"9":{"start":{"line":23,"column":4},"end":{"line":23,"column":21}},"10":{"start":{"line":27,"column":4},"end":{"line":27,"column":45}},"11":{"start":{"line":31,"column":17},"end":{"line":31,"column":49}},"12":{"start":{"line":32,"column":4},"end":{"line":32,"column":30}},"13":{"start":{"line":6,"column":0},"end":{"line":6,"column":13}},"14":{"start":{"line":37,"column":15},"end":{"line":37,"column":43}},"15":{"start":{"line":38,"column":2},"end":{"line":38,"column":32}},"16":{"start":{"line":39,"column":2},"end":{"line":39,"column":28}}},"fnMap":{"0":{"name":"(anonymous_6)","decl":{"start":{"line":10,"column":2},"end":{"line":10,"column":8}},"loc":{"start":{"line":10,"column":44},"end":{"line":14,"column":3}}},"1":{"name":"(anonymous_7)","decl":{"start":{"line":16,"column":2},"end":{"line":16,"column":8}},"loc":{"start":{"line":16,"column":54},"end":{"line":19,"column":3}}},"2":{"name":"(anonymous_8)","decl":{"start":{"line":21,"column":2},"end":{"line":21,"column":14}},"loc":{"start":{"line":21,"column":40},"end":{"line":24,"column":3}}},"3":{"name":"(anonymous_9)","decl":{"start":{"line":26,"column":2},"end":{"line":26,"column":11}},"loc":{"start":{"line":26,"column":11},"end":{"line":28,"column":3}}},"4":{"name":"(anonymous_10)","decl":{"start":{"line":30,"column":2},"end":{"line":30,"column":9}},"loc":{"start":{"line":30,"column":27},"end":{"line":33,"column":3}}},"5":{"name":"createHash","decl":{"start":{"line":36,"column":9},"end":{"line":36,"column":19}},"loc":{"start":{"line":36,"column":51},"end":{"line":40,"column":1}}}},"branchMap":{"0":{"loc":{"start":{"line":18,"column":25},"end":{"line":18,"column":41}},"type":"binary-expr","locations":[{"start":{"line":18,"column":25},"end":{"line":18,"column":35}},{"start":{"line":18,"column":39},"end":{"line":18,"column":41}}]},"1":{"loc":{"start":{"line":18,"column":43},"end":{"line":18,"column":59}},"type":"binary-expr","locations":[{"start":{"line":18,"column":43},"end":{"line":18,"column":53}},{"start":{"line":18,"column":57},"end":{"line":18,"column":59}}]}},"s":{"0":1,"1":1,"2":1,"3":3,"4":3,"5":3,"6":1,"7":1,"8":4,"9":4,"10":1,"11":2,"12":2,"13":1,"14":5,"15":5,"16":5},"f":{"0":3,"1":1,"2":4,"3":1,"4":2,"5":5},"b":{"0":[1,0],"1":[1,0]}}
,"/home/runner/work/my-home-dashboard/my-home-dashboard/packages/lib/src/Logger.ts": {"path":"/home/runner/work/my-home-dashboard/my-home-dashboard/packages/lib/src/Logger.ts","statementMap":{"0":{"start":{"line":7,"column":0},"end":{"line":7,"column":16}},"1":{"start":{"line":11,"column":0},"end":{"line":11,"column":16}},"2":{"start":{"line":25,"column":0},"end":{"line":25,"column":16}},"3":{"start":{"line":1,"column":0},"end":{"line":1,"column":63}},"4":{"start":{"line":3,"column":0},"end":{"line":3,"column":39}},"5":{"start":{"line":5,"column":24},"end":{"line":5,"column":76}},"6":{"start":{"line":8,"column":2},"end":{"line":8,"column":46}},"7":{"start":{"line":8,"column":37},"end":{"line":8,"column":44}},"8":{"start":{"line":12,"column":2},"end":{"line":14,"column":3}},"9":{"start":{"line":13,"column":4},"end":{"line":13,"column":28}},"10":{"start":{"line":15,"column":2},"end":{"line":15,"column":80}},"11":{"start":{"line":26,"column":2},"end":{"line":42,"column":5}},"12":{"start":{"line":59,"column":22},"end":{"line":59,"column":24}},"13":{"start":{"line":60,"column":2},"end":{"line":77,"column":3}},"14":{"start":{"line":63,"column":6},"end":{"line":63,"column":24}},"15":{"start":{"line":64,"column":6},"end":{"line":64,"column":12}},"16":{"start":{"line":66,"column":6},"end":{"line":66,"column":24}},"17":{"start":{"line":67,"column":6},"end":{"line":67,"column":12}},"18":{"start":{"line":69,"column":6},"end":{"line":69,"column":24}},"19":{"start":{"line":70,"column":6},"end":{"line":70,"column":12}},"20":{"start":{"line":72,"column":6},"end":{"line":72,"column":24}},"21":{"start":{"line":73,"column":6},"end":{"line":73,"column":12}},"22":{"start":{"line":75,"column":6},"end":{"line":75,"column":24}},"23":{"start":{"line":76,"column":6},"end":{"line":76,"column":12}},"24":{"start":{"line":79,"column":17},"end":{"line":79,"column":19}},"25":{"start":{"line":80,"column":2},"end":{"line":86,"column":3}},"26":{"start":{"line":81,"column":4},"end":{"line":85,"column":7}},"27":{"start":{"line":87,"column":2},"end":{"line":93,"column":3}},"28":{"start":{"line":88,"column":4},"end":{"line":92,"column":7}},"29":{"start":{"line":94,"column":2},"end":{"line":100,"column":3}},"30":{"start":{"line":95,"column":4},"end":{"line":99,"column":7}},"31":{"start":{"line":102,"column":2},"end":{"line":110,"column":4}}},"fnMap":{"0":{"name":"isLogLevelString","decl":{"start":{"line":7,"column":16},"end":{"line":7,"column":32}},"loc":{"start":{"line":7,"column":42},"end":{"line":9,"column":1}}},"1":{"name":"(anonymous_8)","decl":{"start":{"line":8,"column":30},"end":{"line":8,"column":31}},"loc":{"start":{"line":8,"column":37},"end":{"line":8,"column":44}}},"2":{"name":"toLogLevel","decl":{"start":{"line":11,"column":16},"end":{"line":11,"column":26}},"loc":{"start":{"line":11,"column":36},"end":{"line":16,"column":1}}},"3":{"name":"createLogger","decl":{"start":{"line":25,"column":16},"end":{"line":25,"column":28}},"loc":{"start":{"line":25,"column":46},"end":{"line":43,"column":1}}},"4":{"name":"formatSlack","decl":{"start":{"line":55,"column":9},"end":{"line":55,"column":20}},"loc":{"start":{"line":57,"column":27},"end":{"line":111,"column":1}}}},"branchMap":{"0":{"loc":{"start":{"line":12,"column":2},"end":{"line":14,"column":3}},"type":"if","locations":[{"start":{"line":12,"column":2},"end":{"line":14,"column":3}}]},"1":{"loc":{"start":{"line":60,"column":2},"end":{"line":77,"column":3}},"type":"switch","locations":[{"start":{"line":61,"column":4},"end":{"line":61,"column":17}},{"start":{"line":62,"column":4},"end":{"line":64,"column":12}},{"start":{"line":65,"column":4},"end":{"line":67,"column":12}},{"start":{"line":68,"column":4},"end":{"line":70,"column":12}},{"start":{"line":71,"column":4},"end":{"line":73,"column":12}},{"start":{"line":74,"column":4},"end":{"line":76,"column":12}}]},"2":{"loc":{"start":{"line":80,"column":2},"end":{"line":86,"column":3}},"type":"if","locations":[{"start":{"line":80,"column":2},"end":{"line":86,"column":3}}]},"3":{"loc":{"start":{"line":87,"column":2},"end":{"line":93,"column":3}},"type":"if","locations":[{"start":{"line":87,"column":2},"end":{"line":93,"column":3}}]},"4":{"loc":{"start":{"line":94,"column":2},"end":{"line":100,"column":3}},"type":"if","locations":[{"start":{"line":94,"column":2},"end":{"line":100,"column":3}}]}},"s":{"0":0,"1":0,"2":0,"3":0,"4":0,"5":0,"6":0,"7":0,"8":0,"9":0,"10":0,"11":0,"12":0,"13":0,"14":0,"15":0,"16":0,"17":0,"18":0,"19":0,"20":0,"21":0,"22":0,"23":0,"24":0,"25":0,"26":0,"27":0,"28":0,"29":0,"30":0,"31":0},"f":{"0":0,"1":0,"2":0,"3":0,"4":0},"b":{"0":[0],"1":[0,0,0,0,0,0],"2":[0],"3":[0],"4":[0]}}
,"/home/runner/work/my-home-dashboard/my-home-dashboard/packages/lib/src/Secret.ts": {"path":"/home/runner/work/my-home-dashboard/my-home-dashboard/packages/lib/src/Secret.ts","statementMap":{"0":{"start":{"line":5,"column":4},"end":{"line":5,"column":24}},"1":{"start":{"line":9,"column":4},"end":{"line":9,"column":23}},"2":{"start":{"line":13,"column":4},"end":{"line":13,"column":23}},"3":{"start":{"line":17,"column":4},"end":{"line":17,"column":23}},"4":{"start":{"line":21,"column":27},"end":{"line":21,"column":62}},"5":{"start":{"line":22,"column":4},"end":{"line":22,"column":67}},"6":{"start":{"line":1,"column":0},"end":{"line":1,"column":13}}},"fnMap":{"0":{"name":"(anonymous_0)","decl":{"start":{"line":4,"column":2},"end":{"line":4,"column":14}},"loc":{"start":{"line":4,"column":27},"end":{"line":6,"column":3}}},"1":{"name":"(anonymous_1)","decl":{"start":{"line":8,"column":2},"end":{"line":8,"column":7}},"loc":{"start":{"line":8,"column":7},"end":{"line":10,"column":3}}},"2":{"name":"(anonymous_2)","decl":{"start":{"line":12,"column":2},"end":{"line":12,"column":10}},"loc":{"start":{"line":12,"column":10},"end":{"line":14,"column":3}}},"3":{"name":"(anonymous_3)","decl":{"start":{"line":16,"column":2},"end":{"line":16,"column":8}},"loc":{"start":{"line":16,"column":8},"end":{"line":18,"column":3}}},"4":{"name":"(anonymous_4)","decl":{"start":{"line":20,"column":10},"end":{"line":20,"column":14}},"loc":{"start":{"line":20,"column":14},"end":{"line":23,"column":3}}}},"branchMap":{},"s":{"0":22,"1":11,"2":7,"3":7,"4":14,"5":14,"6":2},"f":{"0":22,"1":11,"2":7,"3":7,"4":14},"b":{}}
}
