TN:
SF:src/Arrays.ts
FN:10,findValueString
FN:32,findValueStrings
FNF:2
FNH:2
FNDA:10,findValueString
FNDA:5,findValueStrings
DA:10,1
DA:11,10
DA:12,4
DA:14,6
DA:15,8
DA:16,8
DA:17,2
DA:20,4
DA:32,1
DA:33,5
DA:34,5
DA:35,1
DA:37,4
LF:13
LH:13
BRDA:11,0,0,4
BRDA:16,1,0,2
BRDA:34,2,0,1
BRDA:34,2,1,4
BRF:4
BRH:4
end_of_record
TN:
SF:src/Encrypt.ts
FN:12,makeKey
FN:21,(anonymous_1)
FN:29,(anonymous_2)
FN:43,(anonymous_3)
FN:49,(anonymous_4)
FN:59,(anonymous_5)
FN:64,encrypt
FN:88,decrypt
FNF:8
FNH:8
FNDA:4,makeKey
FNDA:3,(anonymous_1)
FNDA:1,(anonymous_2)
FNDA:4,(anonymous_3)
FNDA:1,(anonymous_4)
FNDA:1,(anonymous_5)
FNDA:3,encrypt
FNDA:1,decrypt
DA:1,1
DA:7,1
DA:9,1
DA:10,1
DA:13,4
DA:16,1
DA:25,3
DA:26,3
DA:30,1
DA:31,1
DA:32,0
DA:37,1
DA:38,1
DA:39,1
DA:40,1
DA:44,4
DA:45,4
DA:46,4
DA:50,1
DA:60,1
DA:72,3
DA:73,3
DA:74,3
DA:76,3
DA:78,3
DA:79,3
DA:81,3
DA:94,1
DA:95,1
DA:97,1
DA:98,1
DA:100,1
LF:32
LH:31
BRDA:31,0,0,0
BRF:1
BRH:0
end_of_record
TN:
SF:src/Env.ts
FN:4,getStringValue
FN:19,getNumberValue
FN:23,getLogLevel
FNF:3
FNH:0
FNDA:0,getStringValue
FNDA:0,getNumberValue
FNDA:0,getLogLevel
DA:1,0
DA:4,0
DA:9,0
DA:10,0
DA:11,0
DA:12,0
DA:14,0
DA:16,0
DA:19,0
DA:20,0
DA:23,0
DA:24,0
DA:25,0
DA:26,0
DA:28,0
LF:15
LH:0
BRDA:7,0,0,0
BRDA:10,1,0,0
BRDA:11,2,0,0
BRF:3
BRH:0
end_of_record
TN:
SF:src/Hash.ts
FN:10,(anonymous_6)
FN:16,(anonymous_7)
FN:21,(anonymous_8)
FN:26,(anonymous_9)
FN:30,(anonymous_10)
FN:36,createHash
FNF:6
FNH:6
FNDA:3,(anonymous_6)
FNDA:1,(anonymous_7)
FNDA:4,(anonymous_8)
FNDA:1,(anonymous_9)
FNDA:2,(anonymous_10)
FNDA:5,createHash
DA:1,1
DA:3,1
DA:4,1
DA:6,1
DA:11,3
DA:12,3
DA:13,3
DA:17,1
DA:18,1
DA:22,4
DA:23,4
DA:27,1
DA:31,2
DA:32,2
DA:37,5
DA:38,5
DA:39,5
LF:17
LH:17
BRF:0
BRH:0
end_of_record
TN:
SF:src/Logger.ts
FN:7,isLogLevelString
FN:8,(anonymous_8)
FN:11,toLogLevel
FN:25,createLogger
FN:55,formatSlack
FNF:5
FNH:0
FNDA:0,isLogLevelString
FNDA:0,(anonymous_8)
FNDA:0,toLogLevel
FNDA:0,createLogger
FNDA:0,formatSlack
DA:1,0
DA:3,0
DA:5,0
DA:7,0
DA:8,0
DA:11,0
DA:12,0
DA:13,0
DA:15,0
DA:25,0
DA:26,0
DA:59,0
DA:60,0
DA:63,0
DA:64,0
DA:66,0
DA:67,0
DA:69,0
DA:70,0
DA:72,0
DA:73,0
DA:75,0
DA:76,0
DA:79,0
DA:80,0
DA:81,0
DA:87,0
DA:88,0
DA:94,0
DA:95,0
DA:102,0
LF:31
LH:0
BRDA:12,0,0,0
BRDA:60,1,0,0
BRDA:60,1,1,0
BRDA:60,1,2,0
BRDA:60,1,3,0
BRDA:60,1,4,0
BRDA:60,1,5,0
BRDA:80,2,0,0
BRDA:87,3,0,0
BRDA:94,4,0,0
BRF:10
BRH:0
end_of_record
TN:
SF:src/Secret.ts
FN:4,(anonymous_0)
FN:8,(anonymous_1)
FN:12,(anonymous_2)
FN:16,(anonymous_3)
FN:20,(anonymous_4)
FNF:5
FNH:5
FNDA:22,(anonymous_0)
FNDA:11,(anonymous_1)
FNDA:7,(anonymous_2)
FNDA:7,(anonymous_3)
FNDA:14,(anonymous_4)
DA:1,2
DA:5,22
DA:9,11
DA:13,7
DA:17,7
DA:21,14
DA:22,14
LF:7
LH:7
BRF:0
BRH:0
end_of_record
