TN:
SF:src/Env.ts
FN:4,getStringValue
FN:19,getNumberValue
FN:23,getLogLevel
FNF:3
FNH:0
FNDA:0,getStringValue
FNDA:0,getNumberValue
FNDA:0,getLogLevel
DA:1,0
DA:4,0
DA:9,0
DA:10,0
DA:11,0
DA:12,0
DA:14,0
DA:16,0
DA:19,0
DA:20,0
DA:23,0
DA:24,0
DA:25,0
DA:26,0
DA:28,0
LF:15
LH:0
BRDA:7,0,0,0
BRDA:10,1,0,0
BRDA:11,2,0,0
BRF:3
BRH:0
end_of_record
TN:
SF:src/Logger.ts
FN:7,isLogLevelString
FN:8,(anonymous_8)
FN:11,toLogLevel
FN:25,createLogger
FN:55,formatSlack
FNF:5
FNH:0
FNDA:0,isLogLevelString
FNDA:0,(anonymous_8)
FNDA:0,toLogLevel
FNDA:0,createLogger
FNDA:0,formatSlack
DA:1,0
DA:3,0
DA:5,0
DA:7,0
DA:8,0
DA:11,0
DA:12,0
DA:13,0
DA:15,0
DA:25,0
DA:26,0
DA:59,0
DA:60,0
DA:63,0
DA:64,0
DA:66,0
DA:67,0
DA:69,0
DA:70,0
DA:72,0
DA:73,0
DA:75,0
DA:76,0
DA:79,0
DA:80,0
DA:81,0
DA:87,0
DA:88,0
DA:94,0
DA:95,0
DA:102,0
LF:31
LH:0
BRDA:12,0,0,0
BRDA:60,1,0,0
BRDA:60,1,1,0
BRDA:60,1,2,0
BRDA:60,1,3,0
BRDA:60,1,4,0
BRDA:60,1,5,0
BRDA:80,2,0,0
BRDA:87,3,0,0
BRDA:94,4,0,0
BRDA:94,5,0,0
BRDA:94,5,1,0
BRDA:94,6,0,0
BRDA:94,6,1,0
BRF:14
BRH:0
end_of_record
TN:
SF:src/Secret.ts
FN:4,(anonymous_0)
FN:8,(anonymous_1)
FN:12,(anonymous_2)
FN:16,(anonymous_3)
FN:20,(anonymous_4)
FNF:5
FNH:5
FNDA:20,(anonymous_0)
FNDA:6,(anonymous_1)
FNDA:7,(anonymous_2)
FNDA:7,(anonymous_3)
FNDA:14,(anonymous_4)
DA:1,1
DA:5,20
DA:9,6
DA:13,7
DA:17,7
DA:21,14
DA:22,14
LF:7
LH:7
BRF:0
BRH:0
end_of_record
