{"/home/runner/work/my-home-dashboard/my-home-dashboard/packages/dashboard/server/api/cost/monthly.post.ts": {"path":"/home/runner/work/my-home-dashboard/my-home-dashboard/packages/dashboard/server/api/cost/monthly.post.ts","statementMap":{"0":{"start":{"line":1,"column":0},"end":{"line":1,"column":45}},"1":{"start":{"line":13,"column":0},"end":{"line":92,"column":null}},"2":{"start":{"line":14,"column":17},"end":{"line":14,"column":35}},"3":{"start":{"line":15,"column":2},"end":{"line":91,"column":null}},"4":{"start":{"line":16,"column":17},"end":{"line":16,"column":47}},"5":{"start":{"line":17,"column":4},"end":{"line":17,"column":null}},"6":{"start":{"line":19,"column":21},"end":{"line":23,"column":6}},"7":{"start":{"line":26,"column":4},"end":{"line":35,"column":null}},"8":{"start":{"line":27,"column":6},"end":{"line":27,"column":null}},"9":{"start":{"line":29,"column":26},"end":{"line":33,"column":8}},"10":{"start":{"line":34,"column":6},"end":{"line":34,"column":null}},"11":{"start":{"line":42,"column":20},"end":{"line":42,"column":45}},"12":{"start":{"line":43,"column":4},"end":{"line":58,"column":null}},"13":{"start":{"line":44,"column":30},"end":{"line":44,"column":76}},"14":{"start":{"line":45,"column":18},"end":{"line":45,"column":36}},"15":{"start":{"line":47,"column":21},"end":{"line":47,"column":37}},"16":{"start":{"line":48,"column":6},"end":{"line":57,"column":null}},"17":{"start":{"line":49,"column":8},"end":{"line":49,"column":null}},"18":{"start":{"line":50,"column":8},"end":{"line":50,"column":null}},"19":{"start":{"line":52,"column":8},"end":{"line":56,"column":null}},"20":{"start":{"line":60,"column":4},"end":{"line":79,"column":null}},"21":{"start":{"line":61,"column":6},"end":{"line":78,"column":null}},"22":{"start":{"line":80,"column":4},"end":{"line":82,"column":null}},"23":{"start":{"line":84,"column":4},"end":{"line":84,"column":null}},"24":{"start":{"line":85,"column":4},"end":{"line":88,"column":null}},"25":{"start":{"line":90,"column":4},"end":{"line":90,"column":null}}},"fnMap":{"0":{"name":"(anonymous_0)","decl":{"start":{"line":13,"column":34},"end":{"line":13,"column":39}},"loc":{"start":{"line":13,"column":50},"end":{"line":92,"column":1}}}},"branchMap":{"0":{"loc":{"start":{"line":26,"column":4},"end":{"line":35,"column":null}},"type":"if","locations":[{"start":{"line":26,"column":4},"end":{"line":35,"column":null}},{"start":{"line":28,"column":11},"end":{"line":35,"column":null}}]},"1":{"loc":{"start":{"line":48,"column":6},"end":{"line":57,"column":null}},"type":"if","locations":[{"start":{"line":48,"column":6},"end":{"line":57,"column":null}},{"start":{"line":51,"column":13},"end":{"line":57,"column":null}}]}},"s":{"0":0,"1":0,"2":0,"3":0,"4":0,"5":0,"6":0,"7":0,"8":0,"9":0,"10":0,"11":0,"12":0,"13":0,"14":0,"15":0,"16":0,"17":0,"18":0,"19":0,"20":0,"21":0,"22":0,"23":0,"24":0,"25":0},"f":{"0":0},"b":{"0":[0,0],"1":[0,0]}}
,"/home/runner/work/my-home-dashboard/my-home-dashboard/packages/dashboard/server/api/electricity/graph.ts": {"path":"/home/runner/work/my-home-dashboard/my-home-dashboard/packages/dashboard/server/api/electricity/graph.ts","statementMap":{"0":{"start":{"line":1,"column":0},"end":{"line":1,"column":45}},"1":{"start":{"line":10,"column":0},"end":{"line":35,"column":null}},"2":{"start":{"line":11,"column":16},"end":{"line":11,"column":31}},"3":{"start":{"line":12,"column":16},"end":{"line":12,"column":35}},"4":{"start":{"line":13,"column":2},"end":{"line":18,"column":null}},"5":{"start":{"line":14,"column":4},"end":{"line":17,"column":null}},"6":{"start":{"line":20,"column":17},"end":{"line":20,"column":35}},"7":{"start":{"line":21,"column":2},"end":{"line":34,"column":null}},"8":{"start":{"line":22,"column":4},"end":{"line":24,"column":null}},"9":{"start":{"line":23,"column":6},"end":{"line":23,"column":null}},"10":{"start":{"line":25,"column":4},"end":{"line":27,"column":null}},"11":{"start":{"line":26,"column":6},"end":{"line":26,"column":null}},"12":{"start":{"line":28,"column":4},"end":{"line":31,"column":null}},"13":{"start":{"line":33,"column":4},"end":{"line":33,"column":null}},"14":{"start":{"line":41,"column":17},"end":{"line":51,"column":4}},"15":{"start":{"line":52,"column":19},"end":{"line":52,"column":35}},"16":{"start":{"line":53,"column":22},"end":{"line":57,"column":4}},"17":{"start":{"line":59,"column":2},"end":{"line":66,"column":null}},"18":{"start":{"line":61,"column":6},"end":{"line":61,"column":53}},"19":{"start":{"line":63,"column":30},"end":{"line":63,"column":41}},"20":{"start":{"line":64,"column":30},"end":{"line":64,"column":41}},"21":{"start":{"line":73,"column":17},"end":{"line":86,"column":4}},"22":{"start":{"line":87,"column":19},"end":{"line":87,"column":35}},"23":{"start":{"line":88,"column":22},"end":{"line":92,"column":4}},"24":{"start":{"line":93,"column":2},"end":{"line":100,"column":null}},"25":{"start":{"line":95,"column":6},"end":{"line":95,"column":65}},"26":{"start":{"line":98,"column":30},"end":{"line":98,"column":52}}},"fnMap":{"0":{"name":"(anonymous_0)","decl":{"start":{"line":10,"column":34},"end":{"line":10,"column":39}},"loc":{"start":{"line":10,"column":69},"end":{"line":35,"column":1}}},"1":{"name":"findMonthly","decl":{"start":{"line":37,"column":15},"end":{"line":37,"column":26}},"loc":{"start":{"line":39,"column":15},"end":{"line":67,"column":1}}},"2":{"name":"(anonymous_2)","decl":{"start":{"line":60,"column":25},"end":{"line":60,"column":26}},"loc":{"start":{"line":61,"column":6},"end":{"line":61,"column":53}}},"3":{"name":"(anonymous_3)","decl":{"start":{"line":63,"column":23},"end":{"line":63,"column":24}},"loc":{"start":{"line":63,"column":30},"end":{"line":63,"column":41}}},"4":{"name":"(anonymous_4)","decl":{"start":{"line":64,"column":23},"end":{"line":64,"column":24}},"loc":{"start":{"line":64,"column":30},"end":{"line":64,"column":41}}},"5":{"name":"findDaily","decl":{"start":{"line":69,"column":15},"end":{"line":69,"column":24}},"loc":{"start":{"line":71,"column":15},"end":{"line":101,"column":1}}},"6":{"name":"(anonymous_6)","decl":{"start":{"line":94,"column":25},"end":{"line":94,"column":26}},"loc":{"start":{"line":95,"column":6},"end":{"line":95,"column":65}}},"7":{"name":"(anonymous_7)","decl":{"start":{"line":98,"column":23},"end":{"line":98,"column":24}},"loc":{"start":{"line":98,"column":30},"end":{"line":98,"column":52}}}},"branchMap":{"0":{"loc":{"start":{"line":13,"column":2},"end":{"line":18,"column":null}},"type":"if","locations":[{"start":{"line":13,"column":2},"end":{"line":18,"column":null}}]},"1":{"loc":{"start":{"line":22,"column":4},"end":{"line":24,"column":null}},"type":"if","locations":[{"start":{"line":22,"column":4},"end":{"line":24,"column":null}}]},"2":{"loc":{"start":{"line":25,"column":4},"end":{"line":27,"column":null}},"type":"if","locations":[{"start":{"line":25,"column":4},"end":{"line":27,"column":null}}]}},"s":{"0":0,"1":0,"2":0,"3":0,"4":0,"5":0,"6":0,"7":0,"8":0,"9":0,"10":0,"11":0,"12":0,"13":0,"14":0,"15":0,"16":0,"17":0,"18":0,"19":0,"20":0,"21":0,"22":0,"23":0,"24":0,"25":0,"26":0},"f":{"0":0,"1":0,"2":0,"3":0,"4":0,"5":0,"6":0,"7":0},"b":{"0":[0],"1":[0],"2":[0]}}
,"/home/runner/work/my-home-dashboard/my-home-dashboard/packages/dashboard/server/api/electricity/table.ts": {"path":"/home/runner/work/my-home-dashboard/my-home-dashboard/packages/dashboard/server/api/electricity/table.ts","statementMap":{"0":{"start":{"line":1,"column":0},"end":{"line":1,"column":45}},"1":{"start":{"line":23,"column":0},"end":{"line":48,"column":null}},"2":{"start":{"line":24,"column":16},"end":{"line":24,"column":31}},"3":{"start":{"line":25,"column":16},"end":{"line":25,"column":35}},"4":{"start":{"line":26,"column":2},"end":{"line":31,"column":null}},"5":{"start":{"line":27,"column":4},"end":{"line":30,"column":null}},"6":{"start":{"line":33,"column":17},"end":{"line":33,"column":35}},"7":{"start":{"line":34,"column":2},"end":{"line":47,"column":null}},"8":{"start":{"line":35,"column":4},"end":{"line":37,"column":null}},"9":{"start":{"line":36,"column":6},"end":{"line":36,"column":null}},"10":{"start":{"line":38,"column":4},"end":{"line":40,"column":null}},"11":{"start":{"line":39,"column":6},"end":{"line":39,"column":null}},"12":{"start":{"line":41,"column":4},"end":{"line":44,"column":null}},"13":{"start":{"line":46,"column":4},"end":{"line":46,"column":null}},"14":{"start":{"line":54,"column":17},"end":{"line":64,"column":4}},"15":{"start":{"line":65,"column":22},"end":{"line":69,"column":4}},"16":{"start":{"line":71,"column":2},"end":{"line":81,"column":null}},"17":{"start":{"line":73,"column":6},"end":{"line":78,"column":null}},"18":{"start":{"line":88,"column":17},"end":{"line":101,"column":4}},"19":{"start":{"line":102,"column":22},"end":{"line":106,"column":4}},"20":{"start":{"line":107,"column":2},"end":{"line":116,"column":null}},"21":{"start":{"line":109,"column":6},"end":{"line":113,"column":null}}},"fnMap":{"0":{"name":"(anonymous_0)","decl":{"start":{"line":23,"column":34},"end":{"line":23,"column":39}},"loc":{"start":{"line":23,"column":69},"end":{"line":48,"column":1}}},"1":{"name":"findMonthly","decl":{"start":{"line":50,"column":15},"end":{"line":50,"column":26}},"loc":{"start":{"line":52,"column":15},"end":{"line":82,"column":1}}},"2":{"name":"(anonymous_2)","decl":{"start":{"line":72,"column":30},"end":{"line":72,"column":31}},"loc":{"start":{"line":72,"column":36},"end":{"line":79,"column":5}}},"3":{"name":"findDaily","decl":{"start":{"line":84,"column":15},"end":{"line":84,"column":24}},"loc":{"start":{"line":86,"column":15},"end":{"line":117,"column":1}}},"4":{"name":"(anonymous_4)","decl":{"start":{"line":108,"column":28},"end":{"line":108,"column":29}},"loc":{"start":{"line":108,"column":34},"end":{"line":114,"column":5}}}},"branchMap":{"0":{"loc":{"start":{"line":26,"column":2},"end":{"line":31,"column":null}},"type":"if","locations":[{"start":{"line":26,"column":2},"end":{"line":31,"column":null}}]},"1":{"loc":{"start":{"line":35,"column":4},"end":{"line":37,"column":null}},"type":"if","locations":[{"start":{"line":35,"column":4},"end":{"line":37,"column":null}}]},"2":{"loc":{"start":{"line":38,"column":4},"end":{"line":40,"column":null}},"type":"if","locations":[{"start":{"line":38,"column":4},"end":{"line":40,"column":null}}]}},"s":{"0":0,"1":0,"2":0,"3":0,"4":0,"5":0,"6":0,"7":0,"8":0,"9":0,"10":0,"11":0,"12":0,"13":0,"14":0,"15":0,"16":0,"17":0,"18":0,"19":0,"20":0,"21":0},"f":{"0":0,"1":0,"2":0,"3":0,"4":0},"b":{"0":[0],"1":[0],"2":[0]}}
,"/home/runner/work/my-home-dashboard/my-home-dashboard/packages/dashboard/server/api/gas/graph.ts": {"path":"/home/runner/work/my-home-dashboard/my-home-dashboard/packages/dashboard/server/api/gas/graph.ts","statementMap":{"0":{"start":{"line":1,"column":0},"end":{"line":1,"column":45}},"1":{"start":{"line":10,"column":0},"end":{"line":50,"column":null}},"2":{"start":{"line":11,"column":16},"end":{"line":11,"column":31}},"3":{"start":{"line":12,"column":16},"end":{"line":12,"column":35}},"4":{"start":{"line":13,"column":2},"end":{"line":18,"column":null}},"5":{"start":{"line":14,"column":4},"end":{"line":17,"column":null}},"6":{"start":{"line":20,"column":17},"end":{"line":20,"column":35}},"7":{"start":{"line":21,"column":2},"end":{"line":49,"column":null}},"8":{"start":{"line":22,"column":19},"end":{"line":32,"column":6}},"9":{"start":{"line":33,"column":21},"end":{"line":33,"column":37}},"10":{"start":{"line":34,"column":24},"end":{"line":38,"column":6}},"11":{"start":{"line":39,"column":4},"end":{"line":46,"column":null}},"12":{"start":{"line":41,"column":8},"end":{"line":41,"column":55}},"13":{"start":{"line":43,"column":32},"end":{"line":43,"column":43}},"14":{"start":{"line":44,"column":35},"end":{"line":44,"column":60}},"15":{"start":{"line":48,"column":4},"end":{"line":48,"column":null}}},"fnMap":{"0":{"name":"(anonymous_0)","decl":{"start":{"line":10,"column":34},"end":{"line":10,"column":39}},"loc":{"start":{"line":10,"column":69},"end":{"line":50,"column":1}}},"1":{"name":"(anonymous_1)","decl":{"start":{"line":40,"column":27},"end":{"line":40,"column":28}},"loc":{"start":{"line":41,"column":8},"end":{"line":41,"column":55}}},"2":{"name":"(anonymous_2)","decl":{"start":{"line":43,"column":25},"end":{"line":43,"column":26}},"loc":{"start":{"line":43,"column":32},"end":{"line":43,"column":43}}},"3":{"name":"(anonymous_3)","decl":{"start":{"line":44,"column":28},"end":{"line":44,"column":29}},"loc":{"start":{"line":44,"column":35},"end":{"line":44,"column":60}}}},"branchMap":{"0":{"loc":{"start":{"line":13,"column":2},"end":{"line":18,"column":null}},"type":"if","locations":[{"start":{"line":13,"column":2},"end":{"line":18,"column":null}}]}},"s":{"0":0,"1":0,"2":0,"3":0,"4":0,"5":0,"6":0,"7":0,"8":0,"9":0,"10":0,"11":0,"12":0,"13":0,"14":0,"15":0},"f":{"0":0,"1":0,"2":0,"3":0},"b":{"0":[0]}}
,"/home/runner/work/my-home-dashboard/my-home-dashboard/packages/dashboard/server/api/gas/table.ts": {"path":"/home/runner/work/my-home-dashboard/my-home-dashboard/packages/dashboard/server/api/gas/table.ts","statementMap":{"0":{"start":{"line":1,"column":0},"end":{"line":1,"column":45}},"1":{"start":{"line":2,"column":0},"end":{"line":2,"column":50}},"2":{"start":{"line":15,"column":0},"end":{"line":58,"column":null}},"3":{"start":{"line":16,"column":16},"end":{"line":16,"column":31}},"4":{"start":{"line":17,"column":16},"end":{"line":17,"column":35}},"5":{"start":{"line":18,"column":2},"end":{"line":23,"column":null}},"6":{"start":{"line":19,"column":4},"end":{"line":22,"column":null}},"7":{"start":{"line":25,"column":17},"end":{"line":25,"column":35}},"8":{"start":{"line":26,"column":2},"end":{"line":57,"column":null}},"9":{"start":{"line":27,"column":19},"end":{"line":37,"column":6}},"10":{"start":{"line":38,"column":24},"end":{"line":42,"column":6}},"11":{"start":{"line":43,"column":4},"end":{"line":54,"column":null}},"12":{"start":{"line":45,"column":8},"end":{"line":51,"column":null}},"13":{"start":{"line":56,"column":4},"end":{"line":56,"column":null}}},"fnMap":{"0":{"name":"(anonymous_0)","decl":{"start":{"line":15,"column":34},"end":{"line":15,"column":39}},"loc":{"start":{"line":15,"column":69},"end":{"line":58,"column":1}}},"1":{"name":"(anonymous_1)","decl":{"start":{"line":44,"column":32},"end":{"line":44,"column":33}},"loc":{"start":{"line":44,"column":38},"end":{"line":52,"column":7}}}},"branchMap":{"0":{"loc":{"start":{"line":18,"column":2},"end":{"line":23,"column":null}},"type":"if","locations":[{"start":{"line":18,"column":2},"end":{"line":23,"column":null}}]}},"s":{"0":0,"1":0,"2":0,"3":0,"4":0,"5":0,"6":0,"7":0,"8":0,"9":0,"10":0,"11":0,"12":0,"13":0},"f":{"0":0,"1":0},"b":{"0":[0]}}
,"/home/runner/work/my-home-dashboard/my-home-dashboard/packages/dashboard/server/api/water/graph.ts": {"path":"/home/runner/work/my-home-dashboard/my-home-dashboard/packages/dashboard/server/api/water/graph.ts","statementMap":{"0":{"start":{"line":1,"column":0},"end":{"line":1,"column":45}},"1":{"start":{"line":10,"column":0},"end":{"line":50,"column":null}},"2":{"start":{"line":11,"column":16},"end":{"line":11,"column":31}},"3":{"start":{"line":12,"column":16},"end":{"line":12,"column":35}},"4":{"start":{"line":13,"column":2},"end":{"line":18,"column":null}},"5":{"start":{"line":14,"column":4},"end":{"line":17,"column":null}},"6":{"start":{"line":20,"column":17},"end":{"line":20,"column":35}},"7":{"start":{"line":21,"column":2},"end":{"line":49,"column":null}},"8":{"start":{"line":22,"column":19},"end":{"line":32,"column":6}},"9":{"start":{"line":33,"column":21},"end":{"line":33,"column":37}},"10":{"start":{"line":34,"column":24},"end":{"line":38,"column":6}},"11":{"start":{"line":39,"column":4},"end":{"line":46,"column":null}},"12":{"start":{"line":41,"column":8},"end":{"line":41,"column":55}},"13":{"start":{"line":43,"column":32},"end":{"line":43,"column":43}},"14":{"start":{"line":44,"column":35},"end":{"line":44,"column":60}},"15":{"start":{"line":48,"column":4},"end":{"line":48,"column":null}}},"fnMap":{"0":{"name":"(anonymous_0)","decl":{"start":{"line":10,"column":34},"end":{"line":10,"column":39}},"loc":{"start":{"line":10,"column":69},"end":{"line":50,"column":1}}},"1":{"name":"(anonymous_1)","decl":{"start":{"line":40,"column":27},"end":{"line":40,"column":28}},"loc":{"start":{"line":41,"column":8},"end":{"line":41,"column":55}}},"2":{"name":"(anonymous_2)","decl":{"start":{"line":43,"column":25},"end":{"line":43,"column":26}},"loc":{"start":{"line":43,"column":32},"end":{"line":43,"column":43}}},"3":{"name":"(anonymous_3)","decl":{"start":{"line":44,"column":28},"end":{"line":44,"column":29}},"loc":{"start":{"line":44,"column":35},"end":{"line":44,"column":60}}}},"branchMap":{"0":{"loc":{"start":{"line":13,"column":2},"end":{"line":18,"column":null}},"type":"if","locations":[{"start":{"line":13,"column":2},"end":{"line":18,"column":null}}]}},"s":{"0":0,"1":0,"2":0,"3":0,"4":0,"5":0,"6":0,"7":0,"8":0,"9":0,"10":0,"11":0,"12":0,"13":0,"14":0,"15":0},"f":{"0":0,"1":0,"2":0,"3":0},"b":{"0":[0]}}
,"/home/runner/work/my-home-dashboard/my-home-dashboard/packages/dashboard/server/api/water/table.ts": {"path":"/home/runner/work/my-home-dashboard/my-home-dashboard/packages/dashboard/server/api/water/table.ts","statementMap":{"0":{"start":{"line":1,"column":0},"end":{"line":1,"column":45}},"1":{"start":{"line":14,"column":0},"end":{"line":57,"column":null}},"2":{"start":{"line":15,"column":16},"end":{"line":15,"column":31}},"3":{"start":{"line":16,"column":16},"end":{"line":16,"column":35}},"4":{"start":{"line":17,"column":2},"end":{"line":22,"column":null}},"5":{"start":{"line":18,"column":4},"end":{"line":21,"column":null}},"6":{"start":{"line":24,"column":17},"end":{"line":24,"column":35}},"7":{"start":{"line":25,"column":2},"end":{"line":56,"column":null}},"8":{"start":{"line":26,"column":19},"end":{"line":36,"column":6}},"9":{"start":{"line":37,"column":24},"end":{"line":41,"column":6}},"10":{"start":{"line":42,"column":4},"end":{"line":53,"column":null}},"11":{"start":{"line":44,"column":8},"end":{"line":50,"column":null}},"12":{"start":{"line":55,"column":4},"end":{"line":55,"column":null}}},"fnMap":{"0":{"name":"(anonymous_0)","decl":{"start":{"line":14,"column":34},"end":{"line":14,"column":39}},"loc":{"start":{"line":14,"column":69},"end":{"line":57,"column":1}}},"1":{"name":"(anonymous_1)","decl":{"start":{"line":43,"column":32},"end":{"line":43,"column":33}},"loc":{"start":{"line":43,"column":38},"end":{"line":51,"column":7}}}},"branchMap":{"0":{"loc":{"start":{"line":17,"column":2},"end":{"line":22,"column":null}},"type":"if","locations":[{"start":{"line":17,"column":2},"end":{"line":22,"column":null}}]}},"s":{"0":0,"1":0,"2":0,"3":0,"4":0,"5":0,"6":0,"7":0,"8":0,"9":0,"10":0,"11":0,"12":0},"f":{"0":0,"1":0},"b":{"0":[0]}}
,"/home/runner/work/my-home-dashboard/my-home-dashboard/packages/dashboard/server/utils/date.ts": {"path":"/home/runner/work/my-home-dashboard/my-home-dashboard/packages/dashboard/server/utils/date.ts","statementMap":{"0":{"start":{"line":12,"column":20},"end":{"line":13,"column":null}},"1":{"start":{"line":16,"column":2},"end":{"line":23,"column":null}},"2":{"start":{"line":10,"column":0},"end":{"line":10,"column":16}}},"fnMap":{"0":{"name":"extractDatetimeElementJst","decl":{"start":{"line":10,"column":16},"end":{"line":10,"column":41}},"loc":{"start":{"line":10,"column":49},"end":{"line":24,"column":1}}}},"branchMap":{},"s":{"0":10,"1":10,"2":2},"f":{"0":10},"b":{}}
,"/home/runner/work/my-home-dashboard/my-home-dashboard/packages/dashboard/server/utils/format.ts": {"path":"/home/runner/work/my-home-dashboard/my-home-dashboard/packages/dashboard/server/utils/format.ts","statementMap":{"0":{"start":{"line":1,"column":0},"end":{"line":1,"column":50}},"1":{"start":{"line":8,"column":15},"end":{"line":8,"column":44}},"2":{"start":{"line":9,"column":13},"end":{"line":9,"column":43}},"3":{"start":{"line":10,"column":13},"end":{"line":10,"column":42}},"4":{"start":{"line":11,"column":2},"end":{"line":11,"column":null}},"5":{"start":{"line":3,"column":0},"end":{"line":3,"column":16}},"6":{"start":{"line":15,"column":15},"end":{"line":15,"column":44}},"7":{"start":{"line":16,"column":13},"end":{"line":16,"column":43}},"8":{"start":{"line":17,"column":2},"end":{"line":17,"column":null}},"9":{"start":{"line":14,"column":0},"end":{"line":14,"column":16}},"10":{"start":{"line":22,"column":31},"end":{"line":22,"column":59}},"11":{"start":{"line":23,"column":19},"end":{"line":23,"column":52}},"12":{"start":{"line":24,"column":17},"end":{"line":24,"column":48}},"13":{"start":{"line":26,"column":2},"end":{"line":29,"column":null}},"14":{"start":{"line":28,"column":6},"end":{"line":28,"column":null}},"15":{"start":{"line":21,"column":0},"end":{"line":21,"column":16}}},"fnMap":{"0":{"name":"formatDailyLabel","decl":{"start":{"line":3,"column":16},"end":{"line":3,"column":32}},"loc":{"start":{"line":6,"column":14},"end":{"line":12,"column":1}}},"1":{"name":"formatMonthlyLabel","decl":{"start":{"line":14,"column":16},"end":{"line":14,"column":34}},"loc":{"start":{"line":14,"column":62},"end":{"line":18,"column":1}}},"2":{"name":"formatDateJst","decl":{"start":{"line":21,"column":16},"end":{"line":21,"column":29}},"loc":{"start":{"line":21,"column":52},"end":{"line":30,"column":1}}}},"branchMap":{"0":{"loc":{"start":{"line":26,"column":2},"end":{"line":29,"column":null}},"type":"switch","locations":[{"start":{"line":27,"column":4},"end":{"line":28,"column":null}}]}},"s":{"0":1,"1":2,"2":2,"3":2,"4":2,"5":1,"6":2,"7":2,"8":2,"9":1,"10":8,"11":8,"12":8,"13":8,"14":8,"15":1},"f":{"0":2,"1":2,"2":8},"b":{"0":[8]}}
,"/home/runner/work/my-home-dashboard/my-home-dashboard/packages/dashboard/utils/format.ts": {"path":"/home/runner/work/my-home-dashboard/my-home-dashboard/packages/dashboard/utils/format.ts","statementMap":{"0":{"start":{"line":2,"column":12},"end":{"line":5,"column":4}},"1":{"start":{"line":6,"column":2},"end":{"line":6,"column":null}},"2":{"start":{"line":1,"column":0},"end":{"line":1,"column":16}}},"fnMap":{"0":{"name":"formatNumber","decl":{"start":{"line":1,"column":16},"end":{"line":1,"column":28}},"loc":{"start":{"line":1,"column":61},"end":{"line":7,"column":1}}}},"branchMap":{},"s":{"0":8,"1":8,"2":1},"f":{"0":8},"b":{}}
}
