TN:
SF:server/api/cost/monthly.post.ts
FN:13,(anonymous_0)
FNF:1
FNH:0
FNDA:0,(anonymous_0)
DA:1,0
DA:13,0
DA:14,0
DA:15,0
DA:16,0
DA:17,0
DA:19,0
DA:26,0
DA:27,0
DA:29,0
DA:34,0
DA:42,0
DA:43,0
DA:44,0
DA:45,0
DA:47,0
DA:48,0
DA:49,0
DA:50,0
DA:52,0
DA:60,0
DA:61,0
DA:80,0
DA:84,0
DA:85,0
DA:90,0
LF:26
LH:0
BRDA:26,0,0,0
BRDA:26,0,1,0
BRDA:48,1,0,0
BRDA:48,1,1,0
BRF:4
BRH:0
end_of_record
TN:
SF:server/api/electricity/graph.ts
FN:10,(anonymous_0)
FN:37,findMonthly
FN:60,(anonymous_2)
FN:63,(anonymous_3)
FN:64,(anonymous_4)
FN:69,findDaily
FN:94,(anonymous_6)
FN:98,(anonymous_7)
FNF:8
FNH:0
FNDA:0,(anonymous_0)
FNDA:0,findMonthly
FNDA:0,(anonymous_2)
FNDA:0,(anonymous_3)
FNDA:0,(anonymous_4)
FNDA:0,findDaily
FNDA:0,(anonymous_6)
FNDA:0,(anonymous_7)
DA:1,0
DA:10,0
DA:11,0
DA:12,0
DA:13,0
DA:14,0
DA:20,0
DA:21,0
DA:22,0
DA:23,0
DA:25,0
DA:26,0
DA:28,0
DA:33,0
DA:41,0
DA:52,0
DA:53,0
DA:59,0
DA:61,0
DA:63,0
DA:64,0
DA:73,0
DA:87,0
DA:88,0
DA:93,0
DA:95,0
DA:98,0
LF:27
LH:0
BRDA:13,0,0,0
BRDA:22,1,0,0
BRDA:25,2,0,0
BRF:3
BRH:0
end_of_record
TN:
SF:server/api/electricity/table.ts
FN:23,(anonymous_0)
FN:50,findMonthly
FN:72,(anonymous_2)
FN:84,findDaily
FN:108,(anonymous_4)
FNF:5
FNH:0
FNDA:0,(anonymous_0)
FNDA:0,findMonthly
FNDA:0,(anonymous_2)
FNDA:0,findDaily
FNDA:0,(anonymous_4)
DA:1,0
DA:23,0
DA:24,0
DA:25,0
DA:26,0
DA:27,0
DA:33,0
DA:34,0
DA:35,0
DA:36,0
DA:38,0
DA:39,0
DA:41,0
DA:46,0
DA:54,0
DA:65,0
DA:71,0
DA:73,0
DA:88,0
DA:102,0
DA:107,0
DA:109,0
LF:22
LH:0
BRDA:26,0,0,0
BRDA:35,1,0,0
BRDA:38,2,0,0
BRF:3
BRH:0
end_of_record
TN:
SF:server/api/gas/graph.ts
FN:10,(anonymous_0)
FN:40,(anonymous_1)
FN:43,(anonymous_2)
FN:44,(anonymous_3)
FNF:4
FNH:0
FNDA:0,(anonymous_0)
FNDA:0,(anonymous_1)
FNDA:0,(anonymous_2)
FNDA:0,(anonymous_3)
DA:1,0
DA:10,0
DA:11,0
DA:12,0
DA:13,0
DA:14,0
DA:20,0
DA:21,0
DA:22,0
DA:33,0
DA:34,0
DA:39,0
DA:41,0
DA:43,0
DA:44,0
DA:48,0
LF:16
LH:0
BRDA:13,0,0,0
BRF:1
BRH:0
end_of_record
TN:
SF:server/api/gas/table.ts
FN:15,(anonymous_0)
FN:44,(anonymous_1)
FNF:2
FNH:0
FNDA:0,(anonymous_0)
FNDA:0,(anonymous_1)
DA:1,0
DA:2,0
DA:15,0
DA:16,0
DA:17,0
DA:18,0
DA:19,0
DA:25,0
DA:26,0
DA:27,0
DA:38,0
DA:43,0
DA:45,0
DA:56,0
LF:14
LH:0
BRDA:18,0,0,0
BRF:1
BRH:0
end_of_record
TN:
SF:server/api/water/graph.ts
FN:10,(anonymous_0)
FN:40,(anonymous_1)
FN:43,(anonymous_2)
FN:44,(anonymous_3)
FNF:4
FNH:0
FNDA:0,(anonymous_0)
FNDA:0,(anonymous_1)
FNDA:0,(anonymous_2)
FNDA:0,(anonymous_3)
DA:1,0
DA:10,0
DA:11,0
DA:12,0
DA:13,0
DA:14,0
DA:20,0
DA:21,0
DA:22,0
DA:33,0
DA:34,0
DA:39,0
DA:41,0
DA:43,0
DA:44,0
DA:48,0
LF:16
LH:0
BRDA:13,0,0,0
BRF:1
BRH:0
end_of_record
TN:
SF:server/api/water/table.ts
FN:14,(anonymous_0)
FN:43,(anonymous_1)
FNF:2
FNH:0
FNDA:0,(anonymous_0)
FNDA:0,(anonymous_1)
DA:1,0
DA:14,0
DA:15,0
DA:16,0
DA:17,0
DA:18,0
DA:24,0
DA:25,0
DA:26,0
DA:37,0
DA:42,0
DA:44,0
DA:55,0
LF:13
LH:0
BRDA:17,0,0,0
BRF:1
BRH:0
end_of_record
TN:
SF:server/utils/date.ts
FN:10,extractDatetimeElementJst
FNF:1
FNH:1
FNDA:10,extractDatetimeElementJst
DA:10,2
DA:12,10
DA:16,10
LF:3
LH:3
BRF:0
BRH:0
end_of_record
TN:
SF:server/utils/format.ts
FN:3,formatDailyLabel
FN:14,formatMonthlyLabel
FN:21,formatDateJst
FNF:3
FNH:3
FNDA:2,formatDailyLabel
FNDA:2,formatMonthlyLabel
FNDA:8,formatDateJst
DA:1,1
DA:3,1
DA:8,2
DA:9,2
DA:10,2
DA:11,2
DA:14,1
DA:15,2
DA:16,2
DA:17,2
DA:21,1
DA:22,8
DA:23,8
DA:24,8
DA:26,8
DA:28,8
LF:16
LH:16
BRDA:26,0,0,8
BRF:1
BRH:1
end_of_record
TN:
SF:utils/format.ts
FN:1,formatNumber
FNF:1
FNH:1
FNDA:8,formatNumber
DA:1,1
DA:2,8
DA:6,8
LF:3
LH:3
BRF:0
BRH:0
end_of_record
